[2023-01-25 20:39:23] dev.INFO:  {"url":"http://mp3quran.de/uploads/mpa/lg/atheer.jpg"} 
[2023-01-25 20:39:24] dev.INFO:  {"url":"http://mp3quran.de/uploads/mpa/lg/ma-la-ysaa-atfal-almslmyn-jhlh-01.jpg"} 
[2023-01-25 20:43:50] dev.INFO:  {"url":"http://mp3quran.de/uploads/mpa/lg/atheer.jpg"} 
[2023-01-25 20:43:50] dev.INFO:  {"url":"http://mp3quran.de/uploads/mpa/lg/ma-la-ysaa-atfal-almslmyn-jhlh-01.jpg"} 
[2023-01-25 20:43:52] dev.INFO:  {"url":"http://mp3quran.de/uploads/mpa/lg/atheer.jpg"} 
[2023-01-25 20:43:52] dev.INFO:  {"url":"http://mp3quran.de/uploads/mpa/lg/ma-la-ysaa-atfal-almslmyn-jhlh-01.jpg"} 
[2023-01-25 20:43:54] dev.INFO:  {"url":"http://mp3quran.de/uploads/mpa/lg/atheer.jpg"} 
[2023-01-25 20:43:54] dev.INFO:  {"url":"http://mp3quran.de/uploads/mpa/lg/ma-la-ysaa-atfal-almslmyn-jhlh-01.jpg"} 
[2023-01-25 20:43:57] dev.INFO: No query results for model [App\Read]. {"url":"http://mp3quran.de/ar/js/DPlayer.min.js.map"} 
[2023-01-25 20:45:11] dev.INFO: Undefined variable $tsora {"url":"http://mp3quran.de/api/v3/tafsir"} 
[2023-01-25 20:45:11] dev.ERROR: Undefined variable $tsora {"exception":"[object] (ErrorException(code: 0): Undefined variable $tsora at C:\\wnmp\
ginx-bins\\default\\www\\mp3quran\\app\\Models\\Tsora.php:34)
[stacktrace]
#0 C:\\wnmp\
ginx-bins\\default\\www\\mp3quran\\app\\Models\\Tsora.php(34): Illuminate\\Foundation\\Bootstrap\\HandleExceptions->handleError(2, 'Undefined varia...', 'C:\\\\wnmp\\\
ginx-b...', 34)
#1 C:\\wnmp\
ginx-bins\\default\\www\\mp3quran\\vendor\\laravel\\framework\\src\\Illuminate\\Collections\\Traits\\EnumeratesValues.php(856): App\\Models\\Tsora->toArray()
#2 [internal function]: Illuminate\\Support\\Collection->Illuminate\\Support\\Traits\\{closure}(Object(App\\Models\\Tsora), 0)
#3 C:\\wnmp\
ginx-bins\\default\\www\\mp3quran\\vendor\\laravel\\framework\\src\\Illuminate\\Collections\\Collection.php(677): array_map(Object(Closure), Array, Array)
#4 C:\\wnmp\
ginx-bins\\default\\www\\mp3quran\\vendor\\laravel\\framework\\src\\Illuminate\\Database\\Eloquent\\Collection.php(348): Illuminate\\Support\\Collection->map(Object(Closure))
#5 C:\\wnmp\
ginx-bins\\default\\www\\mp3quran\\vendor\\laravel\\framework\\src\\Illuminate\\Collections\\Traits\\EnumeratesValues.php(857): Illuminate\\Database\\Eloquent\\Collection->map(Object(Closure))
#6 C:\\wnmp\
ginx-bins\\default\\www\\mp3quran\\app\\Http\\Controllers\\Api3\\TafsirController.php(80): Illuminate\\Support\\Collection->toArray()
#7 C:\\wnmp\
ginx-bins\\default\\www\\mp3quran\\app\\Http\\Controllers\\Api3\\TafsirController.php(40): App\\Http\\Controllers\\Api3\\TafsirController->getTafsir()
#8 C:\\wnmp\
ginx-bins\\default\\www\\mp3quran\\vendor\\laravel\\framework\\src\\Illuminate\\Cache\\Repository.php(426): App\\Http\\Controllers\\Api3\\TafsirController->App\\Http\\Controllers\\Api3\\{closure}()
#9 C:\\wnmp\
ginx-bins\\default\\www\\mp3quran\\vendor\\laravel\\framework\\src\\Illuminate\\Cache\\CacheManager.php(418): Illuminate\\Cache\\Repository->rememberForever('api_v3_tafsir_a...', Object(Closure))
#10 C:\\wnmp\
ginx-bins\\default\\www\\mp3quran\\vendor\\laravel\\framework\\src\\Illuminate\\Support\\Facades\\Facade.php(261): Illuminate\\Cache\\CacheManager->__call('rememberForever', Array)
#11 C:\\wnmp\
ginx-bins\\default\\www\\mp3quran\\app\\Http\\Controllers\\Api3\\TafsirController.php(41): Illuminate\\Support\\Facades\\Facade::__callStatic('rememberForever', Array)
#12 C:\\wnmp\
ginx-bins\\default\\www\\mp3quran\\vendor\\laravel\\framework\\src\\Illuminate\\Routing\\Controller.php(54): App\\Http\\Controllers\\Api3\\TafsirController->tafsir(Object(Illuminate\\Http\\Request))
#13 C:\\wnmp\
ginx-bins\\default\\www\\mp3quran\\vendor\\laravel\\framework\\src\\Illuminate\\Routing\\ControllerDispatcher.php(45): Illuminate\\Routing\\Controller->callAction('tafsir', Array)
#14 C:\\wnmp\
ginx-bins\\default\\www\\mp3quran\\vendor\\laravel\\framework\\src\\Illuminate\\Routing\\Route.php(262): Illuminate\\Routing\\ControllerDispatcher->dispatch(Object(Illuminate\\Routing\\Route), Object(App\\Http\\Controllers\\Api3\\TafsirController), 'tafsir')
#15 C:\\wnmp\
ginx-bins\\default\\www\\mp3quran\\vendor\\laravel\\framework\\src\\Illuminate\\Routing\\Route.php(205): Illuminate\\Routing\\Route->runController()
#16 C:\\wnmp\
ginx-bins\\default\\www\\mp3quran\\vendor\\laravel\\framework\\src\\Illuminate\\Routing\\Router.php(695): Illuminate\\Routing\\Route->run()
#17 C:\\wnmp\
ginx-bins\\default\\www\\mp3quran\\vendor\\laravel\\framework\\src\\Illuminate\\Pipeline\\Pipeline.php(128): Illuminate\\Routing\\Router->Illuminate\\Routing\\{closure}(Object(Illuminate\\Http\\Request))
#18 C:\\wnmp\
ginx-bins\\default\\www\\mp3quran\\app\\Http\\Middleware\\Front.php(21): Illuminate\\Pipeline\\Pipeline->Illuminate\\Pipeline\\{closure}(Object(Illuminate\\Http\\Request))
#19 C:\\wnmp\
ginx-bins\\default\\www\\mp3quran\\vendor\\laravel\\framework\\src\\Illuminate\\Pipeline\\Pipeline.php(167): App\\Http\\Middleware\\Front->handle(Object(Illuminate\\Http\\Request), Object(Closure))
#20 C:\\wnmp\
ginx-bins\\default\\www\\mp3quran\\vendor\\laravel\\framework\\src\\Illuminate\\Routing\\Middleware\\SubstituteBindings.php(50): Illuminate\\Pipeline\\Pipeline->Illuminate\\Pipeline\\{closure}(Object(Illuminate\\Http\\Request))
#21 C:\\wnmp\
ginx-bins\\default\\www\\mp3quran\\vendor\\laravel\\framework\\src\\Illuminate\\Pipeline\\Pipeline.php(167): Illuminate\\Routing\\Middleware\\SubstituteBindings->handle(Object(Illuminate\\Http\\Request), Object(Closure))
#22 C:\\wnmp\
ginx-bins\\default\\www\\mp3quran\\vendor\\laravel\\framework\\src\\Illuminate\\Foundation\\Http\\Middleware\\VerifyCsrfToken.php(78): Illuminate\\Pipeline\\Pipeline->Illuminate\\Pipeline\\{closure}(Object(Illuminate\\Http\\Request))
#23 C:\\wnmp\
ginx-bins\\default\\www\\mp3quran\\vendor\\laravel\\framework\\src\\Illuminate\\Pipeline\\Pipeline.php(167): Illuminate\\Foundation\\Http\\Middleware\\VerifyCsrfToken->handle(Object(Illuminate\\Http\\Request), Object(Closure))
#24 C:\\wnmp\
ginx-bins\\default\\www\\mp3quran\\vendor\\laravel\\framework\\src\\Illuminate\\View\\Middleware\\ShareErrorsFromSession.php(49): Illuminate\\Pipeline\\Pipeline->Illuminate\\Pipeline\\{closure}(Object(Illuminate\\Http\\Request))
#25 C:\\wnmp\
ginx-bins\\default\\www\\mp3quran\\vendor\\laravel\\framework\\src\\Illuminate\\Pipeline\\Pipeline.php(167): Illuminate\\View\\Middleware\\ShareErrorsFromSession->handle(Object(Illuminate\\Http\\Request), Object(Closure))
#26 C:\\wnmp\
ginx-bins\\default\\www\\mp3quran\\vendor\\laravel\\framework\\src\\Illuminate\\Session\\Middleware\\StartSession.php(121): Illuminate\\Pipeline\\Pipeline->Illuminate\\Pipeline\\{closure}(Object(Illuminate\\Http\\Request))
#27 C:\\wnmp\
ginx-bins\\default\\www\\mp3quran\\vendor\\laravel\\framework\\src\\Illuminate\\Session\\Middleware\\StartSession.php(64): Illuminate\\Session\\Middleware\\StartSession->handleStatefulRequest(Object(Illuminate\\Http\\Request), Object(Illuminate\\Session\\Store), Object(Closure))
#28 C:\\wnmp\
ginx-bins\\default\\www\\mp3quran\\vendor\\laravel\\framework\\src\\Illuminate\\Pipeline\\Pipeline.php(167): Illuminate\\Session\\Middleware\\StartSession->handle(Object(Illuminate\\Http\\Request), Object(Closure))
#29 C:\\wnmp\
ginx-bins\\default\\www\\mp3quran\\vendor\\laravel\\framework\\src\\Illuminate\\Cookie\\Middleware\\AddQueuedCookiesToResponse.php(37): Illuminate\\Pipeline\\Pipeline->Illuminate\\Pipeline\\{closure}(Object(Illuminate\\Http\\Request))
#30 C:\\wnmp\
ginx-bins\\default\\www\\mp3quran\\vendor\\laravel\\framework\\src\\Illuminate\\Pipeline\\Pipeline.php(167): Illuminate\\Cookie\\Middleware\\AddQueuedCookiesToResponse->handle(Object(Illuminate\\Http\\Request), Object(Closure))
#31 C:\\wnmp\
ginx-bins\\default\\www\\mp3quran\\vendor\\laravel\\framework\\src\\Illuminate\\Cookie\\Middleware\\EncryptCookies.php(67): Illuminate\\Pipeline\\Pipeline->Illuminate\\Pipeline\\{closure}(Object(Illuminate\\Http\\Request))
#32 C:\\wnmp\
ginx-bins\\default\\www\\mp3quran\\vendor\\laravel\\framework\\src\\Illuminate\\Pipeline\\Pipeline.php(167): Illuminate\\Cookie\\Middleware\\EncryptCookies->handle(Object(Illuminate\\Http\\Request), Object(Closure))
#33 C:\\wnmp\
ginx-bins\\default\\www\\mp3quran\\vendor\\laravel\\framework\\src\\Illuminate\\Pipeline\\Pipeline.php(103): Illuminate\\Pipeline\\Pipeline->Illuminate\\Pipeline\\{closure}(Object(Illuminate\\Http\\Request))
#34 C:\\wnmp\
ginx-bins\\default\\www\\mp3quran\\vendor\\laravel\\framework\\src\\Illuminate\\Routing\\Router.php(697): Illuminate\\Pipeline\\Pipeline->then(Object(Closure))
#35 C:\\wnmp\
ginx-bins\\default\\www\\mp3quran\\vendor\\laravel\\framework\\src\\Illuminate\\Routing\\Router.php(672): Illuminate\\Routing\\Router->runRouteWithinStack(Object(Illuminate\\Routing\\Route), Object(Illuminate\\Http\\Request))
#36 C:\\wnmp\
ginx-bins\\default\\www\\mp3quran\\vendor\\laravel\\framework\\src\\Illuminate\\Routing\\Router.php(636): Illuminate\\Routing\\Router->runRoute(Object(Illuminate\\Http\\Request), Object(Illuminate\\Routing\\Route))
#37 C:\\wnmp\
ginx-bins\\default\\www\\mp3quran\\vendor\\laravel\\framework\\src\\Illuminate\\Routing\\Router.php(625): Illuminate\\Routing\\Router->dispatchToRoute(Object(Illuminate\\Http\\Request))
#38 C:\\wnmp\
ginx-bins\\default\\www\\mp3quran\\vendor\\laravel\\framework\\src\\Illuminate\\Foundation\\Http\\Kernel.php(167): Illuminate\\Routing\\Router->dispatch(Object(Illuminate\\Http\\Request))
#39 C:\\wnmp\
ginx-bins\\default\\www\\mp3quran\\vendor\\laravel\\framework\\src\\Illuminate\\Pipeline\\Pipeline.php(128): Illuminate\\Foundation\\Http\\Kernel->Illuminate\\Foundation\\Http\\{closure}(Object(Illuminate\\Http\\Request))
#40 C:\\wnmp\
ginx-bins\\default\\www\\mp3quran\\vendor\\livewire\\livewire\\src\\DisableBrowserCache.php(19): Illuminate\\Pipeline\\Pipeline->Illuminate\\Pipeline\\{closure}(Object(Illuminate\\Http\\Request))
#41 C:\\wnmp\
ginx-bins\\default\\www\\mp3quran\\vendor\\laravel\\framework\\src\\Illuminate\\Pipeline\\Pipeline.php(167): Livewire\\DisableBrowserCache->handle(Object(Illuminate\\Http\\Request), Object(Closure))
#42 C:\\wnmp\
ginx-bins\\default\\www\\mp3quran\\vendor\\barryvdh\\laravel-debugbar\\src\\Middleware\\InjectDebugbar.php(60): Illuminate\\Pipeline\\Pipeline->Illuminate\\Pipeline\\{closure}(Object(Illuminate\\Http\\Request))
#43 C:\\wnmp\
ginx-bins\\default\\www\\mp3quran\\vendor\\laravel\\framework\\src\\Illuminate\\Pipeline\\Pipeline.php(167): Barryvdh\\Debugbar\\Middleware\\InjectDebugbar->handle(Object(Illuminate\\Http\\Request), Object(Closure))
#44 C:\\wnmp\
ginx-bins\\default\\www\\mp3quran\\vendor\\fideloper\\proxy\\src\\TrustProxies.php(57): Illuminate\\Pipeline\\Pipeline->Illuminate\\Pipeline\\{closure}(Object(Illuminate\\Http\\Request))
#45 C:\\wnmp\
ginx-bins\\default\\www\\mp3quran\\vendor\\laravel\\framework\\src\\Illuminate\\Pipeline\\Pipeline.php(167): Fideloper\\Proxy\\TrustProxies->handle(Object(Illuminate\\Http\\Request), Object(Closure))
#46 C:\\wnmp\
ginx-bins\\default\\www\\mp3quran\\vendor\\laravel\\framework\\src\\Illuminate\\Foundation\\Http\\Middleware\\TransformsRequest.php(21): Illuminate\\Pipeline\\Pipeline->Illuminate\\Pipeline\\{closure}(Object(Illuminate\\Http\\Request))
#47 C:\\wnmp\
ginx-bins\\default\\www\\mp3quran\\vendor\\laravel\\framework\\src\\Illuminate\\Foundation\\Http\\Middleware\\ConvertEmptyStringsToNull.php(31): Illuminate\\Foundation\\Http\\Middleware\\TransformsRequest->handle(Object(Illuminate\\Http\\Request), Object(Closure))
#48 C:\\wnmp\
ginx-bins\\default\\www\\mp3quran\\vendor\\laravel\\framework\\src\\Illuminate\\Pipeline\\Pipeline.php(167): Illuminate\\Foundation\\Http\\Middleware\\ConvertEmptyStringsToNull->handle(Object(Illuminate\\Http\\Request), Object(Closure))
#49 C:\\wnmp\
ginx-bins\\default\\www\\mp3quran\\vendor\\laravel\\framework\\src\\Illuminate\\Foundation\\Http\\Middleware\\TransformsRequest.php(21): Illuminate\\Pipeline\\Pipeline->Illuminate\\Pipeline\\{closure}(Object(Illuminate\\Http\\Request))
#50 C:\\wnmp\
ginx-bins\\default\\www\\mp3quran\\vendor\\laravel\\framework\\src\\Illuminate\\Foundation\\Http\\Middleware\\TrimStrings.php(40): Illuminate\\Foundation\\Http\\Middleware\\TransformsRequest->handle(Object(Illuminate\\Http\\Request), Object(Closure))
#51 C:\\wnmp\
ginx-bins\\default\\www\\mp3quran\\vendor\\laravel\\framework\\src\\Illuminate\\Pipeline\\Pipeline.php(167): Illuminate\\Foundation\\Http\\Middleware\\TrimStrings->handle(Object(Illuminate\\Http\\Request), Object(Closure))
#52 C:\\wnmp\
ginx-bins\\default\\www\\mp3quran\\vendor\\laravel\\framework\\src\\Illuminate\\Foundation\\Http\\Middleware\\ValidatePostSize.php(27): Illuminate\\Pipeline\\Pipeline->Illuminate\\Pipeline\\{closure}(Object(Illuminate\\Http\\Request))
#53 C:\\wnmp\
ginx-bins\\default\\www\\mp3quran\\vendor\\laravel\\framework\\src\\Illuminate\\Pipeline\\Pipeline.php(167): Illuminate\\Foundation\\Http\\Middleware\\ValidatePostSize->handle(Object(Illuminate\\Http\\Request), Object(Closure))
#54 C:\\wnmp\
ginx-bins\\default\\www\\mp3quran\\vendor\\laravel\\framework\\src\\Illuminate\\Foundation\\Http\\Middleware\\PreventRequestsDuringMaintenance.php(86): Illuminate\\Pipeline\\Pipeline->Illuminate\\Pipeline\\{closure}(Object(Illuminate\\Http\\Request))
#55 C:\\wnmp\
ginx-bins\\default\\www\\mp3quran\\vendor\\laravel\\framework\\src\\Illuminate\\Pipeline\\Pipeline.php(167): Illuminate\\Foundation\\Http\\Middleware\\PreventRequestsDuringMaintenance->handle(Object(Illuminate\\Http\\Request), Object(Closure))
#56 C:\\wnmp\
ginx-bins\\default\\www\\mp3quran\\vendor\\laravel\\framework\\src\\Illuminate\\Pipeline\\Pipeline.php(103): Illuminate\\Pipeline\\Pipeline->Illuminate\\Pipeline\\{closure}(Object(Illuminate\\Http\\Request))
#57 C:\\wnmp\
ginx-bins\\default\\www\\mp3quran\\vendor\\laravel\\framework\\src\\Illuminate\\Foundation\\Http\\Kernel.php(142): Illuminate\\Pipeline\\Pipeline->then(Object(Closure))
#58 C:\\wnmp\
ginx-bins\\default\\www\\mp3quran\\vendor\\laravel\\framework\\src\\Illuminate\\Foundation\\Http\\Kernel.php(111): Illuminate\\Foundation\\Http\\Kernel->sendRequestThroughRouter(Object(Illuminate\\Http\\Request))
#59 C:\\wnmp\
ginx-bins\\default\\www\\mp3quran\\public\\index.php(55): Illuminate\\Foundation\\Http\\Kernel->handle(Object(Illuminate\\Http\\Request))
#60 {main}
"} 
[2023-01-25 20:49:05] dev.INFO:  {"url":"http://mp3quran.de/uploads/mpa/lg/atheer.jpg"} 
[2023-01-25 20:49:06] dev.INFO:  {"url":"http://mp3quran.de/uploads/mpa/lg/ma-la-ysaa-atfal-almslmyn-jhlh-01.jpg"} 
[2023-01-25 20:49:07] dev.INFO:  {"url":"http://mp3quran.de/uploads/mpa/lg/atheer.jpg"} 
[2023-01-25 20:49:07] dev.INFO:  {"url":"http://mp3quran.de/uploads/mpa/lg/ma-la-ysaa-atfal-almslmyn-jhlh-01.jpg"} 
