[2023-02-09 09:20:10] dev.INFO:  {"url":"http://mp3quran.de/uploads/mpa/lg/atheer.jpg"} 
[2023-02-09 09:20:12] dev.INFO:  {"url":"http://mp3quran.de/uploads/mpa/lg/ma-la-ysaa-atfal-almslmyn-jhlh-01.jpg"} 
[2023-02-09 09:20:47] dev.INFO:  {"url":"http://mp3quran.de/uploads/mpa/lg/atheer.jpg"} 
[2023-02-09 09:20:48] dev.INFO:  {"url":"http://mp3quran.de/uploads/mpa/lg/ma-la-ysaa-atfal-almslmyn-jhlh-01.jpg"} 
[2023-02-09 09:21:29] dev.INFO:  {"url":"http://mp3quran.de/uploads/mpa/lg/atheer.jpg"} 
[2023-02-09 09:21:29] dev.INFO:  {"url":"http://mp3quran.de/uploads/mpa/lg/ma-la-ysaa-atfal-almslmyn-jhlh-01.jpg"} 
[2023-02-09 09:21:37] dev.INFO:  {"url":"http://mp3quran.de/uploads/mpa/lg/atheer.jpg"} 
[2023-02-09 09:21:43] dev.INFO:  {"url":"http://mp3quran.de/uploads/mpa/lg/ma-la-ysaa-atfal-almslmyn-jhlh-01.jpg"} 
[2023-02-09 09:21:48] dev.INFO:  {"url":"http://mp3quran.de/uploads/mpa/lg/atheer.jpg"} 
[2023-02-09 09:21:50] dev.INFO:  {"url":"http://mp3quran.de/uploads/mpa/lg/atheer.jpg"} 
[2023-02-09 09:21:52] dev.INFO:  {"url":"http://mp3quran.de/uploads/mpa/lg/ma-la-ysaa-atfal-almslmyn-jhlh-01.jpg"} 
[2023-02-09 09:29:31] dev.INFO:  {"url":"http://mp3quran.de/uploads/mpa/lg/atheer.jpg"} 
[2023-02-09 09:29:31] dev.INFO:  {"url":"http://mp3quran.de/uploads/mpa/lg/ma-la-ysaa-atfal-almslmyn-jhlh-01.jpg"} 
[2023-02-09 09:54:59] dev.INFO:  {"url":"http://mp3quran.de/uploads/mpa/lg/atheer.jpg"} 
[2023-02-09 09:54:59] dev.INFO:  {"url":"http://mp3quran.de/uploads/mpa/lg/ma-la-ysaa-atfal-almslmyn-jhlh-01.jpg"} 
[2023-02-09 15:56:06] dev.INFO:  {"url":"http://mp3quran.de/uploads/mpa/lg/atheer.jpg"} 
[2023-02-09 15:56:06] dev.INFO:  {"url":"http://mp3quran.de/uploads/mpa/lg/ma-la-ysaa-atfal-almslmyn-jhlh-01.jpg"} 
[2023-02-09 15:59:40] dev.INFO: No query results for model [App\Read]. {"url":"http://mp3quran.de/ar/plugins/icomoon2/styles.css"} 
[2023-02-09 15:59:43] dev.INFO:  {"url":"http://mp3quran.de/uploads/mpa/lg/atheer.jpg"} 
[2023-02-09 15:59:43] dev.INFO:  {"url":"http://mp3quran.de/uploads/mpa/lg/ma-la-ysaa-atfal-almslmyn-jhlh-01.jpg"} 
[2023-02-09 16:00:09] dev.INFO: Target class [App\Http\Controllers\Api3\TadaborController] does not exist. {"url":"http://mp3quran.de/api/v3/tadabor"} 
[2023-02-09 16:00:09] dev.ERROR: Target class [App\Http\Controllers\Api3\TadaborController] does not exist. {"exception":"[object] (Illuminate\\Contracts\\Container\\BindingResolutionException(code: 0): Target class [App\\Http\\Controllers\\Api3\\TadaborController] does not exist. at C:\\wnmp\
ginx-bins\\default\\www\\mp3quran\\vendor\\laravel\\framework\\src\\Illuminate\\Container\\Container.php:879)
[stacktrace]
#0 C:\\wnmp\
ginx-bins\\default\\www\\mp3quran\\vendor\\laravel\\framework\\src\\Illuminate\\Container\\Container.php(758): Illuminate\\Container\\Container->build('App\\\\Http\\\\Contro...')
#1 C:\\wnmp\
ginx-bins\\default\\www\\mp3quran\\vendor\\laravel\\framework\\src\\Illuminate\\Foundation\\Application.php(851): Illuminate\\Container\\Container->resolve('App\\\\Http\\\\Contro...', Array, true)
#2 C:\\wnmp\
ginx-bins\\default\\www\\mp3quran\\vendor\\laravel\\framework\\src\\Illuminate\\Container\\Container.php(694): Illuminate\\Foundation\\Application->resolve('App\\\\Http\\\\Contro...', Array)
#3 C:\\wnmp\
ginx-bins\\default\\www\\mp3quran\\vendor\\laravel\\framework\\src\\Illuminate\\Foundation\\Application.php(836): Illuminate\\Container\\Container->make('App\\\\Http\\\\Contro...', Array)
#4 C:\\wnmp\
ginx-bins\\default\\www\\mp3quran\\vendor\\laravel\\framework\\src\\Illuminate\\Routing\\Route.php(276): Illuminate\\Foundation\\Application->make('App\\\\Http\\\\Contro...')
#5 C:\\wnmp\
ginx-bins\\default\\www\\mp3quran\\vendor\\laravel\\framework\\src\\Illuminate\\Routing\\Route.php(1069): Illuminate\\Routing\\Route->getController()
#6 C:\\wnmp\
ginx-bins\\default\\www\\mp3quran\\vendor\\laravel\\framework\\src\\Illuminate\\Routing\\Route.php(1012): Illuminate\\Routing\\Route->controllerMiddleware()
#7 C:\\wnmp\
ginx-bins\\default\\www\\mp3quran\\vendor\\laravel\\framework\\src\\Illuminate\\Routing\\Router.php(708): Illuminate\\Routing\\Route->gatherMiddleware()
#8 C:\\wnmp\
ginx-bins\\default\\www\\mp3quran\\vendor\\laravel\\framework\\src\\Illuminate\\Routing\\Router.php(688): Illuminate\\Routing\\Router->gatherRouteMiddleware(Object(Illuminate\\Routing\\Route))
#9 C:\\wnmp\
ginx-bins\\default\\www\\mp3quran\\vendor\\laravel\\framework\\src\\Illuminate\\Routing\\Router.php(672): Illuminate\\Routing\\Router->runRouteWithinStack(Object(Illuminate\\Routing\\Route), Object(Illuminate\\Http\\Request))
#10 C:\\wnmp\
ginx-bins\\default\\www\\mp3quran\\vendor\\laravel\\framework\\src\\Illuminate\\Routing\\Router.php(636): Illuminate\\Routing\\Router->runRoute(Object(Illuminate\\Http\\Request), Object(Illuminate\\Routing\\Route))
#11 C:\\wnmp\
ginx-bins\\default\\www\\mp3quran\\vendor\\laravel\\framework\\src\\Illuminate\\Routing\\Router.php(625): Illuminate\\Routing\\Router->dispatchToRoute(Object(Illuminate\\Http\\Request))
#12 C:\\wnmp\
ginx-bins\\default\\www\\mp3quran\\vendor\\laravel\\framework\\src\\Illuminate\\Foundation\\Http\\Kernel.php(167): Illuminate\\Routing\\Router->dispatch(Object(Illuminate\\Http\\Request))
#13 C:\\wnmp\
ginx-bins\\default\\www\\mp3quran\\vendor\\laravel\\framework\\src\\Illuminate\\Pipeline\\Pipeline.php(128): Illuminate\\Foundation\\Http\\Kernel->Illuminate\\Foundation\\Http\\{closure}(Object(Illuminate\\Http\\Request))
#14 C:\\wnmp\
ginx-bins\\default\\www\\mp3quran\\vendor\\livewire\\livewire\\src\\DisableBrowserCache.php(19): Illuminate\\Pipeline\\Pipeline->Illuminate\\Pipeline\\{closure}(Object(Illuminate\\Http\\Request))
#15 C:\\wnmp\
ginx-bins\\default\\www\\mp3quran\\vendor\\laravel\\framework\\src\\Illuminate\\Pipeline\\Pipeline.php(167): Livewire\\DisableBrowserCache->handle(Object(Illuminate\\Http\\Request), Object(Closure))
#16 C:\\wnmp\
ginx-bins\\default\\www\\mp3quran\\vendor\\barryvdh\\laravel-debugbar\\src\\Middleware\\InjectDebugbar.php(60): Illuminate\\Pipeline\\Pipeline->Illuminate\\Pipeline\\{closure}(Object(Illuminate\\Http\\Request))
#17 C:\\wnmp\
ginx-bins\\default\\www\\mp3quran\\vendor\\laravel\\framework\\src\\Illuminate\\Pipeline\\Pipeline.php(167): Barryvdh\\Debugbar\\Middleware\\InjectDebugbar->handle(Object(Illuminate\\Http\\Request), Object(Closure))
#18 C:\\wnmp\
ginx-bins\\default\\www\\mp3quran\\vendor\\fideloper\\proxy\\src\\TrustProxies.php(57): Illuminate\\Pipeline\\Pipeline->Illuminate\\Pipeline\\{closure}(Object(Illuminate\\Http\\Request))
#19 C:\\wnmp\
ginx-bins\\default\\www\\mp3quran\\vendor\\laravel\\framework\\src\\Illuminate\\Pipeline\\Pipeline.php(167): Fideloper\\Proxy\\TrustProxies->handle(Object(Illuminate\\Http\\Request), Object(Closure))
#20 C:\\wnmp\
ginx-bins\\default\\www\\mp3quran\\vendor\\laravel\\framework\\src\\Illuminate\\Foundation\\Http\\Middleware\\TransformsRequest.php(21): Illuminate\\Pipeline\\Pipeline->Illuminate\\Pipeline\\{closure}(Object(Illuminate\\Http\\Request))
#21 C:\\wnmp\
ginx-bins\\default\\www\\mp3quran\\vendor\\laravel\\framework\\src\\Illuminate\\Foundation\\Http\\Middleware\\ConvertEmptyStringsToNull.php(31): Illuminate\\Foundation\\Http\\Middleware\\TransformsRequest->handle(Object(Illuminate\\Http\\Request), Object(Closure))
#22 C:\\wnmp\
ginx-bins\\default\\www\\mp3quran\\vendor\\laravel\\framework\\src\\Illuminate\\Pipeline\\Pipeline.php(167): Illuminate\\Foundation\\Http\\Middleware\\ConvertEmptyStringsToNull->handle(Object(Illuminate\\Http\\Request), Object(Closure))
#23 C:\\wnmp\
ginx-bins\\default\\www\\mp3quran\\vendor\\laravel\\framework\\src\\Illuminate\\Foundation\\Http\\Middleware\\TransformsRequest.php(21): Illuminate\\Pipeline\\Pipeline->Illuminate\\Pipeline\\{closure}(Object(Illuminate\\Http\\Request))
#24 C:\\wnmp\
ginx-bins\\default\\www\\mp3quran\\vendor\\laravel\\framework\\src\\Illuminate\\Foundation\\Http\\Middleware\\TrimStrings.php(40): Illuminate\\Foundation\\Http\\Middleware\\TransformsRequest->handle(Object(Illuminate\\Http\\Request), Object(Closure))
#25 C:\\wnmp\
ginx-bins\\default\\www\\mp3quran\\vendor\\laravel\\framework\\src\\Illuminate\\Pipeline\\Pipeline.php(167): Illuminate\\Foundation\\Http\\Middleware\\TrimStrings->handle(Object(Illuminate\\Http\\Request), Object(Closure))
#26 C:\\wnmp\
ginx-bins\\default\\www\\mp3quran\\vendor\\laravel\\framework\\src\\Illuminate\\Foundation\\Http\\Middleware\\ValidatePostSize.php(27): Illuminate\\Pipeline\\Pipeline->Illuminate\\Pipeline\\{closure}(Object(Illuminate\\Http\\Request))
#27 C:\\wnmp\
ginx-bins\\default\\www\\mp3quran\\vendor\\laravel\\framework\\src\\Illuminate\\Pipeline\\Pipeline.php(167): Illuminate\\Foundation\\Http\\Middleware\\ValidatePostSize->handle(Object(Illuminate\\Http\\Request), Object(Closure))
#28 C:\\wnmp\
ginx-bins\\default\\www\\mp3quran\\vendor\\laravel\\framework\\src\\Illuminate\\Foundation\\Http\\Middleware\\PreventRequestsDuringMaintenance.php(86): Illuminate\\Pipeline\\Pipeline->Illuminate\\Pipeline\\{closure}(Object(Illuminate\\Http\\Request))
#29 C:\\wnmp\
ginx-bins\\default\\www\\mp3quran\\vendor\\laravel\\framework\\src\\Illuminate\\Pipeline\\Pipeline.php(167): Illuminate\\Foundation\\Http\\Middleware\\PreventRequestsDuringMaintenance->handle(Object(Illuminate\\Http\\Request), Object(Closure))
#30 C:\\wnmp\
ginx-bins\\default\\www\\mp3quran\\vendor\\laravel\\framework\\src\\Illuminate\\Pipeline\\Pipeline.php(103): Illuminate\\Pipeline\\Pipeline->Illuminate\\Pipeline\\{closure}(Object(Illuminate\\Http\\Request))
#31 C:\\wnmp\
ginx-bins\\default\\www\\mp3quran\\vendor\\laravel\\framework\\src\\Illuminate\\Foundation\\Http\\Kernel.php(142): Illuminate\\Pipeline\\Pipeline->then(Object(Closure))
#32 C:\\wnmp\
ginx-bins\\default\\www\\mp3quran\\vendor\\laravel\\framework\\src\\Illuminate\\Foundation\\Http\\Kernel.php(111): Illuminate\\Foundation\\Http\\Kernel->sendRequestThroughRouter(Object(Illuminate\\Http\\Request))
#33 C:\\wnmp\
ginx-bins\\default\\www\\mp3quran\\public\\index.php(55): Illuminate\\Foundation\\Http\\Kernel->handle(Object(Illuminate\\Http\\Request))
#34 {main}

[previous exception] [object] (ReflectionException(code: -1): Class \"App\\Http\\Controllers\\Api3\\TadaborController\" does not exist at C:\\wnmp\
ginx-bins\\default\\www\\mp3quran\\vendor\\laravel\\framework\\src\\Illuminate\\Container\\Container.php:877)
[stacktrace]
#0 C:\\wnmp\
ginx-bins\\default\\www\\mp3quran\\vendor\\laravel\\framework\\src\\Illuminate\\Container\\Container.php(877): ReflectionClass->__construct('App\\\\Http\\\\Contro...')
#1 C:\\wnmp\
ginx-bins\\default\\www\\mp3quran\\vendor\\laravel\\framework\\src\\Illuminate\\Container\\Container.php(758): Illuminate\\Container\\Container->build('App\\\\Http\\\\Contro...')
#2 C:\\wnmp\
ginx-bins\\default\\www\\mp3quran\\vendor\\laravel\\framework\\src\\Illuminate\\Foundation\\Application.php(851): Illuminate\\Container\\Container->resolve('App\\\\Http\\\\Contro...', Array, true)
#3 C:\\wnmp\
ginx-bins\\default\\www\\mp3quran\\vendor\\laravel\\framework\\src\\Illuminate\\Container\\Container.php(694): Illuminate\\Foundation\\Application->resolve('App\\\\Http\\\\Contro...', Array)
#4 C:\\wnmp\
ginx-bins\\default\\www\\mp3quran\\vendor\\laravel\\framework\\src\\Illuminate\\Foundation\\Application.php(836): Illuminate\\Container\\Container->make('App\\\\Http\\\\Contro...', Array)
#5 C:\\wnmp\
ginx-bins\\default\\www\\mp3quran\\vendor\\laravel\\framework\\src\\Illuminate\\Routing\\Route.php(276): Illuminate\\Foundation\\Application->make('App\\\\Http\\\\Contro...')
#6 C:\\wnmp\
ginx-bins\\default\\www\\mp3quran\\vendor\\laravel\\framework\\src\\Illuminate\\Routing\\Route.php(1069): Illuminate\\Routing\\Route->getController()
#7 C:\\wnmp\
ginx-bins\\default\\www\\mp3quran\\vendor\\laravel\\framework\\src\\Illuminate\\Routing\\Route.php(1012): Illuminate\\Routing\\Route->controllerMiddleware()
#8 C:\\wnmp\
ginx-bins\\default\\www\\mp3quran\\vendor\\laravel\\framework\\src\\Illuminate\\Routing\\Router.php(708): Illuminate\\Routing\\Route->gatherMiddleware()
#9 C:\\wnmp\
ginx-bins\\default\\www\\mp3quran\\vendor\\laravel\\framework\\src\\Illuminate\\Routing\\Router.php(688): Illuminate\\Routing\\Router->gatherRouteMiddleware(Object(Illuminate\\Routing\\Route))
#10 C:\\wnmp\
ginx-bins\\default\\www\\mp3quran\\vendor\\laravel\\framework\\src\\Illuminate\\Routing\\Router.php(672): Illuminate\\Routing\\Router->runRouteWithinStack(Object(Illuminate\\Routing\\Route), Object(Illuminate\\Http\\Request))
#11 C:\\wnmp\
ginx-bins\\default\\www\\mp3quran\\vendor\\laravel\\framework\\src\\Illuminate\\Routing\\Router.php(636): Illuminate\\Routing\\Router->runRoute(Object(Illuminate\\Http\\Request), Object(Illuminate\\Routing\\Route))
#12 C:\\wnmp\
ginx-bins\\default\\www\\mp3quran\\vendor\\laravel\\framework\\src\\Illuminate\\Routing\\Router.php(625): Illuminate\\Routing\\Router->dispatchToRoute(Object(Illuminate\\Http\\Request))
#13 C:\\wnmp\
ginx-bins\\default\\www\\mp3quran\\vendor\\laravel\\framework\\src\\Illuminate\\Foundation\\Http\\Kernel.php(167): Illuminate\\Routing\\Router->dispatch(Object(Illuminate\\Http\\Request))
#14 C:\\wnmp\
ginx-bins\\default\\www\\mp3quran\\vendor\\laravel\\framework\\src\\Illuminate\\Pipeline\\Pipeline.php(128): Illuminate\\Foundation\\Http\\Kernel->Illuminate\\Foundation\\Http\\{closure}(Object(Illuminate\\Http\\Request))
#15 C:\\wnmp\
ginx-bins\\default\\www\\mp3quran\\vendor\\livewire\\livewire\\src\\DisableBrowserCache.php(19): Illuminate\\Pipeline\\Pipeline->Illuminate\\Pipeline\\{closure}(Object(Illuminate\\Http\\Request))
#16 C:\\wnmp\
ginx-bins\\default\\www\\mp3quran\\vendor\\laravel\\framework\\src\\Illuminate\\Pipeline\\Pipeline.php(167): Livewire\\DisableBrowserCache->handle(Object(Illuminate\\Http\\Request), Object(Closure))
#17 C:\\wnmp\
ginx-bins\\default\\www\\mp3quran\\vendor\\barryvdh\\laravel-debugbar\\src\\Middleware\\InjectDebugbar.php(60): Illuminate\\Pipeline\\Pipeline->Illuminate\\Pipeline\\{closure}(Object(Illuminate\\Http\\Request))
#18 C:\\wnmp\
ginx-bins\\default\\www\\mp3quran\\vendor\\laravel\\framework\\src\\Illuminate\\Pipeline\\Pipeline.php(167): Barryvdh\\Debugbar\\Middleware\\InjectDebugbar->handle(Object(Illuminate\\Http\\Request), Object(Closure))
#19 C:\\wnmp\
ginx-bins\\default\\www\\mp3quran\\vendor\\fideloper\\proxy\\src\\TrustProxies.php(57): Illuminate\\Pipeline\\Pipeline->Illuminate\\Pipeline\\{closure}(Object(Illuminate\\Http\\Request))
#20 C:\\wnmp\
ginx-bins\\default\\www\\mp3quran\\vendor\\laravel\\framework\\src\\Illuminate\\Pipeline\\Pipeline.php(167): Fideloper\\Proxy\\TrustProxies->handle(Object(Illuminate\\Http\\Request), Object(Closure))
#21 C:\\wnmp\
ginx-bins\\default\\www\\mp3quran\\vendor\\laravel\\framework\\src\\Illuminate\\Foundation\\Http\\Middleware\\TransformsRequest.php(21): Illuminate\\Pipeline\\Pipeline->Illuminate\\Pipeline\\{closure}(Object(Illuminate\\Http\\Request))
#22 C:\\wnmp\
ginx-bins\\default\\www\\mp3quran\\vendor\\laravel\\framework\\src\\Illuminate\\Foundation\\Http\\Middleware\\ConvertEmptyStringsToNull.php(31): Illuminate\\Foundation\\Http\\Middleware\\TransformsRequest->handle(Object(Illuminate\\Http\\Request), Object(Closure))
#23 C:\\wnmp\
ginx-bins\\default\\www\\mp3quran\\vendor\\laravel\\framework\\src\\Illuminate\\Pipeline\\Pipeline.php(167): Illuminate\\Foundation\\Http\\Middleware\\ConvertEmptyStringsToNull->handle(Object(Illuminate\\Http\\Request), Object(Closure))
#24 C:\\wnmp\
ginx-bins\\default\\www\\mp3quran\\vendor\\laravel\\framework\\src\\Illuminate\\Foundation\\Http\\Middleware\\TransformsRequest.php(21): Illuminate\\Pipeline\\Pipeline->Illuminate\\Pipeline\\{closure}(Object(Illuminate\\Http\\Request))
#25 C:\\wnmp\
ginx-bins\\default\\www\\mp3quran\\vendor\\laravel\\framework\\src\\Illuminate\\Foundation\\Http\\Middleware\\TrimStrings.php(40): Illuminate\\Foundation\\Http\\Middleware\\TransformsRequest->handle(Object(Illuminate\\Http\\Request), Object(Closure))
#26 C:\\wnmp\
ginx-bins\\default\\www\\mp3quran\\vendor\\laravel\\framework\\src\\Illuminate\\Pipeline\\Pipeline.php(167): Illuminate\\Foundation\\Http\\Middleware\\TrimStrings->handle(Object(Illuminate\\Http\\Request), Object(Closure))
#27 C:\\wnmp\
ginx-bins\\default\\www\\mp3quran\\vendor\\laravel\\framework\\src\\Illuminate\\Foundation\\Http\\Middleware\\ValidatePostSize.php(27): Illuminate\\Pipeline\\Pipeline->Illuminate\\Pipeline\\{closure}(Object(Illuminate\\Http\\Request))
#28 C:\\wnmp\
ginx-bins\\default\\www\\mp3quran\\vendor\\laravel\\framework\\src\\Illuminate\\Pipeline\\Pipeline.php(167): Illuminate\\Foundation\\Http\\Middleware\\ValidatePostSize->handle(Object(Illuminate\\Http\\Request), Object(Closure))
#29 C:\\wnmp\
ginx-bins\\default\\www\\mp3quran\\vendor\\laravel\\framework\\src\\Illuminate\\Foundation\\Http\\Middleware\\PreventRequestsDuringMaintenance.php(86): Illuminate\\Pipeline\\Pipeline->Illuminate\\Pipeline\\{closure}(Object(Illuminate\\Http\\Request))
#30 C:\\wnmp\
ginx-bins\\default\\www\\mp3quran\\vendor\\laravel\\framework\\src\\Illuminate\\Pipeline\\Pipeline.php(167): Illuminate\\Foundation\\Http\\Middleware\\PreventRequestsDuringMaintenance->handle(Object(Illuminate\\Http\\Request), Object(Closure))
#31 C:\\wnmp\
ginx-bins\\default\\www\\mp3quran\\vendor\\laravel\\framework\\src\\Illuminate\\Pipeline\\Pipeline.php(103): Illuminate\\Pipeline\\Pipeline->Illuminate\\Pipeline\\{closure}(Object(Illuminate\\Http\\Request))
#32 C:\\wnmp\
ginx-bins\\default\\www\\mp3quran\\vendor\\laravel\\framework\\src\\Illuminate\\Foundation\\Http\\Kernel.php(142): Illuminate\\Pipeline\\Pipeline->then(Object(Closure))
#33 C:\\wnmp\
ginx-bins\\default\\www\\mp3quran\\vendor\\laravel\\framework\\src\\Illuminate\\Foundation\\Http\\Kernel.php(111): Illuminate\\Foundation\\Http\\Kernel->sendRequestThroughRouter(Object(Illuminate\\Http\\Request))
#34 C:\\wnmp\
ginx-bins\\default\\www\\mp3quran\\public\\index.php(55): Illuminate\\Foundation\\Http\\Kernel->handle(Object(Illuminate\\Http\\Request))
#35 {main}
"} 
[2023-02-09 16:01:10] dev.INFO: Cannot redeclare App\Http\Controllers\Api3\TadaborController::gettadabor() {"url":"http://mp3quran.de/api/v3/tadabor"} 
[2023-02-09 16:01:10] dev.ERROR: Cannot redeclare App\Http\Controllers\Api3\TadaborController::gettadabor() {"exception":"[object] (Symfony\\Component\\ErrorHandler\\Error\\FatalError(code: 0): Cannot redeclare App\\Http\\Controllers\\Api3\\TadaborController::gettadabor() at C:\\wnmp\
ginx-bins\\default\\www\\mp3quran\\app\\Http\\Controllers\\Api3\\TadaborController.php:66)
[stacktrace]
#0 {main}
"} 
[2023-02-09 16:01:38] dev.INFO: Undefined property: App\Http\Controllers\Api3\TadaborController::$tadabor {"url":"http://mp3quran.de/api/v3/tadabor"} 
[2023-02-09 16:01:38] dev.ERROR: Undefined property: App\Http\Controllers\Api3\TadaborController::$tadabor {"exception":"[object] (ErrorException(code: 0): Undefined property: App\\Http\\Controllers\\Api3\\TadaborController::$tadabor at C:\\wnmp\
ginx-bins\\default\\www\\mp3quran\\app\\Http\\Controllers\\Api3\\TadaborController.php:69)
[stacktrace]
#0 C:\\wnmp\
ginx-bins\\default\\www\\mp3quran\\app\\Http\\Controllers\\Api3\\TadaborController.php(69): Illuminate\\Foundation\\Bootstrap\\HandleExceptions->handleError(2, 'Undefined prope...', 'C:\\\\wnmp\\\
ginx-b...', 69)
#1 C:\\wnmp\
ginx-bins\\default\\www\\mp3quran\\app\\Http\\Controllers\\Api3\\TadaborController.php(40): App\\Http\\Controllers\\Api3\\TadaborController->gettadabor()
#2 C:\\wnmp\
ginx-bins\\default\\www\\mp3quran\\vendor\\laravel\\framework\\src\\Illuminate\\Cache\\Repository.php(426): App\\Http\\Controllers\\Api3\\TadaborController->App\\Http\\Controllers\\Api3\\{closure}()
#3 C:\\wnmp\
ginx-bins\\default\\www\\mp3quran\\vendor\\laravel\\framework\\src\\Illuminate\\Cache\\CacheManager.php(418): Illuminate\\Cache\\Repository->rememberForever('api_v3_tadabor_...', Object(Closure))
#4 C:\\wnmp\
ginx-bins\\default\\www\\mp3quran\\vendor\\laravel\\framework\\src\\Illuminate\\Support\\Facades\\Facade.php(261): Illuminate\\Cache\\CacheManager->__call('rememberForever', Array)
#5 C:\\wnmp\
ginx-bins\\default\\www\\mp3quran\\app\\Http\\Controllers\\Api3\\TadaborController.php(41): Illuminate\\Support\\Facades\\Facade::__callStatic('rememberForever', Array)
#6 C:\\wnmp\
ginx-bins\\default\\www\\mp3quran\\vendor\\laravel\\framework\\src\\Illuminate\\Routing\\Controller.php(54): App\\Http\\Controllers\\Api3\\TadaborController->tadabor(Object(Illuminate\\Http\\Request))
#7 C:\\wnmp\
ginx-bins\\default\\www\\mp3quran\\vendor\\laravel\\framework\\src\\Illuminate\\Routing\\ControllerDispatcher.php(45): Illuminate\\Routing\\Controller->callAction('tadabor', Array)
#8 C:\\wnmp\
ginx-bins\\default\\www\\mp3quran\\vendor\\laravel\\framework\\src\\Illuminate\\Routing\\Route.php(262): Illuminate\\Routing\\ControllerDispatcher->dispatch(Object(Illuminate\\Routing\\Route), Object(App\\Http\\Controllers\\Api3\\TadaborController), 'tadabor')
#9 C:\\wnmp\
ginx-bins\\default\\www\\mp3quran\\vendor\\laravel\\framework\\src\\Illuminate\\Routing\\Route.php(205): Illuminate\\Routing\\Route->runController()
#10 C:\\wnmp\
ginx-bins\\default\\www\\mp3quran\\vendor\\laravel\\framework\\src\\Illuminate\\Routing\\Router.php(695): Illuminate\\Routing\\Route->run()
#11 C:\\wnmp\
ginx-bins\\default\\www\\mp3quran\\vendor\\laravel\\framework\\src\\Illuminate\\Pipeline\\Pipeline.php(128): Illuminate\\Routing\\Router->Illuminate\\Routing\\{closure}(Object(Illuminate\\Http\\Request))
#12 C:\\wnmp\
ginx-bins\\default\\www\\mp3quran\\app\\Http\\Middleware\\Front.php(21): Illuminate\\Pipeline\\Pipeline->Illuminate\\Pipeline\\{closure}(Object(Illuminate\\Http\\Request))
#13 C:\\wnmp\
ginx-bins\\default\\www\\mp3quran\\vendor\\laravel\\framework\\src\\Illuminate\\Pipeline\\Pipeline.php(167): App\\Http\\Middleware\\Front->handle(Object(Illuminate\\Http\\Request), Object(Closure))
#14 C:\\wnmp\
ginx-bins\\default\\www\\mp3quran\\vendor\\laravel\\framework\\src\\Illuminate\\Routing\\Middleware\\SubstituteBindings.php(50): Illuminate\\Pipeline\\Pipeline->Illuminate\\Pipeline\\{closure}(Object(Illuminate\\Http\\Request))
#15 C:\\wnmp\
ginx-bins\\default\\www\\mp3quran\\vendor\\laravel\\framework\\src\\Illuminate\\Pipeline\\Pipeline.php(167): Illuminate\\Routing\\Middleware\\SubstituteBindings->handle(Object(Illuminate\\Http\\Request), Object(Closure))
#16 C:\\wnmp\
ginx-bins\\default\\www\\mp3quran\\vendor\\laravel\\framework\\src\\Illuminate\\Foundation\\Http\\Middleware\\VerifyCsrfToken.php(78): Illuminate\\Pipeline\\Pipeline->Illuminate\\Pipeline\\{closure}(Object(Illuminate\\Http\\Request))
#17 C:\\wnmp\
ginx-bins\\default\\www\\mp3quran\\vendor\\laravel\\framework\\src\\Illuminate\\Pipeline\\Pipeline.php(167): Illuminate\\Foundation\\Http\\Middleware\\VerifyCsrfToken->handle(Object(Illuminate\\Http\\Request), Object(Closure))
#18 C:\\wnmp\
ginx-bins\\default\\www\\mp3quran\\vendor\\laravel\\framework\\src\\Illuminate\\View\\Middleware\\ShareErrorsFromSession.php(49): Illuminate\\Pipeline\\Pipeline->Illuminate\\Pipeline\\{closure}(Object(Illuminate\\Http\\Request))
#19 C:\\wnmp\
ginx-bins\\default\\www\\mp3quran\\vendor\\laravel\\framework\\src\\Illuminate\\Pipeline\\Pipeline.php(167): Illuminate\\View\\Middleware\\ShareErrorsFromSession->handle(Object(Illuminate\\Http\\Request), Object(Closure))
#20 C:\\wnmp\
ginx-bins\\default\\www\\mp3quran\\vendor\\laravel\\framework\\src\\Illuminate\\Session\\Middleware\\StartSession.php(121): Illuminate\\Pipeline\\Pipeline->Illuminate\\Pipeline\\{closure}(Object(Illuminate\\Http\\Request))
#21 C:\\wnmp\
ginx-bins\\default\\www\\mp3quran\\vendor\\laravel\\framework\\src\\Illuminate\\Session\\Middleware\\StartSession.php(64): Illuminate\\Session\\Middleware\\StartSession->handleStatefulRequest(Object(Illuminate\\Http\\Request), Object(Illuminate\\Session\\Store), Object(Closure))
#22 C:\\wnmp\
ginx-bins\\default\\www\\mp3quran\\vendor\\laravel\\framework\\src\\Illuminate\\Pipeline\\Pipeline.php(167): Illuminate\\Session\\Middleware\\StartSession->handle(Object(Illuminate\\Http\\Request), Object(Closure))
#23 C:\\wnmp\
ginx-bins\\default\\www\\mp3quran\\vendor\\laravel\\framework\\src\\Illuminate\\Cookie\\Middleware\\AddQueuedCookiesToResponse.php(37): Illuminate\\Pipeline\\Pipeline->Illuminate\\Pipeline\\{closure}(Object(Illuminate\\Http\\Request))
#24 C:\\wnmp\
ginx-bins\\default\\www\\mp3quran\\vendor\\laravel\\framework\\src\\Illuminate\\Pipeline\\Pipeline.php(167): Illuminate\\Cookie\\Middleware\\AddQueuedCookiesToResponse->handle(Object(Illuminate\\Http\\Request), Object(Closure))
#25 C:\\wnmp\
ginx-bins\\default\\www\\mp3quran\\vendor\\laravel\\framework\\src\\Illuminate\\Cookie\\Middleware\\EncryptCookies.php(67): Illuminate\\Pipeline\\Pipeline->Illuminate\\Pipeline\\{closure}(Object(Illuminate\\Http\\Request))
#26 C:\\wnmp\
ginx-bins\\default\\www\\mp3quran\\vendor\\laravel\\framework\\src\\Illuminate\\Pipeline\\Pipeline.php(167): Illuminate\\Cookie\\Middleware\\EncryptCookies->handle(Object(Illuminate\\Http\\Request), Object(Closure))
#27 C:\\wnmp\
ginx-bins\\default\\www\\mp3quran\\vendor\\laravel\\framework\\src\\Illuminate\\Pipeline\\Pipeline.php(103): Illuminate\\Pipeline\\Pipeline->Illuminate\\Pipeline\\{closure}(Object(Illuminate\\Http\\Request))
#28 C:\\wnmp\
ginx-bins\\default\\www\\mp3quran\\vendor\\laravel\\framework\\src\\Illuminate\\Routing\\Router.php(697): Illuminate\\Pipeline\\Pipeline->then(Object(Closure))
#29 C:\\wnmp\
ginx-bins\\default\\www\\mp3quran\\vendor\\laravel\\framework\\src\\Illuminate\\Routing\\Router.php(672): Illuminate\\Routing\\Router->runRouteWithinStack(Object(Illuminate\\Routing\\Route), Object(Illuminate\\Http\\Request))
#30 C:\\wnmp\
ginx-bins\\default\\www\\mp3quran\\vendor\\laravel\\framework\\src\\Illuminate\\Routing\\Router.php(636): Illuminate\\Routing\\Router->runRoute(Object(Illuminate\\Http\\Request), Object(Illuminate\\Routing\\Route))
#31 C:\\wnmp\
ginx-bins\\default\\www\\mp3quran\\vendor\\laravel\\framework\\src\\Illuminate\\Routing\\Router.php(625): Illuminate\\Routing\\Router->dispatchToRoute(Object(Illuminate\\Http\\Request))
#32 C:\\wnmp\
ginx-bins\\default\\www\\mp3quran\\vendor\\laravel\\framework\\src\\Illuminate\\Foundation\\Http\\Kernel.php(167): Illuminate\\Routing\\Router->dispatch(Object(Illuminate\\Http\\Request))
#33 C:\\wnmp\
ginx-bins\\default\\www\\mp3quran\\vendor\\laravel\\framework\\src\\Illuminate\\Pipeline\\Pipeline.php(128): Illuminate\\Foundation\\Http\\Kernel->Illuminate\\Foundation\\Http\\{closure}(Object(Illuminate\\Http\\Request))
#34 C:\\wnmp\
ginx-bins\\default\\www\\mp3quran\\vendor\\livewire\\livewire\\src\\DisableBrowserCache.php(19): Illuminate\\Pipeline\\Pipeline->Illuminate\\Pipeline\\{closure}(Object(Illuminate\\Http\\Request))
#35 C:\\wnmp\
ginx-bins\\default\\www\\mp3quran\\vendor\\laravel\\framework\\src\\Illuminate\\Pipeline\\Pipeline.php(167): Livewire\\DisableBrowserCache->handle(Object(Illuminate\\Http\\Request), Object(Closure))
#36 C:\\wnmp\
ginx-bins\\default\\www\\mp3quran\\vendor\\barryvdh\\laravel-debugbar\\src\\Middleware\\InjectDebugbar.php(60): Illuminate\\Pipeline\\Pipeline->Illuminate\\Pipeline\\{closure}(Object(Illuminate\\Http\\Request))
#37 C:\\wnmp\
ginx-bins\\default\\www\\mp3quran\\vendor\\laravel\\framework\\src\\Illuminate\\Pipeline\\Pipeline.php(167): Barryvdh\\Debugbar\\Middleware\\InjectDebugbar->handle(Object(Illuminate\\Http\\Request), Object(Closure))
#38 C:\\wnmp\
ginx-bins\\default\\www\\mp3quran\\vendor\\fideloper\\proxy\\src\\TrustProxies.php(57): Illuminate\\Pipeline\\Pipeline->Illuminate\\Pipeline\\{closure}(Object(Illuminate\\Http\\Request))
#39 C:\\wnmp\
ginx-bins\\default\\www\\mp3quran\\vendor\\laravel\\framework\\src\\Illuminate\\Pipeline\\Pipeline.php(167): Fideloper\\Proxy\\TrustProxies->handle(Object(Illuminate\\Http\\Request), Object(Closure))
#40 C:\\wnmp\
ginx-bins\\default\\www\\mp3quran\\vendor\\laravel\\framework\\src\\Illuminate\\Foundation\\Http\\Middleware\\TransformsRequest.php(21): Illuminate\\Pipeline\\Pipeline->Illuminate\\Pipeline\\{closure}(Object(Illuminate\\Http\\Request))
#41 C:\\wnmp\
ginx-bins\\default\\www\\mp3quran\\vendor\\laravel\\framework\\src\\Illuminate\\Foundation\\Http\\Middleware\\ConvertEmptyStringsToNull.php(31): Illuminate\\Foundation\\Http\\Middleware\\TransformsRequest->handle(Object(Illuminate\\Http\\Request), Object(Closure))
#42 C:\\wnmp\
ginx-bins\\default\\www\\mp3quran\\vendor\\laravel\\framework\\src\\Illuminate\\Pipeline\\Pipeline.php(167): Illuminate\\Foundation\\Http\\Middleware\\ConvertEmptyStringsToNull->handle(Object(Illuminate\\Http\\Request), Object(Closure))
#43 C:\\wnmp\
ginx-bins\\default\\www\\mp3quran\\vendor\\laravel\\framework\\src\\Illuminate\\Foundation\\Http\\Middleware\\TransformsRequest.php(21): Illuminate\\Pipeline\\Pipeline->Illuminate\\Pipeline\\{closure}(Object(Illuminate\\Http\\Request))
#44 C:\\wnmp\
ginx-bins\\default\\www\\mp3quran\\vendor\\laravel\\framework\\src\\Illuminate\\Foundation\\Http\\Middleware\\TrimStrings.php(40): Illuminate\\Foundation\\Http\\Middleware\\TransformsRequest->handle(Object(Illuminate\\Http\\Request), Object(Closure))
#45 C:\\wnmp\
ginx-bins\\default\\www\\mp3quran\\vendor\\laravel\\framework\\src\\Illuminate\\Pipeline\\Pipeline.php(167): Illuminate\\Foundation\\Http\\Middleware\\TrimStrings->handle(Object(Illuminate\\Http\\Request), Object(Closure))
#46 C:\\wnmp\
ginx-bins\\default\\www\\mp3quran\\vendor\\laravel\\framework\\src\\Illuminate\\Foundation\\Http\\Middleware\\ValidatePostSize.php(27): Illuminate\\Pipeline\\Pipeline->Illuminate\\Pipeline\\{closure}(Object(Illuminate\\Http\\Request))
#47 C:\\wnmp\
ginx-bins\\default\\www\\mp3quran\\vendor\\laravel\\framework\\src\\Illuminate\\Pipeline\\Pipeline.php(167): Illuminate\\Foundation\\Http\\Middleware\\ValidatePostSize->handle(Object(Illuminate\\Http\\Request), Object(Closure))
#48 C:\\wnmp\
ginx-bins\\default\\www\\mp3quran\\vendor\\laravel\\framework\\src\\Illuminate\\Foundation\\Http\\Middleware\\PreventRequestsDuringMaintenance.php(86): Illuminate\\Pipeline\\Pipeline->Illuminate\\Pipeline\\{closure}(Object(Illuminate\\Http\\Request))
#49 C:\\wnmp\
ginx-bins\\default\\www\\mp3quran\\vendor\\laravel\\framework\\src\\Illuminate\\Pipeline\\Pipeline.php(167): Illuminate\\Foundation\\Http\\Middleware\\PreventRequestsDuringMaintenance->handle(Object(Illuminate\\Http\\Request), Object(Closure))
#50 C:\\wnmp\
ginx-bins\\default\\www\\mp3quran\\vendor\\laravel\\framework\\src\\Illuminate\\Pipeline\\Pipeline.php(103): Illuminate\\Pipeline\\Pipeline->Illuminate\\Pipeline\\{closure}(Object(Illuminate\\Http\\Request))
#51 C:\\wnmp\
ginx-bins\\default\\www\\mp3quran\\vendor\\laravel\\framework\\src\\Illuminate\\Foundation\\Http\\Kernel.php(142): Illuminate\\Pipeline\\Pipeline->then(Object(Closure))
#52 C:\\wnmp\
ginx-bins\\default\\www\\mp3quran\\vendor\\laravel\\framework\\src\\Illuminate\\Foundation\\Http\\Kernel.php(111): Illuminate\\Foundation\\Http\\Kernel->sendRequestThroughRouter(Object(Illuminate\\Http\\Request))
#53 C:\\wnmp\
ginx-bins\\default\\www\\mp3quran\\public\\index.php(55): Illuminate\\Foundation\\Http\\Kernel->handle(Object(Illuminate\\Http\\Request))
#54 {main}
"} 
[2023-02-09 18:23:25] dev.INFO: Undefined property: App\Http\Controllers\Api3\TadaborController::$tadabor {"url":"http://mp3quran.de/api/v3/tadabor"} 
[2023-02-09 18:23:25] dev.ERROR: Undefined property: App\Http\Controllers\Api3\TadaborController::$tadabor {"exception":"[object] (ErrorException(code: 0): Undefined property: App\\Http\\Controllers\\Api3\\TadaborController::$tadabor at /opt/homebrew/var/www/mp3quran/app/Http/Controllers/Api3/TadaborController.php:69)
[stacktrace]
#0 /opt/homebrew/var/www/mp3quran/app/Http/Controllers/Api3/TadaborController.php(69): Illuminate\\Foundation\\Bootstrap\\HandleExceptions->handleError(2, 'Undefined prope...', '/opt/homebrew/v...', 69)
#1 /opt/homebrew/var/www/mp3quran/app/Http/Controllers/Api3/TadaborController.php(40): App\\Http\\Controllers\\Api3\\TadaborController->gettadabor()
#2 /opt/homebrew/var/www/mp3quran/vendor/laravel/framework/src/Illuminate/Cache/Repository.php(426): App\\Http\\Controllers\\Api3\\TadaborController->App\\Http\\Controllers\\Api3\\{closure}()
#3 /opt/homebrew/var/www/mp3quran/vendor/laravel/framework/src/Illuminate/Cache/CacheManager.php(418): Illuminate\\Cache\\Repository->rememberForever('api_v3_tadabor_...', Object(Closure))
#4 /opt/homebrew/var/www/mp3quran/vendor/laravel/framework/src/Illuminate/Support/Facades/Facade.php(261): Illuminate\\Cache\\CacheManager->__call('rememberForever', Array)
#5 /opt/homebrew/var/www/mp3quran/app/Http/Controllers/Api3/TadaborController.php(41): Illuminate\\Support\\Facades\\Facade::__callStatic('rememberForever', Array)
#6 /opt/homebrew/var/www/mp3quran/vendor/laravel/framework/src/Illuminate/Routing/Controller.php(54): App\\Http\\Controllers\\Api3\\TadaborController->tadabor(Object(Illuminate\\Http\\Request))
#7 /opt/homebrew/var/www/mp3quran/vendor/laravel/framework/src/Illuminate/Routing/ControllerDispatcher.php(45): Illuminate\\Routing\\Controller->callAction('tadabor', Array)
#8 /opt/homebrew/var/www/mp3quran/vendor/laravel/framework/src/Illuminate/Routing/Route.php(262): Illuminate\\Routing\\ControllerDispatcher->dispatch(Object(Illuminate\\Routing\\Route), Object(App\\Http\\Controllers\\Api3\\TadaborController), 'tadabor')
#9 /opt/homebrew/var/www/mp3quran/vendor/laravel/framework/src/Illuminate/Routing/Route.php(205): Illuminate\\Routing\\Route->runController()
#10 /opt/homebrew/var/www/mp3quran/vendor/laravel/framework/src/Illuminate/Routing/Router.php(695): Illuminate\\Routing\\Route->run()
#11 /opt/homebrew/var/www/mp3quran/vendor/laravel/framework/src/Illuminate/Pipeline/Pipeline.php(128): Illuminate\\Routing\\Router->Illuminate\\Routing\\{closure}(Object(Illuminate\\Http\\Request))
#12 /opt/homebrew/var/www/mp3quran/app/Http/Middleware/Front.php(21): Illuminate\\Pipeline\\Pipeline->Illuminate\\Pipeline\\{closure}(Object(Illuminate\\Http\\Request))
#13 /opt/homebrew/var/www/mp3quran/vendor/laravel/framework/src/Illuminate/Pipeline/Pipeline.php(167): App\\Http\\Middleware\\Front->handle(Object(Illuminate\\Http\\Request), Object(Closure))
#14 /opt/homebrew/var/www/mp3quran/vendor/laravel/framework/src/Illuminate/Routing/Middleware/SubstituteBindings.php(50): Illuminate\\Pipeline\\Pipeline->Illuminate\\Pipeline\\{closure}(Object(Illuminate\\Http\\Request))
#15 /opt/homebrew/var/www/mp3quran/vendor/laravel/framework/src/Illuminate/Pipeline/Pipeline.php(167): Illuminate\\Routing\\Middleware\\SubstituteBindings->handle(Object(Illuminate\\Http\\Request), Object(Closure))
#16 /opt/homebrew/var/www/mp3quran/vendor/laravel/framework/src/Illuminate/Foundation/Http/Middleware/VerifyCsrfToken.php(78): Illuminate\\Pipeline\\Pipeline->Illuminate\\Pipeline\\{closure}(Object(Illuminate\\Http\\Request))
#17 /opt/homebrew/var/www/mp3quran/vendor/laravel/framework/src/Illuminate/Pipeline/Pipeline.php(167): Illuminate\\Foundation\\Http\\Middleware\\VerifyCsrfToken->handle(Object(Illuminate\\Http\\Request), Object(Closure))
#18 /opt/homebrew/var/www/mp3quran/vendor/laravel/framework/src/Illuminate/View/Middleware/ShareErrorsFromSession.php(49): Illuminate\\Pipeline\\Pipeline->Illuminate\\Pipeline\\{closure}(Object(Illuminate\\Http\\Request))
#19 /opt/homebrew/var/www/mp3quran/vendor/laravel/framework/src/Illuminate/Pipeline/Pipeline.php(167): Illuminate\\View\\Middleware\\ShareErrorsFromSession->handle(Object(Illuminate\\Http\\Request), Object(Closure))
#20 /opt/homebrew/var/www/mp3quran/vendor/laravel/framework/src/Illuminate/Session/Middleware/StartSession.php(121): Illuminate\\Pipeline\\Pipeline->Illuminate\\Pipeline\\{closure}(Object(Illuminate\\Http\\Request))
#21 /opt/homebrew/var/www/mp3quran/vendor/laravel/framework/src/Illuminate/Session/Middleware/StartSession.php(64): Illuminate\\Session\\Middleware\\StartSession->handleStatefulRequest(Object(Illuminate\\Http\\Request), Object(Illuminate\\Session\\Store), Object(Closure))
#22 /opt/homebrew/var/www/mp3quran/vendor/laravel/framework/src/Illuminate/Pipeline/Pipeline.php(167): Illuminate\\Session\\Middleware\\StartSession->handle(Object(Illuminate\\Http\\Request), Object(Closure))
#23 /opt/homebrew/var/www/mp3quran/vendor/laravel/framework/src/Illuminate/Cookie/Middleware/AddQueuedCookiesToResponse.php(37): Illuminate\\Pipeline\\Pipeline->Illuminate\\Pipeline\\{closure}(Object(Illuminate\\Http\\Request))
#24 /opt/homebrew/var/www/mp3quran/vendor/laravel/framework/src/Illuminate/Pipeline/Pipeline.php(167): Illuminate\\Cookie\\Middleware\\AddQueuedCookiesToResponse->handle(Object(Illuminate\\Http\\Request), Object(Closure))
#25 /opt/homebrew/var/www/mp3quran/vendor/laravel/framework/src/Illuminate/Cookie/Middleware/EncryptCookies.php(67): Illuminate\\Pipeline\\Pipeline->Illuminate\\Pipeline\\{closure}(Object(Illuminate\\Http\\Request))
#26 /opt/homebrew/var/www/mp3quran/vendor/laravel/framework/src/Illuminate/Pipeline/Pipeline.php(167): Illuminate\\Cookie\\Middleware\\EncryptCookies->handle(Object(Illuminate\\Http\\Request), Object(Closure))
#27 /opt/homebrew/var/www/mp3quran/vendor/laravel/framework/src/Illuminate/Pipeline/Pipeline.php(103): Illuminate\\Pipeline\\Pipeline->Illuminate\\Pipeline\\{closure}(Object(Illuminate\\Http\\Request))
#28 /opt/homebrew/var/www/mp3quran/vendor/laravel/framework/src/Illuminate/Routing/Router.php(697): Illuminate\\Pipeline\\Pipeline->then(Object(Closure))
#29 /opt/homebrew/var/www/mp3quran/vendor/laravel/framework/src/Illuminate/Routing/Router.php(672): Illuminate\\Routing\\Router->runRouteWithinStack(Object(Illuminate\\Routing\\Route), Object(Illuminate\\Http\\Request))
#30 /opt/homebrew/var/www/mp3quran/vendor/laravel/framework/src/Illuminate/Routing/Router.php(636): Illuminate\\Routing\\Router->runRoute(Object(Illuminate\\Http\\Request), Object(Illuminate\\Routing\\Route))
#31 /opt/homebrew/var/www/mp3quran/vendor/laravel/framework/src/Illuminate/Routing/Router.php(625): Illuminate\\Routing\\Router->dispatchToRoute(Object(Illuminate\\Http\\Request))
#32 /opt/homebrew/var/www/mp3quran/vendor/laravel/framework/src/Illuminate/Foundation/Http/Kernel.php(167): Illuminate\\Routing\\Router->dispatch(Object(Illuminate\\Http\\Request))
#33 /opt/homebrew/var/www/mp3quran/vendor/laravel/framework/src/Illuminate/Pipeline/Pipeline.php(128): Illuminate\\Foundation\\Http\\Kernel->Illuminate\\Foundation\\Http\\{closure}(Object(Illuminate\\Http\\Request))
#34 /opt/homebrew/var/www/mp3quran/vendor/livewire/livewire/src/DisableBrowserCache.php(19): Illuminate\\Pipeline\\Pipeline->Illuminate\\Pipeline\\{closure}(Object(Illuminate\\Http\\Request))
#35 /opt/homebrew/var/www/mp3quran/vendor/laravel/framework/src/Illuminate/Pipeline/Pipeline.php(167): Livewire\\DisableBrowserCache->handle(Object(Illuminate\\Http\\Request), Object(Closure))
#36 /opt/homebrew/var/www/mp3quran/vendor/barryvdh/laravel-debugbar/src/Middleware/InjectDebugbar.php(67): Illuminate\\Pipeline\\Pipeline->Illuminate\\Pipeline\\{closure}(Object(Illuminate\\Http\\Request))
#37 /opt/homebrew/var/www/mp3quran/vendor/laravel/framework/src/Illuminate/Pipeline/Pipeline.php(167): Barryvdh\\Debugbar\\Middleware\\InjectDebugbar->handle(Object(Illuminate\\Http\\Request), Object(Closure))
#38 /opt/homebrew/var/www/mp3quran/vendor/fideloper/proxy/src/TrustProxies.php(57): Illuminate\\Pipeline\\Pipeline->Illuminate\\Pipeline\\{closure}(Object(Illuminate\\Http\\Request))
#39 /opt/homebrew/var/www/mp3quran/vendor/laravel/framework/src/Illuminate/Pipeline/Pipeline.php(167): Fideloper\\Proxy\\TrustProxies->handle(Object(Illuminate\\Http\\Request), Object(Closure))
#40 /opt/homebrew/var/www/mp3quran/vendor/laravel/framework/src/Illuminate/Foundation/Http/Middleware/TransformsRequest.php(21): Illuminate\\Pipeline\\Pipeline->Illuminate\\Pipeline\\{closure}(Object(Illuminate\\Http\\Request))
#41 /opt/homebrew/var/www/mp3quran/vendor/laravel/framework/src/Illuminate/Foundation/Http/Middleware/ConvertEmptyStringsToNull.php(31): Illuminate\\Foundation\\Http\\Middleware\\TransformsRequest->handle(Object(Illuminate\\Http\\Request), Object(Closure))
#42 /opt/homebrew/var/www/mp3quran/vendor/laravel/framework/src/Illuminate/Pipeline/Pipeline.php(167): Illuminate\\Foundation\\Http\\Middleware\\ConvertEmptyStringsToNull->handle(Object(Illuminate\\Http\\Request), Object(Closure))
#43 /opt/homebrew/var/www/mp3quran/vendor/laravel/framework/src/Illuminate/Foundation/Http/Middleware/TransformsRequest.php(21): Illuminate\\Pipeline\\Pipeline->Illuminate\\Pipeline\\{closure}(Object(Illuminate\\Http\\Request))
#44 /opt/homebrew/var/www/mp3quran/vendor/laravel/framework/src/Illuminate/Foundation/Http/Middleware/TrimStrings.php(40): Illuminate\\Foundation\\Http\\Middleware\\TransformsRequest->handle(Object(Illuminate\\Http\\Request), Object(Closure))
#45 /opt/homebrew/var/www/mp3quran/vendor/laravel/framework/src/Illuminate/Pipeline/Pipeline.php(167): Illuminate\\Foundation\\Http\\Middleware\\TrimStrings->handle(Object(Illuminate\\Http\\Request), Object(Closure))
#46 /opt/homebrew/var/www/mp3quran/vendor/laravel/framework/src/Illuminate/Foundation/Http/Middleware/ValidatePostSize.php(27): Illuminate\\Pipeline\\Pipeline->Illuminate\\Pipeline\\{closure}(Object(Illuminate\\Http\\Request))
#47 /opt/homebrew/var/www/mp3quran/vendor/laravel/framework/src/Illuminate/Pipeline/Pipeline.php(167): Illuminate\\Foundation\\Http\\Middleware\\ValidatePostSize->handle(Object(Illuminate\\Http\\Request), Object(Closure))
#48 /opt/homebrew/var/www/mp3quran/vendor/laravel/framework/src/Illuminate/Foundation/Http/Middleware/PreventRequestsDuringMaintenance.php(86): Illuminate\\Pipeline\\Pipeline->Illuminate\\Pipeline\\{closure}(Object(Illuminate\\Http\\Request))
#49 /opt/homebrew/var/www/mp3quran/vendor/laravel/framework/src/Illuminate/Pipeline/Pipeline.php(167): Illuminate\\Foundation\\Http\\Middleware\\PreventRequestsDuringMaintenance->handle(Object(Illuminate\\Http\\Request), Object(Closure))
#50 /opt/homebrew/var/www/mp3quran/vendor/laravel/framework/src/Illuminate/Pipeline/Pipeline.php(103): Illuminate\\Pipeline\\Pipeline->Illuminate\\Pipeline\\{closure}(Object(Illuminate\\Http\\Request))
#51 /opt/homebrew/var/www/mp3quran/vendor/laravel/framework/src/Illuminate/Foundation/Http/Kernel.php(142): Illuminate\\Pipeline\\Pipeline->then(Object(Closure))
#52 /opt/homebrew/var/www/mp3quran/vendor/laravel/framework/src/Illuminate/Foundation/Http/Kernel.php(111): Illuminate\\Foundation\\Http\\Kernel->sendRequestThroughRouter(Object(Illuminate\\Http\\Request))
#53 /opt/homebrew/var/www/mp3quran/public/index.php(55): Illuminate\\Foundation\\Http\\Kernel->handle(Object(Illuminate\\Http\\Request))
#54 {main}
"} 
[2023-02-09 18:23:33] dev.INFO: Undefined property: App\Http\Controllers\Api3\TadaborController::$tadabor {"url":"http://mp3quran.de/api/v3/tadabor"} 
[2023-02-09 18:23:33] dev.ERROR: Undefined property: App\Http\Controllers\Api3\TadaborController::$tadabor {"exception":"[object] (ErrorException(code: 0): Undefined property: App\\Http\\Controllers\\Api3\\TadaborController::$tadabor at /opt/homebrew/var/www/mp3quran/app/Http/Controllers/Api3/TadaborController.php:69)
[stacktrace]
#0 /opt/homebrew/var/www/mp3quran/app/Http/Controllers/Api3/TadaborController.php(69): Illuminate\\Foundation\\Bootstrap\\HandleExceptions->handleError(2, 'Undefined prope...', '/opt/homebrew/v...', 69)
#1 /opt/homebrew/var/www/mp3quran/app/Http/Controllers/Api3/TadaborController.php(40): App\\Http\\Controllers\\Api3\\TadaborController->gettadabor()
#2 /opt/homebrew/var/www/mp3quran/vendor/laravel/framework/src/Illuminate/Cache/Repository.php(426): App\\Http\\Controllers\\Api3\\TadaborController->App\\Http\\Controllers\\Api3\\{closure}()
#3 /opt/homebrew/var/www/mp3quran/vendor/laravel/framework/src/Illuminate/Cache/CacheManager.php(418): Illuminate\\Cache\\Repository->rememberForever('api_v3_tadabor_...', Object(Closure))
#4 /opt/homebrew/var/www/mp3quran/vendor/laravel/framework/src/Illuminate/Support/Facades/Facade.php(261): Illuminate\\Cache\\CacheManager->__call('rememberForever', Array)
#5 /opt/homebrew/var/www/mp3quran/app/Http/Controllers/Api3/TadaborController.php(41): Illuminate\\Support\\Facades\\Facade::__callStatic('rememberForever', Array)
#6 /opt/homebrew/var/www/mp3quran/vendor/laravel/framework/src/Illuminate/Routing/Controller.php(54): App\\Http\\Controllers\\Api3\\TadaborController->tadabor(Object(Illuminate\\Http\\Request))
#7 /opt/homebrew/var/www/mp3quran/vendor/laravel/framework/src/Illuminate/Routing/ControllerDispatcher.php(45): Illuminate\\Routing\\Controller->callAction('tadabor', Array)
#8 /opt/homebrew/var/www/mp3quran/vendor/laravel/framework/src/Illuminate/Routing/Route.php(262): Illuminate\\Routing\\ControllerDispatcher->dispatch(Object(Illuminate\\Routing\\Route), Object(App\\Http\\Controllers\\Api3\\TadaborController), 'tadabor')
#9 /opt/homebrew/var/www/mp3quran/vendor/laravel/framework/src/Illuminate/Routing/Route.php(205): Illuminate\\Routing\\Route->runController()
#10 /opt/homebrew/var/www/mp3quran/vendor/laravel/framework/src/Illuminate/Routing/Router.php(695): Illuminate\\Routing\\Route->run()
#11 /opt/homebrew/var/www/mp3quran/vendor/laravel/framework/src/Illuminate/Pipeline/Pipeline.php(128): Illuminate\\Routing\\Router->Illuminate\\Routing\\{closure}(Object(Illuminate\\Http\\Request))
#12 /opt/homebrew/var/www/mp3quran/app/Http/Middleware/Front.php(21): Illuminate\\Pipeline\\Pipeline->Illuminate\\Pipeline\\{closure}(Object(Illuminate\\Http\\Request))
#13 /opt/homebrew/var/www/mp3quran/vendor/laravel/framework/src/Illuminate/Pipeline/Pipeline.php(167): App\\Http\\Middleware\\Front->handle(Object(Illuminate\\Http\\Request), Object(Closure))
#14 /opt/homebrew/var/www/mp3quran/vendor/laravel/framework/src/Illuminate/Routing/Middleware/SubstituteBindings.php(50): Illuminate\\Pipeline\\Pipeline->Illuminate\\Pipeline\\{closure}(Object(Illuminate\\Http\\Request))
#15 /opt/homebrew/var/www/mp3quran/vendor/laravel/framework/src/Illuminate/Pipeline/Pipeline.php(167): Illuminate\\Routing\\Middleware\\SubstituteBindings->handle(Object(Illuminate\\Http\\Request), Object(Closure))
#16 /opt/homebrew/var/www/mp3quran/vendor/laravel/framework/src/Illuminate/Foundation/Http/Middleware/VerifyCsrfToken.php(78): Illuminate\\Pipeline\\Pipeline->Illuminate\\Pipeline\\{closure}(Object(Illuminate\\Http\\Request))
#17 /opt/homebrew/var/www/mp3quran/vendor/laravel/framework/src/Illuminate/Pipeline/Pipeline.php(167): Illuminate\\Foundation\\Http\\Middleware\\VerifyCsrfToken->handle(Object(Illuminate\\Http\\Request), Object(Closure))
#18 /opt/homebrew/var/www/mp3quran/vendor/laravel/framework/src/Illuminate/View/Middleware/ShareErrorsFromSession.php(49): Illuminate\\Pipeline\\Pipeline->Illuminate\\Pipeline\\{closure}(Object(Illuminate\\Http\\Request))
#19 /opt/homebrew/var/www/mp3quran/vendor/laravel/framework/src/Illuminate/Pipeline/Pipeline.php(167): Illuminate\\View\\Middleware\\ShareErrorsFromSession->handle(Object(Illuminate\\Http\\Request), Object(Closure))
#20 /opt/homebrew/var/www/mp3quran/vendor/laravel/framework/src/Illuminate/Session/Middleware/StartSession.php(121): Illuminate\\Pipeline\\Pipeline->Illuminate\\Pipeline\\{closure}(Object(Illuminate\\Http\\Request))
#21 /opt/homebrew/var/www/mp3quran/vendor/laravel/framework/src/Illuminate/Session/Middleware/StartSession.php(64): Illuminate\\Session\\Middleware\\StartSession->handleStatefulRequest(Object(Illuminate\\Http\\Request), Object(Illuminate\\Session\\Store), Object(Closure))
#22 /opt/homebrew/var/www/mp3quran/vendor/laravel/framework/src/Illuminate/Pipeline/Pipeline.php(167): Illuminate\\Session\\Middleware\\StartSession->handle(Object(Illuminate\\Http\\Request), Object(Closure))
#23 /opt/homebrew/var/www/mp3quran/vendor/laravel/framework/src/Illuminate/Cookie/Middleware/AddQueuedCookiesToResponse.php(37): Illuminate\\Pipeline\\Pipeline->Illuminate\\Pipeline\\{closure}(Object(Illuminate\\Http\\Request))
#24 /opt/homebrew/var/www/mp3quran/vendor/laravel/framework/src/Illuminate/Pipeline/Pipeline.php(167): Illuminate\\Cookie\\Middleware\\AddQueuedCookiesToResponse->handle(Object(Illuminate\\Http\\Request), Object(Closure))
#25 /opt/homebrew/var/www/mp3quran/vendor/laravel/framework/src/Illuminate/Cookie/Middleware/EncryptCookies.php(67): Illuminate\\Pipeline\\Pipeline->Illuminate\\Pipeline\\{closure}(Object(Illuminate\\Http\\Request))
#26 /opt/homebrew/var/www/mp3quran/vendor/laravel/framework/src/Illuminate/Pipeline/Pipeline.php(167): Illuminate\\Cookie\\Middleware\\EncryptCookies->handle(Object(Illuminate\\Http\\Request), Object(Closure))
#27 /opt/homebrew/var/www/mp3quran/vendor/laravel/framework/src/Illuminate/Pipeline/Pipeline.php(103): Illuminate\\Pipeline\\Pipeline->Illuminate\\Pipeline\\{closure}(Object(Illuminate\\Http\\Request))
#28 /opt/homebrew/var/www/mp3quran/vendor/laravel/framework/src/Illuminate/Routing/Router.php(697): Illuminate\\Pipeline\\Pipeline->then(Object(Closure))
#29 /opt/homebrew/var/www/mp3quran/vendor/laravel/framework/src/Illuminate/Routing/Router.php(672): Illuminate\\Routing\\Router->runRouteWithinStack(Object(Illuminate\\Routing\\Route), Object(Illuminate\\Http\\Request))
#30 /opt/homebrew/var/www/mp3quran/vendor/laravel/framework/src/Illuminate/Routing/Router.php(636): Illuminate\\Routing\\Router->runRoute(Object(Illuminate\\Http\\Request), Object(Illuminate\\Routing\\Route))
#31 /opt/homebrew/var/www/mp3quran/vendor/laravel/framework/src/Illuminate/Routing/Router.php(625): Illuminate\\Routing\\Router->dispatchToRoute(Object(Illuminate\\Http\\Request))
#32 /opt/homebrew/var/www/mp3quran/vendor/laravel/framework/src/Illuminate/Foundation/Http/Kernel.php(167): Illuminate\\Routing\\Router->dispatch(Object(Illuminate\\Http\\Request))
#33 /opt/homebrew/var/www/mp3quran/vendor/laravel/framework/src/Illuminate/Pipeline/Pipeline.php(128): Illuminate\\Foundation\\Http\\Kernel->Illuminate\\Foundation\\Http\\{closure}(Object(Illuminate\\Http\\Request))
#34 /opt/homebrew/var/www/mp3quran/vendor/livewire/livewire/src/DisableBrowserCache.php(19): Illuminate\\Pipeline\\Pipeline->Illuminate\\Pipeline\\{closure}(Object(Illuminate\\Http\\Request))
#35 /opt/homebrew/var/www/mp3quran/vendor/laravel/framework/src/Illuminate/Pipeline/Pipeline.php(167): Livewire\\DisableBrowserCache->handle(Object(Illuminate\\Http\\Request), Object(Closure))
#36 /opt/homebrew/var/www/mp3quran/vendor/barryvdh/laravel-debugbar/src/Middleware/InjectDebugbar.php(67): Illuminate\\Pipeline\\Pipeline->Illuminate\\Pipeline\\{closure}(Object(Illuminate\\Http\\Request))
#37 /opt/homebrew/var/www/mp3quran/vendor/laravel/framework/src/Illuminate/Pipeline/Pipeline.php(167): Barryvdh\\Debugbar\\Middleware\\InjectDebugbar->handle(Object(Illuminate\\Http\\Request), Object(Closure))
#38 /opt/homebrew/var/www/mp3quran/vendor/fideloper/proxy/src/TrustProxies.php(57): Illuminate\\Pipeline\\Pipeline->Illuminate\\Pipeline\\{closure}(Object(Illuminate\\Http\\Request))
#39 /opt/homebrew/var/www/mp3quran/vendor/laravel/framework/src/Illuminate/Pipeline/Pipeline.php(167): Fideloper\\Proxy\\TrustProxies->handle(Object(Illuminate\\Http\\Request), Object(Closure))
#40 /opt/homebrew/var/www/mp3quran/vendor/laravel/framework/src/Illuminate/Foundation/Http/Middleware/TransformsRequest.php(21): Illuminate\\Pipeline\\Pipeline->Illuminate\\Pipeline\\{closure}(Object(Illuminate\\Http\\Request))
#41 /opt/homebrew/var/www/mp3quran/vendor/laravel/framework/src/Illuminate/Foundation/Http/Middleware/ConvertEmptyStringsToNull.php(31): Illuminate\\Foundation\\Http\\Middleware\\TransformsRequest->handle(Object(Illuminate\\Http\\Request), Object(Closure))
#42 /opt/homebrew/var/www/mp3quran/vendor/laravel/framework/src/Illuminate/Pipeline/Pipeline.php(167): Illuminate\\Foundation\\Http\\Middleware\\ConvertEmptyStringsToNull->handle(Object(Illuminate\\Http\\Request), Object(Closure))
#43 /opt/homebrew/var/www/mp3quran/vendor/laravel/framework/src/Illuminate/Foundation/Http/Middleware/TransformsRequest.php(21): Illuminate\\Pipeline\\Pipeline->Illuminate\\Pipeline\\{closure}(Object(Illuminate\\Http\\Request))
#44 /opt/homebrew/var/www/mp3quran/vendor/laravel/framework/src/Illuminate/Foundation/Http/Middleware/TrimStrings.php(40): Illuminate\\Foundation\\Http\\Middleware\\TransformsRequest->handle(Object(Illuminate\\Http\\Request), Object(Closure))
#45 /opt/homebrew/var/www/mp3quran/vendor/laravel/framework/src/Illuminate/Pipeline/Pipeline.php(167): Illuminate\\Foundation\\Http\\Middleware\\TrimStrings->handle(Object(Illuminate\\Http\\Request), Object(Closure))
#46 /opt/homebrew/var/www/mp3quran/vendor/laravel/framework/src/Illuminate/Foundation/Http/Middleware/ValidatePostSize.php(27): Illuminate\\Pipeline\\Pipeline->Illuminate\\Pipeline\\{closure}(Object(Illuminate\\Http\\Request))
#47 /opt/homebrew/var/www/mp3quran/vendor/laravel/framework/src/Illuminate/Pipeline/Pipeline.php(167): Illuminate\\Foundation\\Http\\Middleware\\ValidatePostSize->handle(Object(Illuminate\\Http\\Request), Object(Closure))
#48 /opt/homebrew/var/www/mp3quran/vendor/laravel/framework/src/Illuminate/Foundation/Http/Middleware/PreventRequestsDuringMaintenance.php(86): Illuminate\\Pipeline\\Pipeline->Illuminate\\Pipeline\\{closure}(Object(Illuminate\\Http\\Request))
#49 /opt/homebrew/var/www/mp3quran/vendor/laravel/framework/src/Illuminate/Pipeline/Pipeline.php(167): Illuminate\\Foundation\\Http\\Middleware\\PreventRequestsDuringMaintenance->handle(Object(Illuminate\\Http\\Request), Object(Closure))
#50 /opt/homebrew/var/www/mp3quran/vendor/laravel/framework/src/Illuminate/Pipeline/Pipeline.php(103): Illuminate\\Pipeline\\Pipeline->Illuminate\\Pipeline\\{closure}(Object(Illuminate\\Http\\Request))
#51 /opt/homebrew/var/www/mp3quran/vendor/laravel/framework/src/Illuminate/Foundation/Http/Kernel.php(142): Illuminate\\Pipeline\\Pipeline->then(Object(Closure))
#52 /opt/homebrew/var/www/mp3quran/vendor/laravel/framework/src/Illuminate/Foundation/Http/Kernel.php(111): Illuminate\\Foundation\\Http\\Kernel->sendRequestThroughRouter(Object(Illuminate\\Http\\Request))
#53 /opt/homebrew/var/www/mp3quran/public/index.php(55): Illuminate\\Foundation\\Http\\Kernel->handle(Object(Illuminate\\Http\\Request))
#54 {main}
"} 
[2023-02-09 18:24:29] dev.INFO:  {"url":"http://mp3quran.de/uploads/mpa/lg/ma-la-ysaa-atfal-almslmyn-jhlh-01.jpg"} 
[2023-02-09 18:24:29] dev.INFO:  {"url":"http://mp3quran.de/uploads/mpa/lg/atheer.jpg"} 
[2023-02-09 18:24:33] dev.INFO:  {"url":"http://mp3quran.de/uploads/mpa/lg/atheer.jpg"} 
[2023-02-09 18:24:33] dev.INFO:  {"url":"http://mp3quran.de/uploads/mpa/lg/ma-la-ysaa-atfal-almslmyn-jhlh-01.jpg"} 
[2023-02-09 18:34:51] dev.INFO:  {"url":"http://mp3quran.de/uploads/mpa/lg/ma-la-ysaa-atfal-almslmyn-jhlh-01.jpg"} 
[2023-02-09 18:34:51] dev.INFO:  {"url":"http://mp3quran.de/uploads/mpa/lg/atheer.jpg"} 
[2023-02-09 18:40:43] dev.INFO:  {"url":"http://mp3quran.de/uploads/mpa/lg/atheer.jpg"} 
[2023-02-09 18:40:43] dev.INFO:  {"url":"http://mp3quran.de/uploads/mpa/lg/ma-la-ysaa-atfal-almslmyn-jhlh-01.jpg"} 
[2023-02-09 18:42:10] dev.INFO:  {"url":"http://mp3quran.de/uploads/mpa/lg/atheer.jpg"} 
[2023-02-09 18:42:10] dev.INFO:  {"url":"http://mp3quran.de/uploads/mpa/lg/ma-la-ysaa-atfal-almslmyn-jhlh-01.jpg"} 
[2023-02-09 18:44:09] dev.INFO:  {"url":"http://mp3quran.de/uploads/mpa/lg/ma-la-ysaa-atfal-almslmyn-jhlh-01.jpg"} 
[2023-02-09 18:44:09] dev.INFO:  {"url":"http://mp3quran.de/uploads/mpa/lg/atheer.jpg"} 
[2023-02-09 18:44:11] dev.INFO:  {"url":"http://mp3quran.de/uploads/mpa/lg/ma-la-ysaa-atfal-almslmyn-jhlh-01.jpg"} 
[2023-02-09 18:44:11] dev.INFO:  {"url":"http://mp3quran.de/uploads/mpa/lg/atheer.jpg"} 
[2023-02-09 18:44:13] dev.INFO:  {"url":"http://mp3quran.de/uploads/mpa/lg/ma-la-ysaa-atfal-almslmyn-jhlh-01.jpg"} 
[2023-02-09 18:44:13] dev.INFO:  {"url":"http://mp3quran.de/uploads/mpa/lg/atheer.jpg"} 
[2023-02-09 18:44:15] dev.INFO: No query results for model [App\Read]. {"url":"http://mp3quran.de/ar/js/DPlayer.min.js.map"} 
[2023-02-09 18:44:55] dev.INFO:  {"url":"http://mp3quran.de/uploads/mpa/lg/atheer.jpg"} 
[2023-02-09 18:44:55] dev.INFO:  {"url":"http://mp3quran.de/uploads/mpa/lg/ma-la-ysaa-atfal-almslmyn-jhlh-01.jpg"} 
[2023-02-09 18:44:56] dev.INFO: No query results for model [App\Read]. {"url":"http://mp3quran.de/ar/js/DPlayer.min.js.map"} 
[2023-02-09 18:45:53] dev.INFO:  {"url":"http://mp3quran.de/uploads/mpa/lg/atheer.jpg"} 
[2023-02-09 18:45:53] dev.INFO:  {"url":"http://mp3quran.de/uploads/mpa/lg/ma-la-ysaa-atfal-almslmyn-jhlh-01.jpg"} 
[2023-02-09 18:45:55] dev.INFO: No query results for model [App\Read]. {"url":"http://mp3quran.de/ar/plugins/icomoon2/styles.css"} 
[2023-02-09 18:46:02] dev.INFO:  {"url":"http://mp3quran.de/uploads/mpa/lg/ma-la-ysaa-atfal-almslmyn-jhlh-01.jpg"} 
[2023-02-09 18:46:02] dev.INFO:  {"url":"http://mp3quran.de/uploads/mpa/lg/atheer.jpg"} 
[2023-02-09 18:46:31] dev.INFO:  {"url":"http://mp3quran.de/uploads/mpa/lg/atheer.jpg"} 
[2023-02-09 18:46:31] dev.INFO:  {"url":"http://mp3quran.de/uploads/mpa/lg/ma-la-ysaa-atfal-almslmyn-jhlh-01.jpg"} 
[2023-02-09 18:46:31] dev.INFO: No query results for model [App\Read]. {"url":"http://mp3quran.de/ar/js/DPlayer.min.js.map"} 
[2023-02-09 18:47:19] dev.INFO:  {"url":"http://mp3quran.de/uploads/mpa/lg/ma-la-ysaa-atfal-almslmyn-jhlh-01.jpg"} 
[2023-02-09 18:47:19] dev.INFO:  {"url":"http://mp3quran.de/uploads/mpa/lg/atheer.jpg"} 
[2023-02-09 18:47:19] dev.INFO: No query results for model [App\Read]. {"url":"http://mp3quran.de/ar/js/DPlayer.min.js.map"} 
[2023-02-09 18:54:15] dev.INFO:  {"url":"http://mp3quran.de/uploads/mpa/lg/atheer.jpg"} 
[2023-02-09 18:54:15] dev.INFO:  {"url":"http://mp3quran.de/uploads/mpa/lg/ma-la-ysaa-atfal-almslmyn-jhlh-01.jpg"} 
[2023-02-09 18:54:16] dev.INFO: No query results for model [App\Read]. {"url":"http://mp3quran.de/ar/js/DPlayer.min.js.map"} 
[2023-02-09 18:55:26] dev.INFO:  {"url":"http://mp3quran.de/uploads/mpa/lg/atheer.jpg"} 
[2023-02-09 18:55:26] dev.INFO:  {"url":"http://mp3quran.de/uploads/mpa/lg/ma-la-ysaa-atfal-almslmyn-jhlh-01.jpg"} 
[2023-02-09 18:55:26] dev.INFO: No query results for model [App\Read]. {"url":"http://mp3quran.de/ar/js/DPlayer.min.js.map"} 
[2023-02-09 18:55:51] dev.INFO:  {"url":"http://mp3quran.de/uploads/mpa/lg/atheer.jpg"} 
[2023-02-09 18:55:51] dev.INFO:  {"url":"http://mp3quran.de/uploads/mpa/lg/ma-la-ysaa-atfal-almslmyn-jhlh-01.jpg"} 
[2023-02-09 18:55:51] dev.INFO: No query results for model [App\Read]. {"url":"http://mp3quran.de/ar/js/DPlayer.min.js.map"} 
[2023-02-09 18:56:35] dev.INFO:  {"url":"http://mp3quran.de/uploads/mpa/lg/atheer.jpg"} 
[2023-02-09 18:56:35] dev.INFO:  {"url":"http://mp3quran.de/uploads/mpa/lg/ma-la-ysaa-atfal-almslmyn-jhlh-01.jpg"} 
[2023-02-09 18:56:36] dev.INFO: No query results for model [App\Read]. {"url":"http://mp3quran.de/ar/js/DPlayer.min.js.map"} 
[2023-02-09 18:56:49] dev.INFO:  {"url":"http://mp3quran.de/uploads/mpa/lg/ma-la-ysaa-atfal-almslmyn-jhlh-01.jpg"} 
[2023-02-09 18:56:49] dev.INFO:  {"url":"http://mp3quran.de/uploads/mpa/lg/atheer.jpg"} 
[2023-02-09 18:56:49] dev.INFO: No query results for model [App\Read]. {"url":"http://mp3quran.de/ar/js/DPlayer.min.js.map"} 
[2023-02-09 18:56:58] dev.INFO:  {"url":"http://mp3quran.de/uploads/mpa/lg/atheer.jpg"} 
[2023-02-09 18:56:58] dev.INFO:  {"url":"http://mp3quran.de/uploads/mpa/lg/ma-la-ysaa-atfal-almslmyn-jhlh-01.jpg"} 
[2023-02-09 18:56:58] dev.INFO: No query results for model [App\Read]. {"url":"http://mp3quran.de/ar/js/DPlayer.min.js.map"} 
[2023-02-09 18:57:03] dev.INFO:  {"url":"http://mp3quran.de/uploads/mpa/lg/ma-la-ysaa-atfal-almslmyn-jhlh-01.jpg"} 
[2023-02-09 18:57:03] dev.INFO:  {"url":"http://mp3quran.de/uploads/mpa/lg/atheer.jpg"} 
[2023-02-09 18:57:03] dev.INFO: No query results for model [App\Read]. {"url":"http://mp3quran.de/ar/js/DPlayer.min.js.map"} 
[2023-02-09 18:57:08] dev.INFO:  {"url":"http://mp3quran.de/uploads/mpa/lg/atheer.jpg"} 
[2023-02-09 18:57:08] dev.INFO:  {"url":"http://mp3quran.de/uploads/mpa/lg/ma-la-ysaa-atfal-almslmyn-jhlh-01.jpg"} 
[2023-02-09 18:57:08] dev.INFO: No query results for model [App\Read]. {"url":"http://mp3quran.de/ar/js/DPlayer.min.js.map"} 
[2023-02-09 18:57:57] dev.INFO:  {"url":"http://mp3quran.de/uploads/mpa/lg/atheer.jpg"} 
[2023-02-09 18:57:57] dev.INFO:  {"url":"http://mp3quran.de/uploads/mpa/lg/ma-la-ysaa-atfal-almslmyn-jhlh-01.jpg"} 
[2023-02-09 18:57:58] dev.INFO: No query results for model [App\Read]. {"url":"http://mp3quran.de/ar/js/DPlayer.min.js.map"} 
[2023-02-09 18:59:26] dev.INFO:  {"url":"http://mp3quran.de/uploads/mpa/lg/atheer.jpg"} 
[2023-02-09 18:59:27] dev.INFO:  {"url":"http://mp3quran.de/uploads/mpa/lg/ma-la-ysaa-atfal-almslmyn-jhlh-01.jpg"} 
[2023-02-09 18:59:27] dev.INFO: No query results for model [App\Read]. {"url":"http://mp3quran.de/ar/js/DPlayer.min.js.map"} 
[2023-02-09 18:59:43] dev.INFO:  {"url":"http://mp3quran.de/uploads/mpa/lg/atheer.jpg"} 
[2023-02-09 18:59:43] dev.INFO:  {"url":"http://mp3quran.de/uploads/mpa/lg/ma-la-ysaa-atfal-almslmyn-jhlh-01.jpg"} 
[2023-02-09 18:59:43] dev.INFO: No query results for model [App\Read]. {"url":"http://mp3quran.de/ar/js/DPlayer.min.js.map"} 
[2023-02-09 18:59:53] dev.INFO:  {"url":"http://mp3quran.de/uploads/mpa/lg/atheer.jpg"} 
[2023-02-09 18:59:53] dev.INFO:  {"url":"http://mp3quran.de/uploads/mpa/lg/ma-la-ysaa-atfal-almslmyn-jhlh-01.jpg"} 
[2023-02-09 18:59:53] dev.INFO: No query results for model [App\Read]. {"url":"http://mp3quran.de/ar/js/DPlayer.min.js.map"} 
[2023-02-09 18:59:55] dev.INFO:  {"url":"http://mp3quran.de/uploads/mpa/lg/atheer.jpg"} 
[2023-02-09 18:59:55] dev.INFO:  {"url":"http://mp3quran.de/uploads/mpa/lg/ma-la-ysaa-atfal-almslmyn-jhlh-01.jpg"} 
[2023-02-09 18:59:56] dev.INFO: No query results for model [App\Read]. {"url":"http://mp3quran.de/ar/js/DPlayer.min.js.map"} 
[2023-02-09 19:00:06] dev.INFO:  {"url":"http://mp3quran.de/uploads/mpa/lg/atheer.jpg"} 
[2023-02-09 19:00:06] dev.INFO:  {"url":"http://mp3quran.de/uploads/mpa/lg/ma-la-ysaa-atfal-almslmyn-jhlh-01.jpg"} 
[2023-02-09 19:00:07] dev.INFO: No query results for model [App\Read]. {"url":"http://mp3quran.de/ar/js/DPlayer.min.js.map"} 
[2023-02-09 19:00:13] dev.INFO:  {"url":"http://mp3quran.de/uploads/mpa/lg/atheer.jpg"} 
[2023-02-09 19:00:13] dev.INFO:  {"url":"http://mp3quran.de/uploads/mpa/lg/ma-la-ysaa-atfal-almslmyn-jhlh-01.jpg"} 
[2023-02-09 19:00:14] dev.INFO: No query results for model [App\Read]. {"url":"http://mp3quran.de/ar/js/DPlayer.min.js.map"} 
[2023-02-09 19:00:24] dev.INFO:  {"url":"http://mp3quran.de/uploads/mpa/lg/atheer.jpg"} 
[2023-02-09 19:00:24] dev.INFO:  {"url":"http://mp3quran.de/uploads/mpa/lg/ma-la-ysaa-atfal-almslmyn-jhlh-01.jpg"} 
[2023-02-09 19:00:24] dev.INFO: No query results for model [App\Read]. {"url":"http://mp3quran.de/ar/js/DPlayer.min.js.map"} 
[2023-02-09 19:00:39] dev.INFO:  {"url":"http://mp3quran.de/uploads/mpa/lg/ma-la-ysaa-atfal-almslmyn-jhlh-01.jpg"} 
[2023-02-09 19:00:39] dev.INFO:  {"url":"http://mp3quran.de/uploads/mpa/lg/atheer.jpg"} 
[2023-02-09 19:00:40] dev.INFO: No query results for model [App\Read]. {"url":"http://mp3quran.de/ar/js/DPlayer.min.js.map"} 
[2023-02-09 19:01:05] dev.INFO:  {"url":"http://mp3quran.de/uploads/mpa/lg/atheer.jpg"} 
[2023-02-09 19:01:05] dev.INFO:  {"url":"http://mp3quran.de/uploads/mpa/lg/ma-la-ysaa-atfal-almslmyn-jhlh-01.jpg"} 
[2023-02-09 19:01:05] dev.INFO: No query results for model [App\Read]. {"url":"http://mp3quran.de/ar/js/DPlayer.min.js.map"} 
[2023-02-09 19:01:15] dev.INFO:  {"url":"http://mp3quran.de/uploads/mpa/lg/atheer.jpg"} 
[2023-02-09 19:01:15] dev.INFO:  {"url":"http://mp3quran.de/uploads/mpa/lg/ma-la-ysaa-atfal-almslmyn-jhlh-01.jpg"} 
[2023-02-09 19:01:15] dev.INFO: No query results for model [App\Read]. {"url":"http://mp3quran.de/ar/js/DPlayer.min.js.map"} 
[2023-02-09 19:01:18] dev.INFO:  {"url":"http://mp3quran.de/uploads/mpa/lg/ma-la-ysaa-atfal-almslmyn-jhlh-01.jpg"} 
[2023-02-09 19:01:18] dev.INFO:  {"url":"http://mp3quran.de/uploads/mpa/lg/atheer.jpg"} 
[2023-02-09 19:01:19] dev.INFO: No query results for model [App\Read]. {"url":"http://mp3quran.de/ar/js/DPlayer.min.js.map"} 
[2023-02-09 19:01:33] dev.INFO:  {"url":"http://mp3quran.de/uploads/mpa/lg/atheer.jpg"} 
[2023-02-09 19:01:33] dev.INFO:  {"url":"http://mp3quran.de/uploads/mpa/lg/ma-la-ysaa-atfal-almslmyn-jhlh-01.jpg"} 
[2023-02-09 19:01:34] dev.INFO: No query results for model [App\Read]. {"url":"http://mp3quran.de/ar/js/DPlayer.min.js.map"} 
[2023-02-09 19:01:47] dev.INFO:  {"url":"http://mp3quran.de/uploads/mpa/lg/atheer.jpg"} 
[2023-02-09 19:01:47] dev.INFO:  {"url":"http://mp3quran.de/uploads/mpa/lg/ma-la-ysaa-atfal-almslmyn-jhlh-01.jpg"} 
[2023-02-09 19:01:47] dev.INFO: No query results for model [App\Read]. {"url":"http://mp3quran.de/ar/js/DPlayer.min.js.map"} 
[2023-02-09 19:06:36] dev.INFO:  {"url":"http://mp3quran.de/uploads/mpa/lg/atheer.jpg"} 
[2023-02-09 19:06:36] dev.INFO:  {"url":"http://mp3quran.de/uploads/mpa/lg/ma-la-ysaa-atfal-almslmyn-jhlh-01.jpg"} 
[2023-02-09 19:06:36] dev.INFO: No query results for model [App\Read]. {"url":"http://mp3quran.de/ar/js/DPlayer.min.js.map"} 
[2023-02-09 19:07:06] dev.INFO:  {"url":"http://mp3quran.de/uploads/mpa/lg/ma-la-ysaa-atfal-almslmyn-jhlh-01.jpg"} 
[2023-02-09 19:07:06] dev.INFO:  {"url":"http://mp3quran.de/uploads/mpa/lg/atheer.jpg"} 
[2023-02-09 19:07:06] dev.INFO: No query results for model [App\Read]. {"url":"http://mp3quran.de/ar/js/DPlayer.min.js.map"} 
[2023-02-09 19:07:46] dev.INFO:  {"url":"http://mp3quran.de/uploads/mpa/lg/atheer.jpg"} 
[2023-02-09 19:07:46] dev.INFO:  {"url":"http://mp3quran.de/uploads/mpa/lg/ma-la-ysaa-atfal-almslmyn-jhlh-01.jpg"} 
[2023-02-09 19:07:46] dev.INFO: No query results for model [App\Read]. {"url":"http://mp3quran.de/ar/js/DPlayer.min.js.map"} 
[2023-02-09 19:07:52] dev.INFO:  {"url":"http://mp3quran.de/uploads/mpa/lg/atheer.jpg"} 
[2023-02-09 19:07:52] dev.INFO:  {"url":"http://mp3quran.de/uploads/mpa/lg/ma-la-ysaa-atfal-almslmyn-jhlh-01.jpg"} 
[2023-02-09 19:07:53] dev.INFO: No query results for model [App\Read]. {"url":"http://mp3quran.de/ar/js/DPlayer.min.js.map"} 
[2023-02-09 19:08:51] dev.INFO:  {"url":"http://mp3quran.de/uploads/mpa/lg/atheer.jpg"} 
[2023-02-09 19:08:51] dev.INFO:  {"url":"http://mp3quran.de/uploads/mpa/lg/ma-la-ysaa-atfal-almslmyn-jhlh-01.jpg"} 
[2023-02-09 19:08:52] dev.INFO: No query results for model [App\Read]. {"url":"http://mp3quran.de/ar/js/hls.js.map"} 
[2023-02-09 19:09:36] dev.INFO:  {"url":"http://mp3quran.de/uploads/mpa/lg/atheer.jpg"} 
[2023-02-09 19:09:36] dev.INFO:  {"url":"http://mp3quran.de/uploads/mpa/lg/ma-la-ysaa-atfal-almslmyn-jhlh-01.jpg"} 
[2023-02-09 19:09:37] dev.INFO: No query results for model [App\Read]. {"url":"http://mp3quran.de/ar/js/hls.js.map"} 
[2023-02-09 19:09:52] dev.INFO:  {"url":"http://mp3quran.de/uploads/mpa/lg/atheer.jpg"} 
[2023-02-09 19:09:52] dev.INFO:  {"url":"http://mp3quran.de/uploads/mpa/lg/ma-la-ysaa-atfal-almslmyn-jhlh-01.jpg"} 
[2023-02-09 19:09:53] dev.INFO: No query results for model [App\Read]. {"url":"http://mp3quran.de/ar/js/hls.js.map"} 
[2023-02-09 19:10:01] dev.INFO:  {"url":"http://mp3quran.de/uploads/mpa/lg/atheer.jpg"} 
[2023-02-09 19:10:01] dev.INFO:  {"url":"http://mp3quran.de/uploads/mpa/lg/ma-la-ysaa-atfal-almslmyn-jhlh-01.jpg"} 
[2023-02-09 19:10:02] dev.INFO: No query results for model [App\Read]. {"url":"http://mp3quran.de/ar/js/hls.js.map"} 
[2023-02-09 19:10:12] dev.INFO:  {"url":"http://mp3quran.de/uploads/mpa/lg/atheer.jpg"} 
[2023-02-09 19:10:12] dev.INFO:  {"url":"http://mp3quran.de/uploads/mpa/lg/ma-la-ysaa-atfal-almslmyn-jhlh-01.jpg"} 
[2023-02-09 19:10:12] dev.INFO: No query results for model [App\Read]. {"url":"http://mp3quran.de/ar/js/hls.js.map"} 
[2023-02-09 19:10:44] dev.INFO:  {"url":"http://mp3quran.de/uploads/mpa/lg/ma-la-ysaa-atfal-almslmyn-jhlh-01.jpg"} 
[2023-02-09 19:10:44] dev.INFO:  {"url":"http://mp3quran.de/uploads/mpa/lg/atheer.jpg"} 
[2023-02-09 19:10:44] dev.INFO: No query results for model [App\Read]. {"url":"http://mp3quran.de/ar/js/hls.js.map"} 
[2023-02-09 19:16:19] dev.INFO:  {"url":"http://mp3quran.de/uploads/mpa/lg/ma-la-ysaa-atfal-almslmyn-jhlh-01.jpg"} 
[2023-02-09 19:16:19] dev.INFO:  {"url":"http://mp3quran.de/uploads/mpa/lg/atheer.jpg"} 
[2023-02-09 19:16:20] dev.INFO: No query results for model [App\Read]. {"url":"http://mp3quran.de/ar/js/DPlayer.min.js.map"} 
[2023-02-09 19:16:36] dev.INFO:  {"url":"http://mp3quran.de/uploads/mpa/lg/ma-la-ysaa-atfal-almslmyn-jhlh-01.jpg"} 
[2023-02-09 19:16:36] dev.INFO:  {"url":"http://mp3quran.de/uploads/mpa/lg/atheer.jpg"} 
[2023-02-09 19:16:37] dev.INFO: No query results for model [App\Read]. {"url":"http://mp3quran.de/ar/js/DPlayer.min.js.map"} 
[2023-02-09 19:16:53] dev.INFO:  {"url":"http://mp3quran.de/uploads/mpa/lg/atheer.jpg"} 
[2023-02-09 19:16:53] dev.INFO:  {"url":"http://mp3quran.de/uploads/mpa/lg/ma-la-ysaa-atfal-almslmyn-jhlh-01.jpg"} 
[2023-02-09 19:16:53] dev.INFO: No query results for model [App\Read]. {"url":"http://mp3quran.de/ar/js/DPlayer.min.js.map"} 
[2023-02-09 19:17:40] dev.INFO:  {"url":"http://mp3quran.de/uploads/mpa/lg/ma-la-ysaa-atfal-almslmyn-jhlh-01.jpg"} 
[2023-02-09 19:17:40] dev.INFO:  {"url":"http://mp3quran.de/uploads/mpa/lg/atheer.jpg"} 
[2023-02-09 19:17:41] dev.INFO: No query results for model [App\Read]. {"url":"http://mp3quran.de/ar/js/DPlayer.min.js.map"} 
