[2022-12-17 00:00:58] dev.INFO:  {"url":"http://mp3quran.de/uploads/mpa/lg/atheer.jpg"} 
[2022-12-17 00:00:58] dev.INFO:  {"url":"http://mp3quran.de/uploads/mpa/lg/ma-la-ysaa-atfal-almslmyn-jhlh-01.jpg"} 
[2022-12-17 00:00:59] dev.INFO: No query results for model [App\Read]. {"url":"http://mp3quran.de/ar/js/trans/text_ar.2.148.js"} 
[2022-12-17 00:00:59] dev.INFO:  {"url":"http://mp3quran.de/uploads/mpa/lg/atheer.jpg"} 
[2022-12-17 00:00:59] dev.INFO:  {"url":"http://mp3quran.de/uploads/mpa/lg/ma-la-ysaa-atfal-almslmyn-jhlh-01.jpg"} 
[2022-12-17 00:01:00] dev.INFO: No query results for model [App\Read]. {"url":"http://mp3quran.de/ar/js/DPlayer.min.js.map"} 
[2022-12-17 00:01:00] dev.INFO: No query results for model [App\Read]. {"url":"http://mp3quran.de/ar/js/index.js.map"} 
[2022-12-17 00:01:06] dev.INFO: No query results for model [App\Read]. {"url":"http://mp3quran.de/ar/js/trans/text_ar.2.148.js"} 
[2022-12-17 00:01:06] dev.INFO:  {"url":"http://mp3quran.de/uploads/mpa/lg/atheer.jpg"} 
[2022-12-17 00:01:06] dev.INFO:  {"url":"http://mp3quran.de/uploads/mpa/lg/ma-la-ysaa-atfal-almslmyn-jhlh-01.jpg"} 
[2022-12-17 00:01:07] dev.INFO: No query results for model [App\Read]. {"url":"http://mp3quran.de/ar/js/DPlayer.min.js.map"} 
[2022-12-17 00:01:07] dev.INFO: No query results for model [App\Read]. {"url":"http://mp3quran.de/ar/js/index.js.map"} 
[2022-12-17 00:01:25] dev.INFO: No query results for model [App\Read]. {"url":"http://mp3quran.de/ar/js/trans/text_ar.2.148.js"} 
[2022-12-17 00:01:26] dev.INFO:  {"url":"http://mp3quran.de/uploads/mpa/lg/ma-la-ysaa-atfal-almslmyn-jhlh-01.jpg"} 
[2022-12-17 00:01:26] dev.INFO:  {"url":"http://mp3quran.de/uploads/mpa/lg/atheer.jpg"} 
[2022-12-17 00:01:26] dev.INFO: No query results for model [App\Read]. {"url":"http://mp3quran.de/ar/js/DPlayer.min.js.map"} 
[2022-12-17 00:01:27] dev.INFO: No query results for model [App\Read]. {"url":"http://mp3quran.de/ar/js/index.js.map"} 
[2022-12-17 00:05:31] dev.INFO: No query results for model [App\Read]. {"url":"http://mp3quran.de/ar/js/trans/text_ar.2.148.js"} 
[2022-12-17 00:05:32] dev.INFO:  {"url":"http://mp3quran.de/uploads/mpa/lg/atheer.jpg"} 
[2022-12-17 00:05:32] dev.INFO:  {"url":"http://mp3quran.de/uploads/mpa/lg/ma-la-ysaa-atfal-almslmyn-jhlh-01.jpg"} 
[2022-12-17 00:05:32] dev.INFO: No query results for model [App\Read]. {"url":"http://mp3quran.de/ar/js/DPlayer.min.js.map"} 
[2022-12-17 00:05:33] dev.INFO: No query results for model [App\Read]. {"url":"http://mp3quran.de/ar/js/index.js.map"} 
[2022-12-17 00:06:55] dev.INFO: No query results for model [App\Read]. {"url":"http://mp3quran.de/ar/js/trans/text_ar.2.148.js"} 
[2022-12-17 00:06:55] dev.INFO:  {"url":"http://mp3quran.de/uploads/mpa/lg/atheer.jpg"} 
[2022-12-17 00:06:55] dev.INFO:  {"url":"http://mp3quran.de/uploads/mpa/lg/ma-la-ysaa-atfal-almslmyn-jhlh-01.jpg"} 
[2022-12-17 00:06:56] dev.INFO: No query results for model [App\Read]. {"url":"http://mp3quran.de/ar/js/DPlayer.min.js.map"} 
[2022-12-17 00:06:56] dev.INFO: No query results for model [App\Read]. {"url":"http://mp3quran.de/ar/js/index.js.map"} 
[2022-12-17 00:09:08] dev.INFO: No query results for model [App\Read]. {"url":"http://mp3quran.de/ar/js/trans/text_ar.2.148.js"} 
[2022-12-17 00:09:08] dev.INFO:  {"url":"http://mp3quran.de/uploads/mpa/lg/ma-la-ysaa-atfal-almslmyn-jhlh-01.jpg"} 
[2022-12-17 00:09:08] dev.INFO:  {"url":"http://mp3quran.de/uploads/mpa/lg/atheer.jpg"} 
[2022-12-17 00:09:09] dev.INFO: No query results for model [App\Read]. {"url":"http://mp3quran.de/ar/js/DPlayer.min.js.map"} 
[2022-12-17 00:09:09] dev.INFO: No query results for model [App\Read]. {"url":"http://mp3quran.de/ar/js/index.js.map"} 
[2022-12-17 00:09:49] dev.INFO: No query results for model [App\Read]. {"url":"http://mp3quran.de/ar/js/trans/text_ar.2.148.js"} 
[2022-12-17 00:09:50] dev.INFO:  {"url":"http://mp3quran.de/uploads/mpa/lg/atheer.jpg"} 
[2022-12-17 00:09:50] dev.INFO:  {"url":"http://mp3quran.de/uploads/mpa/lg/ma-la-ysaa-atfal-almslmyn-jhlh-01.jpg"} 
[2022-12-17 00:09:51] dev.INFO: No query results for model [App\Read]. {"url":"http://mp3quran.de/ar/js/DPlayer.min.js.map"} 
[2022-12-17 00:09:51] dev.INFO: No query results for model [App\Read]. {"url":"http://mp3quran.de/ar/js/index.js.map"} 
[2022-12-17 00:10:48] dev.INFO: No query results for model [App\Read]. {"url":"http://mp3quran.de/ar/js/trans/text_ar.2.148.js"} 
[2022-12-17 00:10:49] dev.INFO:  {"url":"http://mp3quran.de/uploads/mpa/lg/ma-la-ysaa-atfal-almslmyn-jhlh-01.jpg"} 
[2022-12-17 00:10:49] dev.INFO:  {"url":"http://mp3quran.de/uploads/mpa/lg/atheer.jpg"} 
[2022-12-17 00:10:50] dev.INFO: No query results for model [App\Read]. {"url":"http://mp3quran.de/ar/js/DPlayer.min.js.map"} 
[2022-12-17 00:10:50] dev.INFO: No query results for model [App\Read]. {"url":"http://mp3quran.de/ar/js/index.js.map"} 
[2022-12-17 00:11:20] dev.INFO: No query results for model [App\Read]. {"url":"http://mp3quran.de/ar/js/trans/text_ar.2.148.js"} 
[2022-12-17 00:11:21] dev.INFO:  {"url":"http://mp3quran.de/uploads/mpa/lg/ma-la-ysaa-atfal-almslmyn-jhlh-01.jpg"} 
[2022-12-17 00:11:21] dev.INFO:  {"url":"http://mp3quran.de/uploads/mpa/lg/atheer.jpg"} 
[2022-12-17 00:11:22] dev.INFO: No query results for model [App\Read]. {"url":"http://mp3quran.de/ar/js/DPlayer.min.js.map"} 
[2022-12-17 00:11:22] dev.INFO: No query results for model [App\Read]. {"url":"http://mp3quran.de/ar/js/index.js.map"} 
[2022-12-17 00:11:45] dev.INFO: No query results for model [App\Read]. {"url":"http://mp3quran.de/ar/js/trans/text_ar.2.148.js"} 
[2022-12-17 00:11:45] dev.INFO:  {"url":"http://mp3quran.de/uploads/mpa/lg/atheer.jpg"} 
[2022-12-17 00:11:45] dev.INFO:  {"url":"http://mp3quran.de/uploads/mpa/lg/ma-la-ysaa-atfal-almslmyn-jhlh-01.jpg"} 
[2022-12-17 00:11:46] dev.INFO: No query results for model [App\Read]. {"url":"http://mp3quran.de/ar/js/DPlayer.min.js.map"} 
[2022-12-17 00:11:46] dev.INFO: No query results for model [App\Read]. {"url":"http://mp3quran.de/ar/js/index.js.map"} 
[2022-12-17 00:11:55] dev.INFO: No query results for model [App\Read]. {"url":"http://mp3quran.de/ar/js/trans/text_ar.2.148.js"} 
[2022-12-17 00:11:55] dev.INFO:  {"url":"http://mp3quran.de/uploads/mpa/lg/atheer.jpg"} 
[2022-12-17 00:11:55] dev.INFO:  {"url":"http://mp3quran.de/uploads/mpa/lg/ma-la-ysaa-atfal-almslmyn-jhlh-01.jpg"} 
[2022-12-17 00:11:56] dev.INFO: No query results for model [App\Read]. {"url":"http://mp3quran.de/ar/js/DPlayer.min.js.map"} 
[2022-12-17 00:11:56] dev.INFO: No query results for model [App\Read]. {"url":"http://mp3quran.de/ar/js/index.js.map"} 
[2022-12-17 00:13:22] dev.INFO: No query results for model [App\Read]. {"url":"http://mp3quran.de/ar/js/trans/text_ar.2.148.js"} 
[2022-12-17 00:13:22] dev.INFO:  {"url":"http://mp3quran.de/uploads/mpa/lg/atheer.jpg"} 
[2022-12-17 00:13:22] dev.INFO:  {"url":"http://mp3quran.de/uploads/mpa/lg/ma-la-ysaa-atfal-almslmyn-jhlh-01.jpg"} 
[2022-12-17 00:13:23] dev.INFO: No query results for model [App\Read]. {"url":"http://mp3quran.de/ar/js/DPlayer.min.js.map"} 
[2022-12-17 00:13:23] dev.INFO: No query results for model [App\Read]. {"url":"http://mp3quran.de/ar/js/index.js.map"} 
[2022-12-17 00:15:28] dev.INFO: No query results for model [App\Read]. {"url":"http://mp3quran.de/ar/js/trans/text_ar.2.148.js"} 
[2022-12-17 00:15:30] dev.INFO:  {"url":"http://mp3quran.de/uploads/mpa/lg/ma-la-ysaa-atfal-almslmyn-jhlh-01.jpg"} 
[2022-12-17 00:15:31] dev.INFO:  {"url":"http://mp3quran.de/uploads/mpa/lg/atheer.jpg"} 
[2022-12-17 00:15:32] dev.INFO: No query results for model [App\Read]. {"url":"http://mp3quran.de/ar/js/DPlayer.min.js.map"} 
[2022-12-17 00:15:32] dev.INFO: No query results for model [App\Read]. {"url":"http://mp3quran.de/ar/js/index.js.map"} 
[2022-12-17 00:18:55] dev.INFO: No query results for model [App\Read]. {"url":"http://mp3quran.de/ar/js/trans/text_ar.2.148.js"} 
[2022-12-17 00:18:55] dev.INFO:  {"url":"http://mp3quran.de/uploads/mpa/lg/atheer.jpg"} 
[2022-12-17 00:18:55] dev.INFO:  {"url":"http://mp3quran.de/uploads/mpa/lg/ma-la-ysaa-atfal-almslmyn-jhlh-01.jpg"} 
[2022-12-17 00:18:56] dev.INFO: No query results for model [App\Read]. {"url":"http://mp3quran.de/ar/js/DPlayer.min.js.map"} 
[2022-12-17 00:18:56] dev.INFO: No query results for model [App\Read]. {"url":"http://mp3quran.de/ar/js/index.js.map"} 
[2022-12-17 00:19:32] dev.INFO: No query results for model [App\Read]. {"url":"http://mp3quran.de/ar/js/trans/text_ar.2.148.js"} 
[2022-12-17 00:19:32] dev.INFO:  {"url":"http://mp3quran.de/uploads/mpa/lg/ma-la-ysaa-atfal-almslmyn-jhlh-01.jpg"} 
[2022-12-17 00:19:32] dev.INFO:  {"url":"http://mp3quran.de/uploads/mpa/lg/atheer.jpg"} 
[2022-12-17 00:19:33] dev.INFO: No query results for model [App\Read]. {"url":"http://mp3quran.de/ar/js/DPlayer.min.js.map"} 
[2022-12-17 00:19:33] dev.INFO: No query results for model [App\Read]. {"url":"http://mp3quran.de/ar/js/index.js.map"} 
[2022-12-17 00:19:57] dev.INFO: No query results for model [App\Read]. {"url":"http://mp3quran.de/ar/js/trans/text_ar.2.148.js"} 
[2022-12-17 00:19:57] dev.INFO:  {"url":"http://mp3quran.de/uploads/mpa/lg/atheer.jpg"} 
[2022-12-17 00:19:57] dev.INFO:  {"url":"http://mp3quran.de/uploads/mpa/lg/ma-la-ysaa-atfal-almslmyn-jhlh-01.jpg"} 
[2022-12-17 00:19:58] dev.INFO: No query results for model [App\Read]. {"url":"http://mp3quran.de/ar/js/DPlayer.min.js.map"} 
[2022-12-17 00:19:59] dev.INFO: No query results for model [App\Read]. {"url":"http://mp3quran.de/ar/js/index.js.map"} 
[2022-12-17 00:20:02] dev.NOTICE: Error sora Item with read: undefined and sora : 3  
[2022-12-17 00:20:13] dev.NOTICE: Error sora Item with read: undefined and sora : 3  
[2022-12-17 00:20:41] dev.INFO: No query results for model [App\Read]. {"url":"http://mp3quran.de/ar/js/trans/text_ar.2.148.js"} 
[2022-12-17 00:20:41] dev.INFO:  {"url":"http://mp3quran.de/uploads/mpa/lg/ma-la-ysaa-atfal-almslmyn-jhlh-01.jpg"} 
[2022-12-17 00:20:41] dev.INFO:  {"url":"http://mp3quran.de/uploads/mpa/lg/atheer.jpg"} 
[2022-12-17 00:20:42] dev.INFO: No query results for model [App\Read]. {"url":"http://mp3quran.de/ar/js/DPlayer.min.js.map"} 
[2022-12-17 00:20:42] dev.INFO: No query results for model [App\Read]. {"url":"http://mp3quran.de/ar/js/index.js.map"} 
[2022-12-17 00:22:39] dev.INFO: No query results for model [App\Read]. {"url":"http://mp3quran.de/ar/js/trans/text_ar.2.148.js"} 
[2022-12-17 00:22:39] dev.INFO:  {"url":"http://mp3quran.de/uploads/mpa/lg/atheer.jpg"} 
[2022-12-17 00:22:39] dev.INFO:  {"url":"http://mp3quran.de/uploads/mpa/lg/ma-la-ysaa-atfal-almslmyn-jhlh-01.jpg"} 
[2022-12-17 00:22:40] dev.INFO: No query results for model [App\Read]. {"url":"http://mp3quran.de/ar/js/DPlayer.min.js.map"} 
[2022-12-17 00:22:40] dev.INFO: No query results for model [App\Read]. {"url":"http://mp3quran.de/ar/js/index.js.map"} 
