[2023-01-22 18:32:16] dev.INFO:  {"url":"http://mp3quran.de/uploads/mpa/lg/atheer.jpg"} 
[2023-01-22 18:32:16] dev.INFO:  {"url":"http://mp3quran.de/uploads/mpa/lg/ma-la-ysaa-atfal-almslmyn-jhlh-01.jpg"} 
[2023-01-22 18:32:17] dev.INFO: No query results for model [App\Read]. {"url":"http://mp3quran.de/ar/js/DPlayer.min.js.map"} 
[2023-01-22 18:32:20] dev.INFO:  {"url":"http://mp3quran.de/uploads/mpa/lg/ma-la-ysaa-atfal-almslmyn-jhlh-01.jpg"} 
[2023-01-22 18:32:20] dev.INFO:  {"url":"http://mp3quran.de/uploads/mpa/lg/atheer.jpg"} 
[2023-01-22 18:32:21] dev.INFO:  {"url":"http://mp3quran.de/uploads/mpa/lg/atheer.jpg"} 
[2023-01-22 18:32:21] dev.INFO:  {"url":"http://mp3quran.de/uploads/mpa/lg/ma-la-ysaa-atfal-almslmyn-jhlh-01.jpg"} 
[2023-01-22 18:32:34] dev.INFO:  {"url":"http://mp3quran.de/uploads/mpa/lg/atheer.jpg"} 
[2023-01-22 18:32:34] dev.INFO:  {"url":"http://mp3quran.de/uploads/mpa/lg/ma-la-ysaa-atfal-almslmyn-jhlh-01.jpg"} 
[2023-01-22 18:32:34] dev.INFO: No query results for model [App\Read]. {"url":"http://mp3quran.de/ar/js/DPlayer.min.js.map"} 
[2023-01-22 18:32:58] dev.INFO:  {"url":"http://mp3quran.de/uploads/mpa/lg/ma-la-ysaa-atfal-almslmyn-jhlh-01.jpg"} 
[2023-01-22 18:32:58] dev.INFO:  {"url":"http://mp3quran.de/uploads/mpa/lg/atheer.jpg"} 
[2023-01-22 18:32:59] dev.INFO: No query results for model [App\Read]. {"url":"http://mp3quran.de/ar/js/DPlayer.min.js.map"} 
[2023-01-22 18:33:25] dev.INFO:  {"url":"http://mp3quran.de/uploads/mpa/lg/atheer.jpg"} 
[2023-01-22 18:33:25] dev.INFO:  {"url":"http://mp3quran.de/uploads/mpa/lg/ma-la-ysaa-atfal-almslmyn-jhlh-01.jpg"} 
[2023-01-22 18:33:25] dev.INFO: No query results for model [App\Read]. {"url":"http://mp3quran.de/ar/js/DPlayer.min.js.map"} 
[2023-01-22 18:33:33] dev.INFO: No query results for model [App\Read]. {"url":"http://mp3quran.de/ar/plugins/icomoon2/styles.css"} 
[2023-01-22 18:33:37] dev.INFO:  {"url":"http://mp3quran.de/uploads/mpa/lg/ma-la-ysaa-atfal-almslmyn-jhlh-01.jpg"} 
[2023-01-22 18:33:37] dev.INFO:  {"url":"http://mp3quran.de/uploads/mpa/lg/atheer.jpg"} 
[2023-01-22 18:33:37] dev.INFO: No query results for model [App\Read]. {"url":"http://mp3quran.de/ar/js/DPlayer.min.js.map"} 
[2023-01-22 18:33:42] dev.INFO:  {"url":"http://mp3quran.de/uploads/mpa/lg/ma-la-ysaa-atfal-almslmyn-jhlh-01.jpg"} 
[2023-01-22 18:33:42] dev.INFO:  {"url":"http://mp3quran.de/uploads/mpa/lg/atheer.jpg"} 
[2023-01-22 18:33:42] dev.INFO: No query results for model [App\Read]. {"url":"http://mp3quran.de/ar/js/DPlayer.min.js.map"} 
[2023-01-22 18:33:43] dev.INFO:  {"url":"http://mp3quran.de/uploads/mpa/lg/atheer.jpg"} 
[2023-01-22 18:33:43] dev.INFO:  {"url":"http://mp3quran.de/uploads/mpa/lg/ma-la-ysaa-atfal-almslmyn-jhlh-01.jpg"} 
[2023-01-22 18:33:44] dev.INFO: No query results for model [App\Read]. {"url":"http://mp3quran.de/ar/js/DPlayer.min.js.map"} 
[2023-01-22 18:33:47] dev.INFO:  {"url":"http://mp3quran.de/uploads/mpa/lg/atheer.jpg"} 
[2023-01-22 18:33:47] dev.INFO:  {"url":"http://mp3quran.de/uploads/mpa/lg/ma-la-ysaa-atfal-almslmyn-jhlh-01.jpg"} 
[2023-01-22 18:33:47] dev.INFO: No query results for model [App\Read]. {"url":"http://mp3quran.de/ar/js/DPlayer.min.js.map"} 
[2023-01-22 18:34:00] dev.INFO:  {"url":"http://mp3quran.de/uploads/mpa/lg/atheer.jpg"} 
[2023-01-22 18:34:00] dev.INFO:  {"url":"http://mp3quran.de/uploads/mpa/lg/ma-la-ysaa-atfal-almslmyn-jhlh-01.jpg"} 
[2023-01-22 18:34:00] dev.INFO: No query results for model [App\Read]. {"url":"http://mp3quran.de/ar/js/DPlayer.min.js.map"} 
[2023-01-22 18:34:16] dev.INFO:  {"url":"http://mp3quran.de/uploads/mpa/lg/atheer.jpg"} 
[2023-01-22 18:34:16] dev.INFO:  {"url":"http://mp3quran.de/uploads/mpa/lg/ma-la-ysaa-atfal-almslmyn-jhlh-01.jpg"} 
[2023-01-22 18:34:16] dev.INFO: No query results for model [App\Read]. {"url":"http://mp3quran.de/ar/js/DPlayer.min.js.map"} 
[2023-01-22 18:34:44] dev.INFO:  {"url":"http://mp3quran.de/uploads/mpa/lg/ma-la-ysaa-atfal-almslmyn-jhlh-01.jpg"} 
[2023-01-22 18:34:44] dev.INFO:  {"url":"http://mp3quran.de/uploads/mpa/lg/atheer.jpg"} 
[2023-01-22 18:34:44] dev.INFO: No query results for model [App\Read]. {"url":"http://mp3quran.de/ar/js/DPlayer.min.js.map"} 
[2023-01-22 18:35:12] dev.INFO:  {"url":"http://mp3quran.de/uploads/mpa/lg/atheer.jpg"} 
[2023-01-22 18:35:12] dev.INFO:  {"url":"http://mp3quran.de/uploads/mpa/lg/ma-la-ysaa-atfal-almslmyn-jhlh-01.jpg"} 
[2023-01-22 18:35:12] dev.INFO: No query results for model [App\Read]. {"url":"http://mp3quran.de/ar/js/DPlayer.min.js.map"} 
[2023-01-22 18:37:33] dev.INFO:  {"url":"http://mp3quran.de/uploads/mpa/lg/ma-la-ysaa-atfal-almslmyn-jhlh-01.jpg"} 
[2023-01-22 18:37:33] dev.INFO:  {"url":"http://mp3quran.de/uploads/mpa/lg/atheer.jpg"} 
[2023-01-22 18:37:33] dev.INFO: No query results for model [App\Read]. {"url":"http://mp3quran.de/ar/js/DPlayer.min.js.map"} 
[2023-01-22 18:37:51] dev.INFO:  {"url":"http://mp3quran.de/uploads/mpa/lg/ma-la-ysaa-atfal-almslmyn-jhlh-01.jpg"} 
[2023-01-22 18:37:51] dev.INFO:  {"url":"http://mp3quran.de/uploads/mpa/lg/atheer.jpg"} 
[2023-01-22 18:37:53] dev.INFO:  {"url":"http://mp3quran.de/uploads/mpa/lg/ma-la-ysaa-atfal-almslmyn-jhlh-01.jpg"} 
[2023-01-22 18:37:53] dev.INFO:  {"url":"http://mp3quran.de/uploads/mpa/lg/atheer.jpg"} 
[2023-01-22 18:56:08] dev.INFO: No query results for model [App\Read]. {"url":"http://mp3quran.de/ar/js/DPlayer.min.js.map"} 
[2023-01-22 18:56:09] dev.INFO:  {"url":"http://mp3quran.de/uploads/mpa/lg/atheer.jpg"} 
[2023-01-22 18:56:09] dev.INFO:  {"url":"http://mp3quran.de/uploads/mpa/lg/ma-la-ysaa-atfal-almslmyn-jhlh-01.jpg"} 
[2023-01-22 18:58:01] dev.INFO:  {"url":"http://mp3quran.de/uploads/mpa/lg/atheer.jpg"} 
[2023-01-22 18:58:01] dev.INFO:  {"url":"http://mp3quran.de/uploads/mpa/lg/ma-la-ysaa-atfal-almslmyn-jhlh-01.jpg"} 
[2023-01-22 18:58:12] dev.INFO: No query results for model [App\Read]. {"url":"http://mp3quran.de/ar/js/DPlayer.min.js.map"} 
[2023-01-22 18:58:20] dev.INFO:  {"url":"http://mp3quran.de/uploads/mpa/lg/ma-la-ysaa-atfal-almslmyn-jhlh-01.jpg"} 
[2023-01-22 18:58:20] dev.INFO:  {"url":"http://mp3quran.de/uploads/mpa/lg/atheer.jpg"} 
[2023-01-22 18:58:21] dev.INFO: No query results for model [App\Read]. {"url":"http://mp3quran.de/ar/js/DPlayer.min.js.map"} 
[2023-01-22 18:58:59] dev.INFO:  {"url":"http://mp3quran.de/uploads/mpa/lg/ma-la-ysaa-atfal-almslmyn-jhlh-01.jpg"} 
[2023-01-22 18:58:59] dev.INFO:  {"url":"http://mp3quran.de/uploads/mpa/lg/atheer.jpg"} 
[2023-01-22 18:59:01] dev.INFO:  {"url":"http://mp3quran.de/uploads/mpa/lg/ma-la-ysaa-atfal-almslmyn-jhlh-01.jpg"} 
[2023-01-22 18:59:01] dev.INFO:  {"url":"http://mp3quran.de/uploads/mpa/lg/atheer.jpg"} 
[2023-01-22 18:59:01] dev.INFO: No query results for model [App\Read]. {"url":"http://mp3quran.de/ar/js/DPlayer.min.js.map"} 
[2023-01-22 18:59:02] dev.INFO:  {"url":"http://mp3quran.de/uploads/mpa/lg/ma-la-ysaa-atfal-almslmyn-jhlh-01.jpg"} 
[2023-01-22 18:59:02] dev.INFO:  {"url":"http://mp3quran.de/uploads/mpa/lg/atheer.jpg"} 
[2023-01-22 18:59:25] dev.INFO:  {"url":"http://mp3quran.de/uploads/mpa/lg/atheer.jpg"} 
[2023-01-22 18:59:25] dev.INFO:  {"url":"http://mp3quran.de/uploads/mpa/lg/ma-la-ysaa-atfal-almslmyn-jhlh-01.jpg"} 
[2023-01-22 18:59:25] dev.INFO: No query results for model [App\Read]. {"url":"http://mp3quran.de/ar/js/DPlayer.min.js.map"} 
[2023-01-22 18:59:37] dev.INFO:  {"url":"http://mp3quran.de/uploads/mpa/lg/ma-la-ysaa-atfal-almslmyn-jhlh-01.jpg"} 
[2023-01-22 18:59:37] dev.INFO:  {"url":"http://mp3quran.de/uploads/mpa/lg/atheer.jpg"} 
[2023-01-22 18:59:39] dev.INFO:  {"url":"http://mp3quran.de/uploads/mpa/lg/ma-la-ysaa-atfal-almslmyn-jhlh-01.jpg"} 
[2023-01-22 18:59:39] dev.INFO:  {"url":"http://mp3quran.de/uploads/mpa/lg/atheer.jpg"} 
[2023-01-22 18:59:39] dev.INFO: No query results for model [App\Read]. {"url":"http://mp3quran.de/ar/js/DPlayer.min.js.map"} 
[2023-01-22 18:59:54] dev.INFO:  {"url":"http://mp3quran.de/uploads/mpa/lg/atheer.jpg"} 
[2023-01-22 18:59:54] dev.INFO:  {"url":"http://mp3quran.de/uploads/mpa/lg/ma-la-ysaa-atfal-almslmyn-jhlh-01.jpg"} 
[2023-01-22 19:00:09] dev.INFO:  {"url":"http://mp3quran.de/uploads/mpa/lg/ma-la-ysaa-atfal-almslmyn-jhlh-01.jpg"} 
[2023-01-22 19:00:09] dev.INFO:  {"url":"http://mp3quran.de/uploads/mpa/lg/atheer.jpg"} 
[2023-01-22 19:00:10] dev.INFO: No query results for model [App\Read]. {"url":"http://mp3quran.de/ar/js/DPlayer.min.js.map"} 
[2023-01-22 19:01:44] dev.INFO:  {"url":"http://mp3quran.de/uploads/mpa/lg/atheer.jpg"} 
[2023-01-22 19:01:44] dev.INFO:  {"url":"http://mp3quran.de/uploads/mpa/lg/ma-la-ysaa-atfal-almslmyn-jhlh-01.jpg"} 
[2023-01-22 19:01:44] dev.INFO: No query results for model [App\Read]. {"url":"http://mp3quran.de/ar/js/DPlayer.min.js.map"} 
[2023-01-22 19:02:03] dev.INFO:  {"url":"http://mp3quran.de/uploads/mpa/lg/atheer.jpg"} 
[2023-01-22 19:02:03] dev.INFO:  {"url":"http://mp3quran.de/uploads/mpa/lg/ma-la-ysaa-atfal-almslmyn-jhlh-01.jpg"} 
[2023-01-22 19:02:05] dev.INFO:  {"url":"http://mp3quran.de/uploads/mpa/lg/ma-la-ysaa-atfal-almslmyn-jhlh-01.jpg"} 
[2023-01-22 19:02:05] dev.INFO:  {"url":"http://mp3quran.de/uploads/mpa/lg/atheer.jpg"} 
[2023-01-22 19:02:05] dev.INFO: No query results for model [App\Read]. {"url":"http://mp3quran.de/ar/js/DPlayer.min.js.map"} 
[2023-01-22 19:02:12] dev.INFO:  {"url":"http://mp3quran.de/uploads/mpa/lg/ma-la-ysaa-atfal-almslmyn-jhlh-01.jpg"} 
[2023-01-22 19:02:12] dev.INFO:  {"url":"http://mp3quran.de/uploads/mpa/lg/atheer.jpg"} 
[2023-01-22 19:02:27] dev.INFO:  {"url":"http://mp3quran.de/uploads/mpa/lg/atheer.jpg"} 
[2023-01-22 19:02:27] dev.INFO:  {"url":"http://mp3quran.de/uploads/mpa/lg/ma-la-ysaa-atfal-almslmyn-jhlh-01.jpg"} 
[2023-01-22 19:02:28] dev.INFO:  {"url":"http://mp3quran.de/uploads/mpa/lg/atheer.jpg"} 
[2023-01-22 19:02:28] dev.INFO:  {"url":"http://mp3quran.de/uploads/mpa/lg/ma-la-ysaa-atfal-almslmyn-jhlh-01.jpg"} 
[2023-01-22 19:02:28] dev.INFO: No query results for model [App\Read]. {"url":"http://mp3quran.de/ar/js/DPlayer.min.js.map"} 
[2023-01-22 19:02:33] dev.INFO:  {"url":"http://mp3quran.de/uploads/mpa/lg/ma-la-ysaa-atfal-almslmyn-jhlh-01.jpg"} 
[2023-01-22 19:02:33] dev.INFO:  {"url":"http://mp3quran.de/uploads/mpa/lg/atheer.jpg"} 
[2023-01-22 19:04:59] dev.INFO:  {"url":"http://mp3quran.de/uploads/mpa/lg/atheer.jpg"} 
[2023-01-22 19:04:59] dev.INFO:  {"url":"http://mp3quran.de/uploads/mpa/lg/ma-la-ysaa-atfal-almslmyn-jhlh-01.jpg"} 
[2023-01-22 19:04:59] dev.INFO: No query results for model [App\Read]. {"url":"http://mp3quran.de/ar/js/DPlayer.min.js.map"} 
[2023-01-22 19:05:06] dev.INFO:  {"url":"http://mp3quran.de/uploads/mpa/lg/ma-la-ysaa-atfal-almslmyn-jhlh-01.jpg"} 
[2023-01-22 19:05:06] dev.INFO:  {"url":"http://mp3quran.de/uploads/mpa/lg/atheer.jpg"} 
[2023-01-22 19:05:08] dev.INFO:  {"url":"http://mp3quran.de/uploads/mpa/lg/atheer.jpg"} 
[2023-01-22 19:05:08] dev.INFO:  {"url":"http://mp3quran.de/uploads/mpa/lg/ma-la-ysaa-atfal-almslmyn-jhlh-01.jpg"} 
[2023-01-22 19:05:08] dev.INFO: No query results for model [App\Read]. {"url":"http://mp3quran.de/ar/js/DPlayer.min.js.map"} 
[2023-01-22 19:05:09] dev.INFO:  {"url":"http://mp3quran.de/uploads/mpa/lg/atheer.jpg"} 
[2023-01-22 19:05:09] dev.INFO:  {"url":"http://mp3quran.de/uploads/mpa/lg/ma-la-ysaa-atfal-almslmyn-jhlh-01.jpg"} 
[2023-01-22 19:05:34] dev.INFO:  {"url":"http://mp3quran.de/uploads/mpa/lg/atheer.jpg"} 
[2023-01-22 19:05:34] dev.INFO:  {"url":"http://mp3quran.de/uploads/mpa/lg/ma-la-ysaa-atfal-almslmyn-jhlh-01.jpg"} 
[2023-01-22 19:05:35] dev.INFO: No query results for model [App\Read]. {"url":"http://mp3quran.de/ar/js/DPlayer.min.js.map"} 
[2023-01-22 19:08:41] dev.INFO:  {"url":"http://mp3quran.de/uploads/mpa/lg/atheer.jpg"} 
[2023-01-22 19:08:41] dev.INFO:  {"url":"http://mp3quran.de/uploads/mpa/lg/ma-la-ysaa-atfal-almslmyn-jhlh-01.jpg"} 
[2023-01-22 19:08:43] dev.INFO:  {"url":"http://mp3quran.de/uploads/mpa/lg/ma-la-ysaa-atfal-almslmyn-jhlh-01.jpg"} 
[2023-01-22 19:08:43] dev.INFO:  {"url":"http://mp3quran.de/uploads/mpa/lg/atheer.jpg"} 
[2023-01-22 19:08:45] dev.INFO: No query results for model [App\Read]. {"url":"http://mp3quran.de/ar/js/DPlayer.min.js.map"} 
[2023-01-22 19:08:46] dev.INFO:  {"url":"http://mp3quran.de/uploads/mpa/lg/ma-la-ysaa-atfal-almslmyn-jhlh-01.jpg"} 
[2023-01-22 19:08:46] dev.INFO:  {"url":"http://mp3quran.de/uploads/mpa/lg/atheer.jpg"} 
[2023-01-22 19:08:57] dev.INFO:  {"url":"http://mp3quran.de/uploads/mpa/lg/ma-la-ysaa-atfal-almslmyn-jhlh-01.jpg"} 
[2023-01-22 19:08:57] dev.INFO:  {"url":"http://mp3quran.de/uploads/mpa/lg/atheer.jpg"} 
[2023-01-22 19:08:59] dev.INFO:  {"url":"http://mp3quran.de/uploads/mpa/lg/ma-la-ysaa-atfal-almslmyn-jhlh-01.jpg"} 
[2023-01-22 19:08:59] dev.INFO:  {"url":"http://mp3quran.de/uploads/mpa/lg/atheer.jpg"} 
[2023-01-22 19:08:59] dev.INFO: No query results for model [App\Read]. {"url":"http://mp3quran.de/ar/js/DPlayer.min.js.map"} 
[2023-01-22 19:09:00] dev.INFO:  {"url":"http://mp3quran.de/uploads/mpa/lg/ma-la-ysaa-atfal-almslmyn-jhlh-01.jpg"} 
[2023-01-22 19:09:00] dev.INFO:  {"url":"http://mp3quran.de/uploads/mpa/lg/atheer.jpg"} 
[2023-01-22 19:14:58] dev.INFO:  {"url":"http://mp3quran.de/uploads/mpa/lg/atheer.jpg"} 
[2023-01-22 19:14:58] dev.INFO:  {"url":"http://mp3quran.de/uploads/mpa/lg/ma-la-ysaa-atfal-almslmyn-jhlh-01.jpg"} 
[2023-01-22 19:14:59] dev.INFO: No query results for model [App\Read]. {"url":"http://mp3quran.de/ar/js/DPlayer.min.js.map"} 
[2023-01-22 19:15:02] dev.INFO:  {"url":"http://mp3quran.de/uploads/mpa/lg/ma-la-ysaa-atfal-almslmyn-jhlh-01.jpg"} 
[2023-01-22 19:15:02] dev.INFO:  {"url":"http://mp3quran.de/uploads/mpa/lg/atheer.jpg"} 
[2023-01-22 19:15:05] dev.INFO:  {"url":"http://mp3quran.de/uploads/mpa/lg/ma-la-ysaa-atfal-almslmyn-jhlh-01.jpg"} 
[2023-01-22 19:15:05] dev.INFO:  {"url":"http://mp3quran.de/uploads/mpa/lg/atheer.jpg"} 
[2023-01-22 19:15:05] dev.INFO: No query results for model [App\Read]. {"url":"http://mp3quran.de/ar/js/DPlayer.min.js.map"} 
[2023-01-22 19:15:06] dev.INFO:  {"url":"http://mp3quran.de/uploads/mpa/lg/ma-la-ysaa-atfal-almslmyn-jhlh-01.jpg"} 
[2023-01-22 19:15:06] dev.INFO:  {"url":"http://mp3quran.de/uploads/mpa/lg/atheer.jpg"} 
[2023-01-22 19:15:32] dev.INFO:  {"url":"http://mp3quran.de/uploads/mpa/lg/ma-la-ysaa-atfal-almslmyn-jhlh-01.jpg"} 
[2023-01-22 19:15:32] dev.INFO:  {"url":"http://mp3quran.de/uploads/mpa/lg/atheer.jpg"} 
[2023-01-22 19:15:32] dev.INFO: No query results for model [App\Read]. {"url":"http://mp3quran.de/ar/js/DPlayer.min.js.map"} 
[2023-01-22 19:16:14] dev.INFO:  {"url":"http://mp3quran.de/uploads/mpa/lg/atheer.jpg"} 
[2023-01-22 19:16:14] dev.INFO:  {"url":"http://mp3quran.de/uploads/mpa/lg/ma-la-ysaa-atfal-almslmyn-jhlh-01.jpg"} 
[2023-01-22 19:16:15] dev.INFO: No query results for model [App\Read]. {"url":"http://mp3quran.de/ar/js/DPlayer.min.js.map"} 
[2023-01-22 19:16:36] dev.INFO:  {"url":"http://mp3quran.de/uploads/mpa/lg/ma-la-ysaa-atfal-almslmyn-jhlh-01.jpg"} 
[2023-01-22 19:16:36] dev.INFO:  {"url":"http://mp3quran.de/uploads/mpa/lg/atheer.jpg"} 
[2023-01-22 19:16:37] dev.INFO:  {"url":"http://mp3quran.de/uploads/mpa/lg/atheer.jpg"} 
[2023-01-22 19:16:37] dev.INFO:  {"url":"http://mp3quran.de/uploads/mpa/lg/ma-la-ysaa-atfal-almslmyn-jhlh-01.jpg"} 
[2023-01-22 19:16:38] dev.INFO: No query results for model [App\Read]. {"url":"http://mp3quran.de/ar/js/DPlayer.min.js.map"} 
[2023-01-22 19:16:43] dev.INFO:  {"url":"http://mp3quran.de/uploads/mpa/lg/atheer.jpg"} 
[2023-01-22 19:16:43] dev.INFO:  {"url":"http://mp3quran.de/uploads/mpa/lg/ma-la-ysaa-atfal-almslmyn-jhlh-01.jpg"} 
[2023-01-22 19:16:44] dev.INFO:  {"url":"http://mp3quran.de/uploads/mpa/lg/ma-la-ysaa-atfal-almslmyn-jhlh-01.jpg"} 
[2023-01-22 19:16:44] dev.INFO:  {"url":"http://mp3quran.de/uploads/mpa/lg/atheer.jpg"} 
[2023-01-22 19:16:50] dev.INFO:  {"url":"http://mp3quran.de/uploads/mpa/lg/atheer.jpg"} 
[2023-01-22 19:16:50] dev.INFO:  {"url":"http://mp3quran.de/uploads/mpa/lg/ma-la-ysaa-atfal-almslmyn-jhlh-01.jpg"} 
[2023-01-22 19:16:50] dev.INFO: No query results for model [App\Read]. {"url":"http://mp3quran.de/ar/js/DPlayer.min.js.map"} 
[2023-01-22 19:22:14] dev.INFO:  {"url":"http://mp3quran.de/uploads/mpa/lg/ma-la-ysaa-atfal-almslmyn-jhlh-01.jpg"} 
[2023-01-22 19:22:14] dev.INFO:  {"url":"http://mp3quran.de/uploads/mpa/lg/atheer.jpg"} 
[2023-01-22 19:22:14] dev.INFO: No query results for model [App\Read]. {"url":"http://mp3quran.de/ar/js/DPlayer.min.js.map"} 
[2023-01-22 19:22:30] dev.INFO:  {"url":"http://mp3quran.de/uploads/mpa/lg/atheer.jpg"} 
[2023-01-22 19:22:30] dev.INFO:  {"url":"http://mp3quran.de/uploads/mpa/lg/ma-la-ysaa-atfal-almslmyn-jhlh-01.jpg"} 
[2023-01-22 19:22:31] dev.INFO: No query results for model [App\Read]. {"url":"http://mp3quran.de/ar/js/DPlayer.min.js.map"} 
[2023-01-22 19:22:52] dev.INFO:  {"url":"http://mp3quran.de/uploads/mpa/lg/atheer.jpg"} 
[2023-01-22 19:22:52] dev.INFO:  {"url":"http://mp3quran.de/uploads/mpa/lg/ma-la-ysaa-atfal-almslmyn-jhlh-01.jpg"} 
[2023-01-22 19:22:52] dev.INFO: No query results for model [App\Read]. {"url":"http://mp3quran.de/ar/js/DPlayer.min.js.map"} 
[2023-01-22 19:23:43] dev.INFO:  {"url":"http://mp3quran.de/uploads/mpa/lg/ma-la-ysaa-atfal-almslmyn-jhlh-01.jpg"} 
[2023-01-22 19:23:43] dev.INFO:  {"url":"http://mp3quran.de/uploads/mpa/lg/atheer.jpg"} 
[2023-01-22 19:23:44] dev.INFO: No query results for model [App\Read]. {"url":"http://mp3quran.de/ar/js/DPlayer.min.js.map"} 
[2023-01-22 19:26:51] dev.INFO:  {"url":"http://mp3quran.de/uploads/mpa/lg/what-muslim-children-must-know-1.png"} 
[2023-01-22 19:26:51] dev.INFO: No query results for model [App\Read]. {"url":"http://mp3quran.de/eng/js/DPlayer.min.js.map"} 
[2023-01-22 19:28:32] dev.INFO:  {"url":"http://mp3quran.de/uploads/mpa/lg/what-muslim-children-must-know-1.png"} 
[2023-01-22 19:28:32] dev.INFO: No query results for model [App\Read]. {"url":"http://mp3quran.de/eng/js/DPlayer.min.js.map"} 
[2023-01-22 19:28:55] dev.INFO:  {"url":"http://mp3quran.de/uploads/mpa/lg/atheer.jpg"} 
[2023-01-22 19:28:55] dev.INFO:  {"url":"http://mp3quran.de/uploads/mpa/lg/ma-la-ysaa-atfal-almslmyn-jhlh-01.jpg"} 
[2023-01-22 19:28:55] dev.INFO: No query results for model [App\Read]. {"url":"http://mp3quran.de/ar/js/DPlayer.min.js.map"} 
[2023-01-22 19:31:39] dev.INFO:  {"url":"http://mp3quran.de/uploads/mpa/lg/ma-la-ysaa-atfal-almslmyn-jhlh-01.jpg"} 
[2023-01-22 19:31:39] dev.INFO:  {"url":"http://mp3quran.de/uploads/mpa/lg/atheer.jpg"} 
[2023-01-22 19:31:41] dev.INFO:  {"url":"http://mp3quran.de/uploads/mpa/lg/ma-la-ysaa-atfal-almslmyn-jhlh-01.jpg"} 
[2023-01-22 19:31:41] dev.INFO:  {"url":"http://mp3quran.de/uploads/mpa/lg/atheer.jpg"} 
[2023-01-22 19:32:09] dev.INFO:  {"url":"http://mp3quran.de/uploads/mpa/lg/ma-la-ysaa-atfal-almslmyn-jhlh-01.jpg"} 
[2023-01-22 19:32:09] dev.INFO:  {"url":"http://mp3quran.de/uploads/mpa/lg/atheer.jpg"} 
[2023-01-22 19:32:09] dev.INFO: No query results for model [App\Read]. {"url":"http://mp3quran.de/ar/js/DPlayer.min.js.map"} 
[2023-01-22 19:38:15] dev.INFO:  {"url":"http://mp3quran.de/uploads/mpa/lg/atheer.jpg"} 
[2023-01-22 19:38:15] dev.INFO:  {"url":"http://mp3quran.de/uploads/mpa/lg/ma-la-ysaa-atfal-almslmyn-jhlh-01.jpg"} 
[2023-01-22 19:38:24] dev.INFO: No query results for model [App\Read]. {"url":"http://mp3quran.de/ar/js/DPlayer.min.js.map"} 
[2023-01-22 19:38:31] dev.INFO:  {"url":"http://mp3quran.de/uploads/mpa/lg/atheer.jpg"} 
[2023-01-22 19:38:31] dev.INFO:  {"url":"http://mp3quran.de/uploads/mpa/lg/ma-la-ysaa-atfal-almslmyn-jhlh-01.jpg"} 
[2023-01-22 19:38:43] dev.INFO:  {"url":"http://mp3quran.de/uploads/mpa/lg/ma-la-ysaa-atfal-almslmyn-jhlh-01.jpg"} 
[2023-01-22 19:38:43] dev.INFO:  {"url":"http://mp3quran.de/uploads/mpa/lg/atheer.jpg"} 
[2023-01-22 19:38:57] dev.INFO:  {"url":"http://mp3quran.de/uploads/mpa/lg/atheer.jpg"} 
[2023-01-22 19:38:57] dev.INFO:  {"url":"http://mp3quran.de/uploads/mpa/lg/ma-la-ysaa-atfal-almslmyn-jhlh-01.jpg"} 
[2023-01-22 19:39:17] dev.INFO:  {"url":"http://mp3quran.de/uploads/mpa/lg/atheer.jpg"} 
[2023-01-22 19:39:17] dev.INFO:  {"url":"http://mp3quran.de/uploads/mpa/lg/ma-la-ysaa-atfal-almslmyn-jhlh-01.jpg"} 
[2023-01-22 19:39:27] dev.INFO:  {"url":"http://mp3quran.de/uploads/mpa/lg/atheer.jpg"} 
[2023-01-22 19:39:27] dev.INFO:  {"url":"http://mp3quran.de/uploads/mpa/lg/ma-la-ysaa-atfal-almslmyn-jhlh-01.jpg"} 
