[2022-12-25 00:07:09] dev.INFO:  {"url":"http://mp3quran.de/uploads/mpa/lg/atheer.jpg"} 
[2022-12-25 00:07:09] dev.INFO:  {"url":"http://mp3quran.de/uploads/mpa/lg/ma-la-ysaa-atfal-almslmyn-jhlh-01.jpg"} 
[2022-12-25 00:07:10] dev.INFO: No query results for model [App\Video]. {"url":"http://mp3quran.de/ar/video/download/demo.jpg"} 
[2022-12-25 00:07:10] dev.INFO: No query results for model [App\Read]. {"url":"http://mp3quran.de/ar/js/DPlayer.min.js.map"} 
[2022-12-25 00:07:10] dev.INFO: No query results for model [App\Read]. {"url":"http://mp3quran.de/ar/js/index.js.map"} 
[2022-12-25 00:07:42] dev.INFO:  {"url":"http://mp3quran.de/uploads/mpa/lg/atheer.jpg"} 
[2022-12-25 00:07:42] dev.INFO:  {"url":"http://mp3quran.de/uploads/mpa/lg/ma-la-ysaa-atfal-almslmyn-jhlh-01.jpg"} 
[2022-12-25 00:07:43] dev.INFO: No query results for model [App\Video]. {"url":"http://mp3quran.de/ar/video/download/demo.jpg"} 
[2022-12-25 00:07:43] dev.INFO: No query results for model [App\Read]. {"url":"http://mp3quran.de/ar/js/DPlayer.min.js.map"} 
[2022-12-25 00:07:43] dev.INFO: No query results for model [App\Read]. {"url":"http://mp3quran.de/ar/js/index.js.map"} 
[2022-12-25 00:07:55] dev.INFO:  {"url":"http://mp3quran.de/uploads/mpa/lg/ma-la-ysaa-atfal-almslmyn-jhlh-01.jpg"} 
[2022-12-25 00:07:55] dev.INFO:  {"url":"http://mp3quran.de/uploads/mpa/lg/atheer.jpg"} 
[2022-12-25 00:07:56] dev.INFO: No query results for model [App\Video]. {"url":"http://mp3quran.de/ar/video/download/demo.jpg"} 
[2022-12-25 00:07:56] dev.INFO: No query results for model [App\Read]. {"url":"http://mp3quran.de/ar/js/DPlayer.min.js.map"} 
[2022-12-25 00:07:56] dev.INFO: No query results for model [App\Read]. {"url":"http://mp3quran.de/ar/js/index.js.map"} 
[2022-12-25 00:08:13] dev.INFO:  {"url":"http://mp3quran.de/uploads/mpa/lg/ma-la-ysaa-atfal-almslmyn-jhlh-01.jpg"} 
[2022-12-25 00:08:13] dev.INFO:  {"url":"http://mp3quran.de/uploads/mpa/lg/atheer.jpg"} 
[2022-12-25 00:08:14] dev.INFO: No query results for model [App\Video]. {"url":"http://mp3quran.de/ar/video/download/demo.jpg"} 
[2022-12-25 00:08:14] dev.INFO: No query results for model [App\Read]. {"url":"http://mp3quran.de/ar/js/DPlayer.min.js.map"} 
[2022-12-25 00:08:14] dev.INFO: No query results for model [App\Read]. {"url":"http://mp3quran.de/ar/js/index.js.map"} 
[2022-12-25 00:08:46] dev.INFO:  {"url":"http://mp3quran.de/uploads/mpa/lg/ma-la-ysaa-atfal-almslmyn-jhlh-01.jpg"} 
[2022-12-25 00:08:46] dev.INFO:  {"url":"http://mp3quran.de/uploads/mpa/lg/atheer.jpg"} 
[2022-12-25 00:08:47] dev.INFO: No query results for model [App\Video]. {"url":"http://mp3quran.de/ar/video/download/demo.jpg"} 
[2022-12-25 00:08:47] dev.INFO: No query results for model [App\Read]. {"url":"http://mp3quran.de/ar/js/DPlayer.min.js.map"} 
[2022-12-25 00:08:47] dev.INFO: No query results for model [App\Read]. {"url":"http://mp3quran.de/ar/js/index.js.map"} 
[2022-12-25 00:09:36] dev.INFO:  {"url":"http://mp3quran.de/uploads/mpa/lg/ma-la-ysaa-atfal-almslmyn-jhlh-01.jpg"} 
[2022-12-25 00:09:36] dev.INFO:  {"url":"http://mp3quran.de/uploads/mpa/lg/atheer.jpg"} 
[2022-12-25 00:09:37] dev.INFO: No query results for model [App\Video]. {"url":"http://mp3quran.de/ar/video/download/demo.jpg"} 
[2022-12-25 00:09:37] dev.INFO: No query results for model [App\Read]. {"url":"http://mp3quran.de/ar/js/DPlayer.min.js.map"} 
[2022-12-25 00:09:37] dev.INFO: No query results for model [App\Read]. {"url":"http://mp3quran.de/ar/js/index.js.map"} 
[2022-12-25 00:19:31] dev.INFO:  {"url":"http://mp3quran.de/uploads/mpa/lg/atheer.jpg"} 
[2022-12-25 00:19:31] dev.INFO:  {"url":"http://mp3quran.de/uploads/mpa/lg/ma-la-ysaa-atfal-almslmyn-jhlh-01.jpg"} 
[2022-12-25 00:19:32] dev.INFO: No query results for model [App\Video]. {"url":"http://mp3quran.de/ar/video/download/demo.jpg"} 
[2022-12-25 00:19:32] dev.INFO: No query results for model [App\Read]. {"url":"http://mp3quran.de/ar/js/DPlayer.min.js.map"} 
[2022-12-25 00:19:33] dev.INFO: No query results for model [App\Read]. {"url":"http://mp3quran.de/ar/js/index.js.map"} 
[2022-12-25 00:20:30] dev.INFO:  {"url":"http://mp3quran.de/uploads/mpa/lg/atheer.jpg"} 
[2022-12-25 00:20:30] dev.INFO:  {"url":"http://mp3quran.de/uploads/mpa/lg/ma-la-ysaa-atfal-almslmyn-jhlh-01.jpg"} 
[2022-12-25 00:20:31] dev.INFO: No query results for model [App\Video]. {"url":"http://mp3quran.de/ar/video/download/demo.jpg"} 
[2022-12-25 00:20:31] dev.INFO: No query results for model [App\Read]. {"url":"http://mp3quran.de/ar/js/DPlayer.min.js.map"} 
[2022-12-25 00:20:31] dev.INFO: No query results for model [App\Read]. {"url":"http://mp3quran.de/ar/js/index.js.map"} 
[2022-12-25 00:21:00] dev.INFO:  {"url":"http://mp3quran.de/uploads/mpa/lg/ma-la-ysaa-atfal-almslmyn-jhlh-01.jpg"} 
[2022-12-25 00:21:01] dev.INFO:  {"url":"http://mp3quran.de/uploads/mpa/lg/atheer.jpg"} 
[2022-12-25 00:21:01] dev.INFO: No query results for model [App\Video]. {"url":"http://mp3quran.de/ar/video/download/demo.jpg"} 
[2022-12-25 00:21:01] dev.INFO: No query results for model [App\Read]. {"url":"http://mp3quran.de/ar/js/DPlayer.min.js.map"} 
[2022-12-25 00:21:02] dev.INFO: No query results for model [App\Read]. {"url":"http://mp3quran.de/ar/js/index.js.map"} 
[2022-12-25 00:39:38] dev.INFO:  {"url":"http://mp3quran.de/uploads/mpa/lg/atheer.jpg"} 
[2022-12-25 00:39:38] dev.INFO:  {"url":"http://mp3quran.de/uploads/mpa/lg/ma-la-ysaa-atfal-almslmyn-jhlh-01.jpg"} 
[2022-12-25 00:39:39] dev.INFO: No query results for model [App\Video]. {"url":"http://mp3quran.de/ar/video/download/demo.jpg"} 
[2022-12-25 00:39:39] dev.INFO: No query results for model [App\Read]. {"url":"http://mp3quran.de/ar/js/DPlayer.min.js.map"} 
[2022-12-25 00:39:39] dev.INFO: No query results for model [App\Read]. {"url":"http://mp3quran.de/ar/js/index.js.map"} 
[2022-12-25 00:40:32] dev.INFO:  {"url":"http://mp3quran.de/uploads/mpa/lg/ma-la-ysaa-atfal-almslmyn-jhlh-01.jpg"} 
[2022-12-25 00:40:32] dev.INFO:  {"url":"http://mp3quran.de/uploads/mpa/lg/atheer.jpg"} 
[2022-12-25 00:40:33] dev.INFO: No query results for model [App\Video]. {"url":"http://mp3quran.de/ar/video/download/demo.jpg"} 
[2022-12-25 00:40:33] dev.INFO: No query results for model [App\Read]. {"url":"http://mp3quran.de/ar/js/DPlayer.min.js.map"} 
[2022-12-25 00:40:33] dev.INFO: No query results for model [App\Read]. {"url":"http://mp3quran.de/ar/js/index.js.map"} 
[2022-12-25 00:40:42] dev.INFO:  {"url":"http://mp3quran.de/uploads/mpa/lg/atheer.jpg"} 
[2022-12-25 00:40:42] dev.INFO:  {"url":"http://mp3quran.de/uploads/mpa/lg/ma-la-ysaa-atfal-almslmyn-jhlh-01.jpg"} 
[2022-12-25 00:40:43] dev.INFO: No query results for model [App\Video]. {"url":"http://mp3quran.de/ar/video/download/demo.jpg"} 
[2022-12-25 00:40:43] dev.INFO: No query results for model [App\Read]. {"url":"http://mp3quran.de/ar/js/DPlayer.min.js.map"} 
[2022-12-25 00:40:43] dev.INFO: No query results for model [App\Read]. {"url":"http://mp3quran.de/ar/js/index.js.map"} 
[2022-12-25 00:40:59] dev.INFO:  {"url":"http://mp3quran.de/uploads/mpa/lg/atheer.jpg"} 
[2022-12-25 00:40:59] dev.INFO:  {"url":"http://mp3quran.de/uploads/mpa/lg/ma-la-ysaa-atfal-almslmyn-jhlh-01.jpg"} 
[2022-12-25 00:41:00] dev.INFO: No query results for model [App\Video]. {"url":"http://mp3quran.de/ar/video/download/demo.jpg"} 
[2022-12-25 00:41:08] dev.INFO:  {"url":"http://mp3quran.de/uploads/mpa/lg/atheer.jpg"} 
[2022-12-25 00:41:08] dev.INFO:  {"url":"http://mp3quran.de/uploads/mpa/lg/ma-la-ysaa-atfal-almslmyn-jhlh-01.jpg"} 
[2022-12-25 00:41:09] dev.INFO: No query results for model [App\Video]. {"url":"http://mp3quran.de/ar/video/download/demo.jpg"} 
[2022-12-25 00:41:09] dev.INFO: No query results for model [App\Read]. {"url":"http://mp3quran.de/ar/js/DPlayer.min.js.map"} 
[2022-12-25 00:41:09] dev.INFO: No query results for model [App\Read]. {"url":"http://mp3quran.de/ar/js/index.js.map"} 
[2022-12-25 00:44:46] dev.INFO:  {"url":"http://mp3quran.de/uploads/mpa/lg/atheer.jpg"} 
[2022-12-25 00:44:46] dev.INFO:  {"url":"http://mp3quran.de/uploads/mpa/lg/ma-la-ysaa-atfal-almslmyn-jhlh-01.jpg"} 
[2022-12-25 00:44:47] dev.INFO: No query results for model [App\Video]. {"url":"http://mp3quran.de/ar/video/download/demo.jpg"} 
[2022-12-25 00:44:47] dev.INFO: No query results for model [App\Read]. {"url":"http://mp3quran.de/ar/js/DPlayer.min.js.map"} 
[2022-12-25 00:44:47] dev.INFO: No query results for model [App\Read]. {"url":"http://mp3quran.de/ar/js/index.js.map"} 
[2022-12-25 00:44:52] dev.INFO:  {"url":"http://mp3quran.de/uploads/mpa/lg/atheer.jpg"} 
[2022-12-25 00:44:53] dev.INFO:  {"url":"http://mp3quran.de/uploads/mpa/lg/ma-la-ysaa-atfal-almslmyn-jhlh-01.jpg"} 
[2022-12-25 00:44:53] dev.INFO: No query results for model [App\Video]. {"url":"http://mp3quran.de/ar/video/download/demo.jpg"} 
[2022-12-25 00:44:54] dev.INFO: No query results for model [App\Read]. {"url":"http://mp3quran.de/ar/js/DPlayer.min.js.map"} 
[2022-12-25 00:44:54] dev.INFO: No query results for model [App\Read]. {"url":"http://mp3quran.de/ar/js/index.js.map"} 
[2022-12-25 00:45:24] dev.INFO:  {"url":"http://mp3quran.de/uploads/mpa/lg/atheer.jpg"} 
[2022-12-25 00:45:24] dev.INFO:  {"url":"http://mp3quran.de/uploads/mpa/lg/ma-la-ysaa-atfal-almslmyn-jhlh-01.jpg"} 
[2022-12-25 00:45:25] dev.INFO: No query results for model [App\Video]. {"url":"http://mp3quran.de/ar/video/download/demo.jpg"} 
[2022-12-25 00:45:25] dev.INFO: No query results for model [App\Read]. {"url":"http://mp3quran.de/ar/js/DPlayer.min.js.map"} 
[2022-12-25 00:45:25] dev.INFO: No query results for model [App\Read]. {"url":"http://mp3quran.de/ar/js/index.js.map"} 
[2022-12-25 00:47:09] dev.INFO:  {"url":"http://mp3quran.de/uploads/mpa/lg/atheer.jpg"} 
[2022-12-25 00:47:10] dev.INFO:  {"url":"http://mp3quran.de/uploads/mpa/lg/ma-la-ysaa-atfal-almslmyn-jhlh-01.jpg"} 
[2022-12-25 00:47:10] dev.INFO: No query results for model [App\Video]. {"url":"http://mp3quran.de/ar/video/download/demo.jpg"} 
[2022-12-25 00:47:10] dev.INFO: No query results for model [App\Read]. {"url":"http://mp3quran.de/ar/js/DPlayer.min.js.map"} 
[2022-12-25 00:47:11] dev.INFO: No query results for model [App\Read]. {"url":"http://mp3quran.de/ar/js/index.js.map"} 
