[2023-01-18 00:00:02] production.INFO: No query results for model [App\Read]. {"url":"http://mp3quran.net/bs/bsmza/88"} 
[2023-01-18 00:00:08] production.INFO: No query results for model [App\Read]. {"url":"http://mp3quran.net/ar/podcast/ajm.txt"} 
[2023-01-18 00:00:17] production.INFO: No query results for model [App\Read]. {"url":"http://www.mp3quran.net/ar/podcast/ajm.txt"} 
[2023-01-18 00:00:17] production.INFO: No query results for model [App\Read]. {"url":"http://mp3quran.net/ar/podcast/ajm.txt"} 
[2023-01-18 00:00:18] production.INFO: No query results for model [App\Read]. {"url":"http://www.mp3quran.net/ar/podcast/ajm.txt"} 
[2023-01-18 00:00:42] production.INFO: No query results for model [App\Read]. {"url":"http://mp3quran.net/ar/apple-touch-icon-120x120-precomposed.png"} 
[2023-01-18 00:00:56] production.INFO: No query results for model [App\Read]. {"url":"http://mp3quran.net/ar/podcast/ajm.txt"} 
[2023-01-18 00:00:59] production.INFO: No query results for model [App\Read]. {"url":"http://mp3quran.net/ar/podcast/ajm.txt"} 
[2023-01-18 00:01:15] production.INFO: No query results for model [App\Read]. {"url":"http://mp3quran.net/id/idmza/89"} 
[2023-01-18 00:01:16] production.INFO: No query results for model [App\Read]. {"url":"http://mp3quran.net/cn/m_abdelcnkam/107"} 
[2023-01-18 00:01:42] production.INFO: No query results for model [App\Read]. {"url":"http://mp3quran.net/tl/stlheen/34"} 
[2023-01-18 00:01:58] production.INFO: No query results for model [App\Read]. {"url":"http://mp3quran.net/ml/wmle3/35"} 
[2023-01-18 00:02:06] production.INFO: No query results for model [App\Read]. {"url":"http://mp3quran.net/eng/bu"} 
[2023-01-18 00:02:15] production.INFO: No query results for model [App\Read]. {"url":"http://mp3quran.net/tg/shtg/75"} 
[2023-01-18 00:02:19] production.INFO: No query results for model [App\Read]. {"url":"http://mp3quran.net/ha/rehat/76"} 
[2023-01-18 00:02:23] production.INFO: No query results for model [App\Read]. {"url":"http://mp3quran.net/eng/bu"} 
[2023-01-18 00:02:42] production.INFO: No query results for model [App\Read]. {"url":"http://www.mp3quran.net/ar/imges/logo_.gif"} 
[2023-01-18 00:02:43] production.INFO: No query results for model [App\Read]. {"url":"http://mp3quran.net/tr/trfz/111"} 
[2023-01-18 00:02:45] production.INFO: No query results for model [App\Sora]. {"url":"http://mp3quran.net/ml/islam/68"} 
[2023-01-18 00:02:48] production.INFO: No query results for model [App\Read]. {"url":"http://www.mp3quran.net/ar/imges/logo_.gif"} 
[2023-01-18 00:02:51] production.INFO: No query results for model [App\Read]. {"url":"http://www.mp3quran.net/ar/imges/logo_.gif"} 
[2023-01-18 00:02:54] production.INFO: No query results for model [App\Read]. {"url":"http://www.mp3quran.net/ar/imges/logo_.gif"} 
[2023-01-18 00:02:56] production.INFO: No query results for model [App\Read]. {"url":"http://www.mp3quran.net/ar/imges/logo_.gif"} 
[2023-01-18 00:03:01] production.INFO: No query results for model [App\Read]. {"url":"http://www.mp3quran.net/ar/imges/logo_.gif"} 
[2023-01-18 00:03:09] production.INFO: No query results for model [App\Read]. {"url":"http://www.mp3quran.net/ar/images/mp3quran.jpg"} 
[2023-01-18 00:03:09] production.INFO: No query results for model [App\Read]. {"url":"http://www.mp3quran.net/ar/images/mp3quran.jpg"} 
[2023-01-18 00:03:11] production.INFO: No query results for model [App\Read]. {"url":"http://mp3quran.net/ml/shamli/89"} 
[2023-01-18 00:03:14] production.INFO: No query results for model [App\Read]. {"url":"http://mp3quran.net/tl/shatli/81"} 
[2023-01-18 00:03:25] production.INFO: No query results for model [App\Read]. {"url":"http://www.mp3quran.net/ar/imges/logo_.gif"} 
[2023-01-18 00:03:27] production.INFO: No query results for model [App\Read]. {"url":"http://mp3quran.net/tg/tglim/51"} 
[2023-01-18 00:03:31] production.INFO: No query results for model [App\Read]. {"url":"http://www.mp3quran.net/ar/imges/logo_.gif"} 
[2023-01-18 00:03:35] production.INFO: No query results for model [App\Read]. {"url":"http://www.mp3quran.net/ar/imges/logo_.gif"} 
[2023-01-18 00:03:44] production.INFO: No query results for model [App\Read]. {"url":"http://www.mp3quran.net/ar/imges/logo_.gif"} 
[2023-01-18 00:03:55] production.INFO: No query results for model [App\Read]. {"url":"http://www.mp3quran.net/ar/imges/logo_.gif"} 
[2023-01-18 00:03:56] production.INFO: No query results for model [App\Read]. {"url":"http://mp3quran.net/fa/shfa/27"} 
[2023-01-18 00:03:57] production.INFO: No query results for model [App\Read]. {"url":"http://mp3quran.net/cn/shcn/45"} 
[2023-01-18 00:04:01] production.INFO: No query results for model [App\Read]. {"url":"http://www.mp3quran.net/ar/imges/logo_.gif"} 
[2023-01-18 00:04:08] production.INFO: No query results for model [App\Read]. {"url":"http://www.mp3quran.net/ar/images/mp3quran.jpg"} 
[2023-01-18 00:04:13] production.INFO: No query results for model [App\Read]. {"url":"http://mp3quran.net/tr/shtr/38"} 
[2023-01-18 00:04:14] production.INFO: No query results for model [App\Read]. {"url":"http://mp3quran.net/ar/arban/52"} 
[2023-01-18 00:04:14] production.INFO: No query results for model [App\Read]. {"url":"http://mp3quran.net/tl/btli/102"} 
[2023-01-18 00:04:40] production.INFO: No query results for model [App\Read]. {"url":"http://www.mp3quran.net/ar/imges/logo_.gif"} 
[2023-01-18 00:04:45] production.INFO: No query results for model [App\Read]. {"url":"http://www.mp3quran.net/ar/imges/logo_.gif"} 
[2023-01-18 00:04:51] production.INFO: No query results for model [App\Read]. {"url":"http://mp3quran.net/ur/ourmn/41"} 
[2023-01-18 00:04:55] production.INFO: No query results for model [App\Read]. {"url":"http://mp3quran.net/ar/apple-touch-icon-precomposed.png"} 
[2023-01-18 00:04:56] production.INFO: No query results for model [App\Read]. {"url":"http://mp3quran.net/sw/swubti/81"} 
[2023-01-18 00:05:03] production.INFO: No query results for model [App\Read]. {"url":"http://mp3quran.net/tg/hartgi/101"} 
[2023-01-18 00:05:06] production.INFO: No query results for model [App\Read]. {"url":"http://mp3quran.net/ar/podcast/ajm.txt"} 
[2023-01-18 00:05:12] production.INFO: No query results for model [App\Read]. {"url":"http://mp3quran.net/eng/key2islam.gif"} 
[2023-01-18 00:05:12] production.INFO: No query results for model [App\Read]. {"url":"http://mp3quran.net/eng/key2islam.gif"} 
[2023-01-18 00:05:16] production.INFO: No query results for model [App\Read]. {"url":"http://mp3quran.net/ar/sarrekh/88"} 
[2023-01-18 00:05:16] production.INFO: No query results for model [App\Read]. {"url":"http://mp3quran.net/cn/scnmrani/105"} 
[2023-01-18 00:05:16] production.INFO: No query results for model [App\Read]. {"url":"http://www.mp3quran.net/ar/imges/logo_.gif"} 
[2023-01-18 00:05:16] production.INFO: No query results for model [App\Read]. {"url":"http://mp3quran.net/de/defz/75"} 
[2023-01-18 00:05:22] production.INFO: No query results for model [App\Read]. {"url":"http://www.mp3quran.net/ar/images/mp3quran.jpg"} 
[2023-01-18 00:05:45] production.INFO: No query results for model [App\Read]. {"url":"http://www.mp3quran.net/ar/imges/logo_.gif"} 
[2023-01-18 00:06:25] production.INFO: No query results for model [App\Read]. {"url":"http://mp3quran.net/de/deni/92"} 
[2023-01-18 00:06:25] production.INFO: No query results for model [App\Read]. {"url":"http://mp3quran.net/ug/wuge3/77"} 
[2023-01-18 00:06:27] production.INFO: No query results for model [App\Read]. {"url":"http://mp3quran.net/eng/engfz/29"} 
[2023-01-18 00:06:34] production.INFO: No query results for model [App\Read]. {"url":"http://www.mp3quran.net/ar/apple-touch-icon-120x120-precomposed.png"} 
[2023-01-18 00:06:45] production.INFO: No query results for model [App\Read]. {"url":"http://mp3quran.net/bs/m_bskani/83"} 
[2023-01-18 00:06:50] production.INFO: No query results for model [App\Read]. {"url":"http://www.mp3quran.net/ar/imges/logo_.gif"} 
[2023-01-18 00:07:05] production.INFO: No query results for model [App\Read]. {"url":"http://www.mp3quran.net/ar/imges/logo_.gif"} 
[2023-01-18 00:07:19] production.INFO: No query results for model [App\Read]. {"url":"http://mp3quran.net/sw/kswlf/79"} 
[2023-01-18 00:07:20] production.INFO: No query results for model [App\Read]. {"url":"http://mp3quran.net/ml/a_mlaiyd/86"} 
[2023-01-18 00:07:23] production.INFO: No query results for model [App\Read]. {"url":"http://mp3quran.net/ar/podcast/ajm.txt"} 
[2023-01-18 00:07:24] production.INFO: No query results for model [App\Read]. {"url":"http://www.mp3quran.net/ar/imges/logo_.gif"} 
[2023-01-18 00:07:31] production.INFO: No query results for model [App\Read]. {"url":"http://www.mp3quran.net/ar/imges/logo_.gif"} 
[2023-01-18 00:07:32] production.INFO: No query results for model [App\Read]. {"url":"http://www.mp3quran.net/ar/images/mp3quran.jpg"} 
[2023-01-18 00:07:47] production.INFO: No query results for model [App\Read]. {"url":"http://www.mp3quran.net/ar/thekeytoislam.gif"} 
[2023-01-18 00:07:58] production.INFO: No query results for model [App\Read]. {"url":"http://www.mp3quran.net/ar/imges/logo_.gif"} 
[2023-01-18 00:08:04] production.INFO: No query results for model [App\Read]. {"url":"http://mp3quran.net/ar/app-ads.txt"} 
[2023-01-18 00:08:05] production.INFO: No query results for model [App\Read]. {"url":"http://mp3quran.net/bs/bsrthi/104"} 
[2023-01-18 00:08:05] production.INFO: No query results for model [App\Sora]. {"url":"http://www.mp3quran.net/ml/islam/68"} 
[2023-01-18 00:08:24] production.INFO: No query results for model [App\Read]. {"url":"http://www.mp3quran.net/ar/podcast/ajm.txt"} 
[2023-01-18 00:08:26] production.INFO: No query results for model [App\Read]. {"url":"http://www.mp3quran.net/ar/imges/logo_.gif"} 
[2023-01-18 00:08:27] production.INFO: No query results for model [App\Read]. {"url":"http://mp3quran.net/ar/podcast/ajm.txt"} 
[2023-01-18 00:08:28] production.INFO: No query results for model [App\Read]. {"url":"http://www.mp3quran.net/ar/podcast/ajm.txt"} 
[2023-01-18 00:08:29] production.INFO: No query results for model [App\Read]. {"url":"http://www.mp3quran.net/ar/podcast/ajm.txt"} 
[2023-01-18 00:08:29] production.INFO: No query results for model [App\Read]. {"url":"http://www.mp3quran.net/ar/podcast/ajm.txt"} 
[2023-01-18 00:08:32] production.INFO: No query results for model [App\Read]. {"url":"http://mp3quran.net/fa/efaawi/14"} 
[2023-01-18 00:08:32] production.INFO: No query results for model [App\Read]. {"url":"http://mp3quran.net/tg/rastgd/16"} 
[2023-01-18 00:08:32] production.INFO: No query results for model [App\Read]. {"url":"http://mp3quran.net/de/shadei/39"} 
[2023-01-18 00:08:35] production.INFO: No query results for model [App\Read]. {"url":"http://www.mp3quran.net/ar/imges/logo_.gif"} 
[2023-01-18 00:08:39] production.INFO: No query results for model [App\Read]. {"url":"http://www.mp3quran.net/ar/imges/logo_.gif"} 
[2023-01-18 00:08:55] production.INFO: No query results for model [App\Read]. {"url":"http://mp3quran.net/ar/podcast/ajm.txt"} 
[2023-01-18 00:09:19] production.INFO: No query results for model [App\Read]. {"url":"http://mp3quran.net/bn/mribni/7"} 
[2023-01-18 00:09:20] production.INFO: No query results for model [App\Read]. {"url":"http://mp3quran.net/de/kden/94"} 
[2023-01-18 00:09:21] production.INFO: No query results for model [App\Read]. {"url":"http://www.mp3quran.net/ar/imges/logo_.gif"} 
[2023-01-18 00:09:32] production.INFO: No query results for model [App\Read]. {"url":"http://www.mp3quran.net/ar/images/mp3quran.jpg"} 
[2023-01-18 00:09:41] production.INFO: No query results for model [App\Read]. {"url":"http://www.mp3quran.net/ar/images/mp3quran.jpg"} 
[2023-01-18 00:09:45] production.INFO: No query results for model [App\Read]. {"url":"http://www.mp3quran.net/ar/images/mp3quran.jpg"} 
[2023-01-18 00:09:45] production.INFO: No query results for model [App\Read]. {"url":"http://mp3quran.net/pt/mustapt/48"} 
[2023-01-18 00:09:47] production.INFO: No query results for model [App\Read]. {"url":"http://mp3quran.net/tr/strkoor/99"} 
[2023-01-18 00:10:01] production.INFO: No query results for model [App\Read]. {"url":"http://www.mp3quran.net/ar/podcast/ajm.txt"} 
[2023-01-18 00:10:02] production.INFO: No query results for model [App\Read]. {"url":"http://www.mp3quran.net/ar/podcast/ajm.txt"} 
[2023-01-18 00:10:03] production.INFO: No query results for model [App\Read]. {"url":"http://www.mp3quran.net/ar/podcast/ajm.txt"} 
[2023-01-18 00:10:09] production.INFO: No query results for model [App\Read]. {"url":"http://www.mp3quran.net/ar/images/quraan-logo.png"} 
[2023-01-18 00:10:12] production.INFO: No query results for model [App\Read]. {"url":"http://www.mp3quran.net/ar/imges/logo_.gif"} 
[2023-01-18 00:10:13] production.INFO: No query results for model [App\Read]. {"url":"http://www.mp3quran.net/ar/imges/logo_.gif"} 
[2023-01-18 00:10:14] production.INFO: No query results for model [App\Read]. {"url":"http://mp3quran.net/tl/bu_khtl/82"} 
[2023-01-18 00:10:17] production.INFO: No query results for model [App\Read]. {"url":"http://www.mp3quran.net/ar/images/quraan-logo.png"} 
[2023-01-18 00:10:24] production.INFO: No query results for model [App\Read]. {"url":"http://www.mp3quran.net/ar/images/header-bg.jpg"} 
[2023-01-18 00:10:58] production.INFO: No query results for model [App\Sora]. {"url":"http://mp3quran.net/ur/mansor/41"} 
[2023-01-18 00:10:59] production.INFO: No query results for model [App\Read]. {"url":"http://www.mp3quran.net/ar/images/quraan-logo.png"} 
[2023-01-18 00:11:06] production.INFO: No query results for model [App\Sora]. {"url":"http://mp3quran.net/fr/darweez/91"} 
[2023-01-18 00:11:16] production.INFO: No query results for model [App\Read]. {"url":"http://mp3quran.net/ar/apple-touch-icon-precomposed.png"} 
[2023-01-18 00:11:18] production.INFO: No query results for model [App\Read]. {"url":"http://mp3quran.net/ar/apple-touch-icon-152x152-precomposed.png"} 
[2023-01-18 00:11:18] production.INFO: No query results for model [App\Read]. {"url":"http://mp3quran.net/ar/apple-touch-icon-152x152-precomposed.png"} 
[2023-01-18 00:11:20] production.INFO: No query results for model [App\Read]. {"url":"http://www.mp3quran.net/ar/images/quraan-logo.png"} 
[2023-01-18 00:11:24] production.INFO: No query results for model [App\Read]. {"url":"http://www.mp3quran.net/ar/images/header-bg.jpg"} 
[2023-01-18 00:11:25] production.INFO: No query results for model [App\Read]. {"url":"http://www.mp3quran.net/ar/images/quraan-logo.png"} 
[2023-01-18 00:11:28] production.INFO: No query results for model [App\Read]. {"url":"http://mp3quran.net/tr/ktrlf/37"} 
[2023-01-18 00:11:46] production.INFO: No query results for model [App\Read]. {"url":"http://www.mp3quran.net/ar/apple-touch-icon-120x120-precomposed.png"} 
[2023-01-18 00:12:05] production.INFO: No query results for model [App\Read]. {"url":"http://mp3quran.net/fa/wfabi/29"} 
[2023-01-18 00:12:34] production.INFO: No query results for model [App\Read]. {"url":"http://mp3quran.net/fr/kfrn/29"} 
[2023-01-18 00:12:34] production.INFO: No query results for model [App\Read]. {"url":"http://mp3quran.net/fr/pfrhawa/65"} 
[2023-01-18 00:12:35] production.INFO: No query results for model [App\Read]. {"url":"http://mp3quran.net/ru/zaru/83"} 
[2023-01-18 00:12:50] production.INFO: No query results for model [App\Read]. {"url":"http://mp3quran.net/bs/a_tbski/24"} 
[2023-01-18 00:13:02] production.INFO: No query results for model [App\Read]. {"url":"http://www.mp3quran.net/ar/images/mp3quran.jpg"} 
[2023-01-18 00:13:04] production.INFO: No query results for model [App\Read]. {"url":"http://mp3quran.net/ml/alsmlik/44"} 
[2023-01-18 00:13:05] production.INFO: No query results for model [App\Read]. {"url":"http://www.mp3quran.net/ar/images/mp3quran.jpg"} 
[2023-01-18 00:13:07] production.INFO: No query results for model [App\Read]. {"url":"http://www.mp3quran.net/ar/images/header-bg.jpg"} 
[2023-01-18 00:13:08] production.INFO: No query results for model [App\Read]. {"url":"http://www.mp3quran.net/ar/podcast/ajm.txt"} 
[2023-01-18 00:13:09] production.INFO: CSRF token mismatch. {"url":"http://mp3quran.net/ar/ajax/favorites"} 
[2023-01-18 00:13:11] production.INFO: No query results for model [App\Read]. {"url":"http://www.mp3quran.net/ar/images/mp3quran.jpg"} 
[2023-01-18 00:13:12] production.INFO: No query results for model [App\Read]. {"url":"http://www.mp3quran.net/ar/podcast/ajm.txt"} 
[2023-01-18 00:13:12] production.INFO: No query results for model [App\Read]. {"url":"http://www.mp3quran.net/ar/podcast/ajm.txt"} 
[2023-01-18 00:13:16] production.INFO: No query results for model [App\Read]. {"url":"http://mp3quran.net/eng/pesengwa/67"} 
[2023-01-18 00:13:21] production.INFO: No query results for model [App\Read]. {"url":"http://www.mp3quran.net/ar/images/header-bg.jpg"} 
[2023-01-18 00:13:28] production.INFO: No query results for model [App\Read]. {"url":"http://mp3quran.net/ar/apple-touch-icon-120x120-precomposed.png"} 
[2023-01-18 00:13:39] production.INFO: No query results for model [App\Read]. {"url":"http://www.mp3quran.net/ar/soufi-hfs/24"} 
[2023-01-18 00:13:54] production.INFO: No query results for model [App\Read]. {"url":"http://mp3quran.net/ar/podcast/ajm.txt"} 
[2023-01-18 00:13:55] production.INFO: No query results for model [App\Read]. {"url":"http://mp3quran.org/ar/wp-includes/wlwmanifest.xml"} 
[2023-01-18 00:13:56] production.INFO: No query results for model [App\Read]. {"url":"http://mp3quran.org/ar/blog/wp-includes/wlwmanifest.xml"} 
[2023-01-18 00:13:56] production.INFO: No query results for model [App\Read]. {"url":"http://mp3quran.org/ar/web/wp-includes/wlwmanifest.xml"} 
[2023-01-18 00:13:56] production.INFO: No query results for model [App\Read]. {"url":"http://mp3quran.org/ar/wordpress/wp-includes/wlwmanifest.xml"} 
[2023-01-18 00:13:57] production.INFO: No query results for model [App\Read]. {"url":"http://mp3quran.org/ar/website/wp-includes/wlwmanifest.xml"} 
[2023-01-18 00:13:57] production.INFO: No query results for model [App\Read]. {"url":"http://mp3quran.org/ar/wp/wp-includes/wlwmanifest.xml"} 
[2023-01-18 00:13:57] production.INFO: No query results for model [App\Read]. {"url":"http://mp3quran.org/ar/news/wp-includes/wlwmanifest.xml"} 
[2023-01-18 00:13:58] production.INFO: No query results for model [App\Read]. {"url":"http://mp3quran.org/ar/2018/wp-includes/wlwmanifest.xml"} 
[2023-01-18 00:13:58] production.INFO: No query results for model [App\Read]. {"url":"http://mp3quran.org/ar/2019/wp-includes/wlwmanifest.xml"} 
[2023-01-18 00:13:58] production.INFO: No query results for model [App\Read]. {"url":"http://mp3quran.org/ar/shop/wp-includes/wlwmanifest.xml"} 
[2023-01-18 00:13:58] production.INFO: No query results for model [App\Read]. {"url":"http://mp3quran.org/ar/wp1/wp-includes/wlwmanifest.xml"} 
[2023-01-18 00:13:59] production.INFO: No query results for model [App\Read]. {"url":"http://mp3quran.org/ar/test/wp-includes/wlwmanifest.xml"} 
[2023-01-18 00:13:59] production.INFO: No query results for model [App\Read]. {"url":"http://mp3quran.org/ar/media/wp-includes/wlwmanifest.xml"} 
[2023-01-18 00:13:59] production.INFO: No query results for model [App\Read]. {"url":"http://mp3quran.org/ar/wp2/wp-includes/wlwmanifest.xml"} 
[2023-01-18 00:14:00] production.INFO: No query results for model [App\Read]. {"url":"http://mp3quran.org/ar/site/wp-includes/wlwmanifest.xml"} 
[2023-01-18 00:14:00] production.INFO: No query results for model [App\Read]. {"url":"http://mp3quran.org/ar/cms/wp-includes/wlwmanifest.xml"} 
[2023-01-18 00:14:00] production.INFO: No query results for model [App\Read]. {"url":"http://mp3quran.org/ar/sito/wp-includes/wlwmanifest.xml"} 
[2023-01-18 00:14:07] production.INFO: No query results for model [App\Read]. {"url":"http://mp3quran.net/fa/ofamn/83"} 
[2023-01-18 00:14:08] production.INFO: No query results for model [App\Read]. {"url":"http://mp3quran.net/ru/ruteh/53"} 
[2023-01-18 00:14:14] production.INFO: No query results for model [App\Read]. {"url":"http://mp3quran.net/pt/ptubti/36"} 
[2023-01-18 00:14:14] production.INFO: No query results for model [App\Sora]. {"url":"http://mp3quran.net/fr/darweez/77"} 
[2023-01-18 00:14:15] production.INFO: No query results for model [App\Read]. {"url":"http://mp3quran.net/ml/pesmlwa/45"} 
[2023-01-18 00:14:22] production.INFO: No query results for model [App\Read]. {"url":"http://mp3quran.net/fa/sfaksh/114"} 
[2023-01-18 00:14:24] production.INFO: No query results for model [App\Read]. {"url":"http://www.mp3quran.net/ar/imges/logo_.gif"} 
[2023-01-18 00:14:33] production.INFO: No query results for model [App\Read]. {"url":"http://mp3quran.net/ml/a_bukmlri/77"} 
[2023-01-18 00:14:33] production.INFO: No query results for model [App\Read]. {"url":"http://mp3quran.net/ur/urmza/114"} 
[2023-01-18 00:14:33] production.INFO: No query results for model [App\Read]. {"url":"http://mp3quran.net/fr/kfrdi/75"} 
[2023-01-18 00:14:45] production.INFO: No query results for model [App\Read]. {"url":"http://mp3quran.net/cn/zacn/98"} 
[2023-01-18 00:14:45] production.INFO: No query results for model [App\Read]. {"url":"http://mp3quran.net/fa/wfabi/25"} 
[2023-01-18 00:14:52] production.INFO: No query results for model [App\Read]. {"url":"http://mp3quran.net/index.php/ug/sugtri/102"} 
[2023-01-18 00:15:03] production.INFO: No query results for model [App\Read]. {"url":"http://mp3quran.net/ml/rasmld/14"} 
[2023-01-18 00:15:10] production.INFO: No query results for model [App\Read]. {"url":"http://mp3quran.net/ar/podcast/ajm.txt"} 
[2023-01-18 00:15:14] production.INFO: No query results for model [App\Read]. {"url":"http://mp3quran.net/fa/fani/107"} 
[2023-01-18 00:15:14] production.INFO: No query results for model [App\Read]. {"url":"http://mp3quran.net/ar/apple-touch-icon-120x120-precomposed.png"} 
[2023-01-18 00:15:40] production.INFO: No query results for model [App\Read]. {"url":"http://www.mp3quran.net/ar/imges/logo_.gif"} 
[2023-01-18 00:15:57] production.INFO: No query results for model [App\Read]. {"url":"http://mp3quran.net/es/esmza/97"} 
[2023-01-18 00:16:07] production.INFO: No query results for model [App\Read]. {"url":"http://mp3quran.net/ar/podcast/ajm.txt"} 
[2023-01-18 00:16:39] production.INFO: No query results for model [App\Read]. {"url":"http://www.mp3quran.net/ar/apple-touch-icon-120x120-precomposed.png"} 
[2023-01-18 00:16:42] production.INFO: No query results for model [App\Read]. {"url":"http://mp3quran.net/sw/okassw/17"} 
[2023-01-18 00:16:57] production.INFO: No query results for model [App\Read]. {"url":"http://mp3quran.net/ar/ads.txt"} 
[2023-01-18 00:16:57] production.INFO: No query results for model [App\Read]. {"url":"http://mp3quran.net/ar/app-ads.txt"} 
[2023-01-18 00:16:57] production.INFO: No query results for model [App\Read]. {"url":"http://mp3quran.net/ar/ads.txt"} 
[2023-01-18 00:16:58] production.INFO: No query results for model [App\Read]. {"url":"http://www.mp3quran.net/ar/ads.txt"} 
[2023-01-18 00:16:59] production.INFO: No query results for model [App\Read]. {"url":"http://www.mp3quran.net/ar/ads.txt"} 
[2023-01-18 00:17:02] production.INFO: No query results for model [App\Read]. {"url":"http://www.mp3quran.net/ar/images/mp3quran.jpg"} 
[2023-01-18 00:17:12] production.INFO: No query results for model [App\Read]. {"url":"http://www.mp3quran.net/ar/frs"} 
[2023-01-18 00:17:14] production.INFO: No query results for model [App\Read]. {"url":"http://www.mp3quran.net/ar/apple-touch-icon-120x120-precomposed.png"} 
[2023-01-18 00:17:30] production.INFO: No query results for model [App\Read]. {"url":"http://mp3quran.net/es/hesfi/28"} 
[2023-01-18 00:17:48] production.INFO: No query results for model [App\Read]. {"url":"http://www.mp3quran.net/ar/apple-touch-icon-152x152-precomposed.png"} 
[2023-01-18 00:18:21] production.INFO: No query results for model [App\Read]. {"url":"http://mp3quran.net/ur/zaur/42"} 
[2023-01-18 00:18:22] production.INFO: No query results for model [App\Read]. {"url":"http://mp3quran.net/fa/bsfa/60"} 
[2023-01-18 00:18:27] production.INFO: No query results for model [App\Read]. {"url":"http://mp3quran.net/tr/trubti/56"} 
[2023-01-18 00:18:33] production.INFO: No query results for model [App\Read]. {"url":"http://www.mp3quran.net/ar/apple-touch-icon-120x120-precomposed.png"} 
[2023-01-18 00:18:46] production.INFO: No query results for model [App\Read]. {"url":"http://mp3quran.net/pt/shapti/62"} 
[2023-01-18 00:19:09] production.INFO: No query results for model [App\Read]. {"url":"http://mp3quran.net/ml/mljjaj/63"} 
[2023-01-18 00:19:09] production.INFO: No query results for model [App\Read]. {"url":"http://mp3quran.net/bn/okasbn/89"} 
[2023-01-18 00:19:10] production.INFO: No query results for model [App\Read]. {"url":"http://mp3quran.net/tg/stgtri/82"} 
[2023-01-18 00:19:10] production.INFO: No query results for model [App\Read]. {"url":"http://mp3quran.net/de/defr/41"} 
[2023-01-18 00:19:12] production.INFO: No query results for model [App\Read]. {"url":"http://mp3quran.net/tr/hartri/23"} 
[2023-01-18 00:19:39] production.INFO: No query results for model [App\Read]. {"url":"http://mp3quran.net/cn/qcni/83"} 
[2023-01-18 00:19:54] production.INFO: No query results for model [App\Read]. {"url":"http://mp3quran.net/cn/bcni/97"} 
[2023-01-18 00:19:56] production.INFO: No query results for model [App\Read]. {"url":"http://www.mp3quran.net/ar/images/mp3quran.jpg"} 
[2023-01-18 00:20:00] production.INFO: CSRF token mismatch. {"url":"http://mp3quran.net/ar/ajax/favorites"} 
[2023-01-18 00:20:03] production.INFO: No query results for model [App\Read]. {"url":"http://mp3quran.net/ar/se/brazzers-free-porn"} 
[2023-01-18 00:20:03] production.INFO: No query results for model [App\Read]. {"url":"http://mp3quran.net/tg/qtgi/94"} 
[2023-01-18 00:20:28] production.INFO: No query results for model [App\Read]. {"url":"http://mp3quran.net/tl/tlfz/72"} 
[2023-01-18 00:20:44] production.INFO: No query results for model [App\Sora]. {"url":"http://mp3quran.net/ur/refat/99"} 
[2023-01-18 00:20:45] production.INFO: No query results for model [App\Read]. {"url":"http://mp3quran.net/es/mesod"} 
[2023-01-18 00:20:55] production.INFO: No query results for model [App\Read]. {"url":"http://mp3quran.net/ar/nuaris/93"} 
[2023-01-18 00:21:01] production.INFO: No query results for model [App\Read]. {"url":"http://www.mp3quran.net/ar/images/header-bg.jpg"} 
[2023-01-18 00:21:20] production.INFO: No query results for model [App\Read]. {"url":"http://mp3quran.net/tr/trbdan/17"} 
[2023-01-18 00:21:21] production.INFO: No query results for model [App\Read]. {"url":"http://www.mp3quran.net/ar/images/mp3quran.jpg"} 
[2023-01-18 00:21:21] production.INFO: No query results for model [App\Read]. {"url":"http://mp3quran.net/pt/sptheen/31"} 
[2023-01-18 00:21:25] production.INFO: No query results for model [App\Read]. {"url":"http://mp3quran.net/ar/undefined"} 
[2023-01-18 00:21:31] production.INFO: No query results for model [App\Read]. {"url":"http://mp3quran.net/ar/undefined"} 
[2023-01-18 00:21:36] production.INFO: No query results for model [App\Read]. {"url":"http://mp3quran.net/ar/apple-touch-icon-120x120-precomposed.png"} 
[2023-01-18 00:21:36] production.INFO: No query results for model [App\Read]. {"url":"http://mp3quran.net/fa/faa_mjwd/50"} 
[2023-01-18 00:21:38] production.INFO: No query results for model [App\Sora]. {"url":"http://mp3quran.net/ar/balilah/undefined"} 
[2023-01-18 00:21:42] production.INFO: No query results for model [App\Read]. {"url":"http://www.mp3quran.net/ar/fb.png"} 
[2023-01-18 00:21:43] production.INFO: No query results for model [App\Read]. {"url":"http://www.mp3quran.net/ar/images/mp3quran.jpg"} 
[2023-01-18 00:21:48] production.INFO: No query results for model [App\Read]. {"url":"http://mp3quran.net/ar/undefined"} 
[2023-01-18 00:21:51] production.INFO: No query results for model [App\Read]. {"url":"http://mp3quran.net/ar/undefined"} 
[2023-01-18 00:21:55] production.INFO: No query results for model [App\Read]. {"url":"http://mp3quran.net/ar/undefined"} 
[2023-01-18 00:22:21] production.INFO: No query results for model [App\Read]. {"url":"http://www.mp3quran.net/ar/images/mp3quran.jpg"} 
[2023-01-18 00:22:21] production.INFO: No query results for model [App\Read]. {"url":"http://www.mp3quran.net/ar/imges/logo_.gif"} 
[2023-01-18 00:22:26] production.INFO: No query results for model [App\Read]. {"url":"http://www.mp3quran.net/ar/imges/logo_.gif"} 
[2023-01-18 00:22:36] production.INFO: No query results for model [App\Read]. {"url":"http://mp3quran.net/ar/ads.txt"} 
[2023-01-18 00:22:37] production.INFO: No query results for model [App\Read]. {"url":"http://mp3quran.net/ar/ads.txt"} 
[2023-01-18 00:22:37] production.INFO: No query results for model [App\Read]. {"url":"http://www.mp3quran.net/ar/ads.txt"} 
[2023-01-18 00:22:38] production.INFO: No query results for model [App\Read]. {"url":"http://www.mp3quran.net/ar/ads.txt"} 
[2023-01-18 00:22:39] production.INFO: No query results for model [App\Read]. {"url":"http://mp3quran.net/tl/wtle3/84"} 
[2023-01-18 00:22:39] production.INFO: No query results for model [App\Read]. {"url":"http://mp3quran.net/fr/ahmad_hufr/45"} 
[2023-01-18 00:22:42] production.INFO: No query results for model [App\Read]. {"url":"http://www.mp3quran.net/ar/images/mp3quran.jpg"} 
[2023-01-18 00:22:43] production.INFO: No query results for model [App\Read]. {"url":"http://mp3quran.net/ar/podcast/ajm.txt"} 
[2023-01-18 00:22:43] production.INFO: No query results for model [App\Read]. {"url":"http://mp3quran.net/fa/fajjaj/12/2"} 
[2023-01-18 00:23:07] production.INFO: No query results for model [App\Read]. {"url":"http://mp3quran.net/fr/frwaz/55"} 
[2023-01-18 00:23:25] production.INFO: No query results for model [App\Read]. {"url":"http://mp3quran.net/ur/wure3/37"} 
[2023-01-18 00:23:36] production.INFO: No query results for model [App\Read]. {"url":"http://mp3quran.net/ar/apple-touch-icon-120x120-precomposed.png"} 
[2023-01-18 00:23:51] production.INFO: No query results for model [App\Read]. {"url":"http://www.mp3quran.net/ar/images/mp3quran.jpg"} 
[2023-01-18 00:23:55] production.INFO: No query results for model [App\Read]. {"url":"http://www.mp3quran.net/ar/images/mp3quran.jpg"} 
[2023-01-18 00:24:00] production.INFO: No query results for model [App\Read]. {"url":"http://mp3quran.net/ar/ads.txt"} 
[2023-01-18 00:24:01] production.INFO: No query results for model [App\Read]. {"url":"http://mp3quran.net/ar/ads.txt"} 
[2023-01-18 00:24:02] production.INFO: No query results for model [App\Read]. {"url":"http://www.mp3quran.net/ar/ads.txt"} 
[2023-01-18 00:24:02] production.INFO: No query results for model [App\Read]. {"url":"http://www.mp3quran.net/ar/ads.txt"} 
[2023-01-18 00:24:07] production.INFO: No query results for model [App\Read]. {"url":"http://www.mp3quran.net/ar/fb.png"} 
[2023-01-18 00:24:09] production.INFO: No query results for model [App\Read]. {"url":"http://mp3quran.net/ar/apple-touch-icon-120x120-precomposed.png"} 
[2023-01-18 00:24:17] production.INFO: No query results for model [App\Read]. {"url":"http://www.mp3quran.net/ar/podcast/ajm.txt"} 
[2023-01-18 00:24:18] production.INFO: No query results for model [App\Read]. {"url":"http://www.mp3quran.net/ar/podcast/ajm.txt"} 
[2023-01-18 00:24:19] production.INFO: No query results for model [App\Read]. {"url":"http://www.mp3quran.net/ar/podcast/ajm.txt"} 
[2023-01-18 00:24:27] production.INFO:  {"url":"http://mp3quran.net/eng//sami_dosr_english.html"} 
[2023-01-18 00:24:35] production.INFO: No query results for model [App\Read]. {"url":"http://www.mp3quran.net/ar/images/mp3quran.jpg"} 
[2023-01-18 00:24:38] production.INFO: No query results for model [App\Read]. {"url":"http://mp3quran.net/bn/rasbnd/90"} 
[2023-01-18 00:24:39] production.INFO: No query results for model [App\Read]. {"url":"http://mp3quran.net/fr/shfr/61"} 
[2023-01-18 00:24:41] production.INFO: The POST method is not supported for this route. Supported methods: GET, HEAD. {"url":"http://www.mp3quran.net"} 
[2023-01-18 00:24:55] production.INFO: No query results for model [App\Read]. {"url":"http://mp3quran.net/tl/ahmad_hutl/42"} 
[2023-01-18 00:24:56] production.INFO: No query results for model [App\Read]. {"url":"http://mp3quran.net/ur/surksh/3"} 
[2023-01-18 00:25:48] production.INFO: No query results for model [App\Read]. {"url":"http://www.mp3quran.net/ar/fb.png"} 
[2023-01-18 00:26:28] production.INFO: No query results for model [App\Video]. {"url":"http://mp3quran.net/ar/video/demo.jpg"} 
[2023-01-18 00:26:39] production.INFO: No query results for model [App\Read]. {"url":"http://mp3quran.net/ar/apple-touch-icon-120x120-precomposed.png"} 
[2023-01-18 00:27:11] production.INFO: No query results for model [App\Read]. {"url":"http://mp3quran.net/ar/apple-touch-icon-120x120-precomposed.png"} 
[2023-01-18 00:27:43] production.INFO: No query results for model [App\Read]. {"url":"http://www.mp3quran.net/ar/ibrahim_dosri_warsh/25"} 
[2023-01-18 00:28:41] production.INFO: No query results for model [App\Read]. {"url":"http://www.mp3quran.net/ar/podcast/ajm.txt"} 
[2023-01-18 00:28:42] production.INFO: No query results for model [App\Read]. {"url":"http://www.mp3quran.net/ar/podcast/ajm.txt"} 
[2023-01-18 00:28:43] production.INFO: No query results for model [App\Read]. {"url":"http://www.mp3quran.net/ar/podcast/ajm.txt"} 
[2023-01-18 00:29:14] production.INFO: No query results for model [App\Read]. {"url":"http://www.mp3quran.net/ar/images/header-bg.jpg"} 
[2023-01-18 00:29:32] production.INFO: No query results for model [App\Read]. {"url":"http://mp3quran.net/tl/wtle3/59"} 
[2023-01-18 00:29:37] production.INFO: No query results for model [App\Read]. {"url":"http://mp3quran.net/fa/sfamrani/6"} 
[2023-01-18 00:29:48] production.INFO: No query results for model [App\Read]. {"url":"http://mp3quran.net/ar/podcast/ajm.txt"} 
[2023-01-18 00:29:49] production.INFO: No query results for model [App\Read]. {"url":"http://mp3quran.net/ar/ads.txt"} 
[2023-01-18 00:29:50] production.INFO: No query results for model [App\Read]. {"url":"http://mp3quran.net/ar/ads.txt"} 
[2023-01-18 00:29:53] production.INFO: No query results for model [App\Read]. {"url":"http://www.mp3quran.net/ar/apple-touch-icon-120x120-precomposed.png"} 
[2023-01-18 00:30:10] production.INFO: No query results for model [App\Read]. {"url":"http://mp3quran.net/ar/podcast/ajm.txt"} 
[2023-01-18 00:30:44] production.INFO: No query results for model [App\Read]. {"url":"http://www.mp3quran.net/ar/imges/logo_.gif"} 
[2023-01-18 00:31:12] production.INFO: No query results for model [App\Read]. {"url":"http://www.mp3quran.net/ar/podcast/ajm.txt"} 
[2023-01-18 00:31:20] production.INFO: No query results for model [App\Video]. {"url":"http://mp3quran.net/ar/video/demo.jpg"} 
[2023-01-18 00:31:22] production.INFO: No query results for model [App\Video]. {"url":"http://mp3quran.net/ar/video/thumbnails.jpg"} 
[2023-01-18 00:31:31] production.INFO: No query results for model [App\Read]. {"url":"http://www.mp3quran.net/ar/imges/logo_.gif"} 
[2023-01-18 00:31:34] production.INFO: No query results for model [App\Read]. {"url":"http://www.mp3quran.net/ar/images/mp3quran.jpg"} 
[2023-01-18 00:31:47] production.INFO: No query results for model [App\Read]. {"url":"http://www.mp3quran.net/ar/imges/logo_.gif"} 
[2023-01-18 00:31:55] production.INFO: No query results for model [App\Video]. {"url":"http://mp3quran.net/ar/video/demo.jpg"} 
[2023-01-18 00:32:27] production.INFO: No query results for model [App\Read]. {"url":"http://mp3quran.net/tr/Otrmn/4"} 
[2023-01-18 00:32:50] production.INFO: No query results for model [App\Read]. {"url":"http://www.mp3quran.net/cn/soufi-hfs/11"} 
[2023-01-18 00:32:58] production.INFO: No query results for model [App\Read]. {"url":"http://www.mp3quran.net/ar/images/quraan-logo.png"} 
[2023-01-18 00:33:11] production.INFO: No query results for model [App\Read]. {"url":"http://www.mp3quran.net/ar/images/mp3quran.jpg"} 
[2023-01-18 00:33:13] production.INFO: No query results for model [App\Read]. {"url":"http://mp3quran.net/index.php/sw/mustasw/20"} 
[2023-01-18 00:33:20] production.INFO: No query results for model [App\Read]. {"url":"http://mp3quran.net/pt/pesptwa/67"} 
[2023-01-18 00:33:30] production.INFO: No query results for model [App\Read]. {"url":"http://mp3quran.net/ar/thekeytoislam.gif"} 
[2023-01-18 00:33:30] production.INFO: No query results for model [App\Read]. {"url":"http://mp3quran.net/ar/thekeytoislam.gif"} 
[2023-01-18 00:33:38] production.INFO: No query results for model [App\Read]. {"url":"http://mp3quran.net/th/kthdi/41"} 
[2023-01-18 00:33:38] production.INFO: No query results for model [App\Read]. {"url":"http://mp3quran.net/tg/wtge3/44"} 
[2023-01-18 00:33:39] production.INFO: No query results for model [App\Read]. {"url":"http://mp3quran.net/th/thwashi/19"} 
[2023-01-18 00:33:39] production.INFO: No query results for model [App\Read]. {"url":"http://mp3quran.net/tr/trmza/88"} 
[2023-01-18 00:33:59] production.INFO: No query results for model [App\Read]. {"url":"http://www.mp3quran.net/ar/podcast/ajm.txt"} 
[2023-01-18 00:33:59] production.INFO: No query results for model [App\Read]. {"url":"http://mp3quran.net/ar/cart.json"} 
[2023-01-18 00:35:10] production.INFO: No query results for model [App\Read]. {"url":"http://mp3quran.net/ar/podcast/ajm.txt"} 
[2023-01-18 00:35:43] production.INFO: No query results for model [App\Read]. {"url":"http://www.mp3quran.net/ar/torrent/announce"} 
[2023-01-18 00:35:46] production.INFO: No query results for model [App\Read]. {"url":"http://mp3quran.net/eng/engmza/27"} 
[2023-01-18 00:35:47] production.INFO: No query results for model [App\Read]. {"url":"http://mp3quran.net/eng/sheng/75/13"} 
[2023-01-18 00:35:48] production.INFO: No query results for model [App\Read]. {"url":"http://mp3quran.net/ml/rasmld/53"} 
[2023-01-18 00:35:57] production.INFO: No query results for model [App\Read]. {"url":"http://mp3quran.net/th/shathi/43"} 
[2023-01-18 00:36:00] production.INFO: No query results for model [App\Read]. {"url":"http://www.mp3quran.net/ar/imges/logo_.gif"} 
[2023-01-18 00:36:02] production.INFO: No query results for model [App\Read]. {"url":"http://www.mp3quran.net/ar/images/mp3quran.jpg"} 
[2023-01-18 00:36:12] production.INFO: No query results for model [App\Read]. {"url":"http://mp3quran.net/ml/mllim/10"} 
[2023-01-18 00:36:17] production.INFO: No query results for model [App\Read]. {"url":"http://mp3quran.net/tr/otrmn/86"} 
[2023-01-18 00:36:32] production.INFO: No query results for model [App\Read]. {"url":"http://mp3quran.net/sw/mriswi/104"} 
[2023-01-18 00:36:32] production.INFO: No query results for model [App\Read]. {"url":"http://mp3quran.net/sw/sswksh/69"} 
[2023-01-18 00:36:32] production.INFO: No query results for model [App\Read]. {"url":"http://mp3quran.net/tg/tgzza/25"} 
[2023-01-18 00:36:35] production.INFO: No query results for model [App\Read]. {"url":"http://www.mp3quran.net/ar/apple-touch-icon-120x120-precomposed.png"} 
[2023-01-18 00:36:35] production.INFO: No query results for model [App\Read]. {"url":"http://www.mp3quran.net/ar/imges/logo_.gif"} 
[2023-01-18 00:36:42] production.INFO: No query results for model [App\Read]. {"url":"http://mp3quran.net/cn/shacni/22"} 
[2023-01-18 00:36:44] production.INFO: No query results for model [App\Read]. {"url":"http://www.mp3quran.net/ar/images/header-bg.jpg"} 
[2023-01-18 00:36:49] production.INFO: No query results for model [App\Read]. {"url":"http://mp3quran.net/ml/mlfr/78"} 
[2023-01-18 00:36:50] production.INFO: No query results for model [App\Read]. {"url":"http://mp3quran.net/ug/shug/37/97"} 
[2023-01-18 00:36:52] production.INFO: No query results for model [App\Read]. {"url":"http://mp3quran.net/ar/s"} 
[2023-01-18 00:37:19] production.INFO: No query results for model [App\Read]. {"url":"http://mp3quran.net/ar/podcast/ajm.txt"} 
[2023-01-18 00:37:49] production.INFO: No query results for model [App\Read]. {"url":"http://mp3quran.net/ru/a_bukruri/52"} 
[2023-01-18 00:38:06] production.INFO: No query results for model [App\Read]. {"url":"http://mp3quran.net/cn/kcndi/57"} 
[2023-01-18 00:38:08] production.INFO: No query results for model [App\Read]. {"url":"http://mp3quran.net/id/idjjaj/68/41"} 
[2023-01-18 00:38:09] production.INFO: No query results for model [App\Read]. {"url":"http://www.mp3quran.net/ar/images/mp3quran.jpg"} 
